sd	x1,56(x2)
x0=0 x1=0x0 x2=0x2aaaab2aa9b0 x3=0x0 x4=0x0 x5=0x0 x6=0x0 x7=0x0 x8=0x0 x9=0x0 x10=0x0 x11=0x0 x12=0x0 x13=0x0 x14=0x0 x15=0x0 x16=0x0 x17=0x0 x18=0x0 x19=0x0 x20=0x0 x21=0x0 x22=0x0 x23=0x0 x24=0x0 x25=0x0 x26=0x0 x27=0x0 x28=0x0 x29=0x0 x30=0x0 x31=0x0 
sd	x8,48(x2)
x0=0 x1=0x0 x2=0x2aaaab2aa9b0 x3=0x0 x4=0x0 x5=0x0 x6=0x0 x7=0x0 x8=0x0 x9=0x0 x10=0x0 x11=0x0 x12=0x0 x13=0x0 x14=0x0 x15=0x0 x16=0x0 x17=0x0 x18=0x0 x19=0x0 x20=0x0 x21=0x0 x22=0x0 x23=0x0 x24=0x0 x25=0x0 x26=0x0 x27=0x0 x28=0x0 x29=0x0 x30=0x0 x31=0x0 
addi	x8,x2,64
x0=0 x1=0x0 x2=0x2aaaab2aa9b0 x3=0x0 x4=0x0 x5=0x0 x6=0x0 x7=0x0 x8=0x0 x9=0x0 x10=0x0 x11=0x0 x12=0x0 x13=0x0 x14=0x0 x15=0x0 x16=0x0 x17=0x0 x18=0x0 x19=0x0 x20=0x0 x21=0x0 x22=0x0 x23=0x0 x24=0x0 x25=0x0 x26=0x0 x27=0x0 x28=0x0 x29=0x0 x30=0x0 x31=0x0 
li	x15,3
x0=0 x1=0x0 x2=0x2aaaab2aa9b0 x3=0x0 x4=0x0 x5=0x0 x6=0x0 x7=0x0 x8=0x2aaaab2aa9f0 x9=0x0 x10=0x0 x11=0x0 x12=0x0 x13=0x0 x14=0x0 x15=0x0 x16=0x0 x17=0x0 x18=0x0 x19=0x0 x20=0x0 x21=0x0 x22=0x0 x23=0x0 x24=0x0 x25=0x0 x26=0x0 x27=0x0 x28=0x0 x29=0x0 x30=0x0 x31=0x0 
sw	x15,-20(x8)
x0=0 x1=0x0 x2=0x2aaaab2aa9b0 x3=0x0 x4=0x0 x5=0x0 x6=0x0 x7=0x0 x8=0x2aaaab2aa9f0 x9=0x0 x10=0x0 x11=0x0 x12=0x0 x13=0x0 x14=0x0 x15=0x3 x16=0x0 x17=0x0 x18=0x0 x19=0x0 x20=0x0 x21=0x0 x22=0x0 x23=0x0 x24=0x0 x25=0x0 x26=0x0 x27=0x0 x28=0x0 x29=0x0 x30=0x0 x31=0x0 
li	x15,4
x0=0 x1=0x0 x2=0x2aaaab2aa9b0 x3=0x0 x4=0x0 x5=0x0 x6=0x0 x7=0x0 x8=0x2aaaab2aa9f0 x9=0x0 x10=0x0 x11=0x0 x12=0x0 x13=0x0 x14=0x0 x15=0x3 x16=0x0 x17=0x0 x18=0x0 x19=0x0 x20=0x0 x21=0x0 x22=0x0 x23=0x0 x24=0x0 x25=0x0 x26=0x0 x27=0x0 x28=0x0 x29=0x0 x30=0x0 x31=0x0 
sw	x15,-24(x8)
x0=0 x1=0x0 x2=0x2aaaab2aa9b0 x3=0x0 x4=0x0 x5=0x0 x6=0x0 x7=0x0 x8=0x2aaaab2aa9f0 x9=0x0 x10=0x0 x11=0x0 x12=0x0 x13=0x0 x14=0x0 x15=0x4 x16=0x0 x17=0x0 x18=0x0 x19=0x0 x20=0x0 x21=0x0 x22=0x0 x23=0x0 x24=0x0 x25=0x0 x26=0x0 x27=0x0 x28=0x0 x29=0x0 x30=0x0 x31=0x0 
lw	x15,-20(x8)
x0=0 x1=0x0 x2=0x2aaaab2aa9b0 x3=0x0 x4=0x0 x5=0x0 x6=0x0 x7=0x0 x8=0x2aaaab2aa9f0 x9=0x0 x10=0x0 x11=0x0 x12=0x0 x13=0x0 x14=0x0 x15=0x4 x16=0x0 x17=0x0 x18=0x0 x19=0x0 x20=0x0 x21=0x0 x22=0x0 x23=0x0 x24=0x0 x25=0x0 x26=0x0 x27=0x0 x28=0x0 x29=0x0 x30=0x0 x31=0x0 
sext.w	x14,a5
x0=0 x1=0x0 x2=0x2aaaab2aa9b0 x3=0x0 x4=0x0 x5=0x0 x6=0x0 x7=0x0 x8=0x2aaaab2aa9f0 x9=0x0 x10=0x0 x11=0x0 x12=0x0 x13=0x0 x14=0x0 x15=0x3 x16=0x0 x17=0x0 x18=0x0 x19=0x0 x20=0x0 x21=0x0 x22=0x0 x23=0x0 x24=0x0 x25=0x0 x26=0x0 x27=0x0 x28=0x0 x29=0x0 x30=0x0 x31=0x0 
lw	x15,-24(x8)
x0=0 x1=0x0 x2=0x2aaaab2aa9b0 x3=0x0 x4=0x0 x5=0x0 x6=0x0 x7=0x0 x8=0x2aaaab2aa9f0 x9=0x0 x10=0x0 x11=0x0 x12=0x0 x13=0x0 x14=0x3 x15=0x3 x16=0x0 x17=0x0 x18=0x0 x19=0x0 x20=0x0 x21=0x0 x22=0x0 x23=0x0 x24=0x0 x25=0x0 x26=0x0 x27=0x0 x28=0x0 x29=0x0 x30=0x0 x31=0x0 
sext.w	x15,a5
x0=0 x1=0x0 x2=0x2aaaab2aa9b0 x3=0x0 x4=0x0 x5=0x0 x6=0x0 x7=0x0 x8=0x2aaaab2aa9f0 x9=0x0 x10=0x0 x11=0x0 x12=0x0 x13=0x0 x14=0x3 x15=0x4 x16=0x0 x17=0x0 x18=0x0 x19=0x0 x20=0x0 x21=0x0 x22=0x0 x23=0x0 x24=0x0 x25=0x0 x26=0x0 x27=0x0 x28=0x0 x29=0x0 x30=0x0 x31=0x0 
addw	x15,x15,a4
x0=0 x1=0x0 x2=0x2aaaab2aa9b0 x3=0x0 x4=0x0 x5=0x0 x6=0x0 x7=0x0 x8=0x2aaaab2aa9f0 x9=0x0 x10=0x0 x11=0x0 x12=0x0 x13=0x0 x14=0x3 x15=0x4 x16=0x0 x17=0x0 x18=0x0 x19=0x0 x20=0x0 x21=0x0 x22=0x0 x23=0x0 x24=0x0 x25=0x0 x26=0x0 x27=0x0 x28=0x0 x29=0x0 x30=0x0 x31=0x0 
sext.w	x15,a5
x0=0 x1=0x0 x2=0x2aaaab2aa9b0 x3=0x0 x4=0x0 x5=0x0 x6=0x0 x7=0x0 x8=0x2aaaab2aa9f0 x9=0x0 x10=0x0 x11=0x0 x12=0x0 x13=0x0 x14=0x3 x15=0x7 x16=0x0 x17=0x0 x18=0x0 x19=0x0 x20=0x0 x21=0x0 x22=0x0 x23=0x0 x24=0x0 x25=0x0 x26=0x0 x27=0x0 x28=0x0 x29=0x0 x30=0x0 x31=0x0 
sw	x15,-28(x8)
x0=0 x1=0x0 x2=0x2aaaab2aa9b0 x3=0x0 x4=0x0 x5=0x0 x6=0x0 x7=0x0 x8=0x2aaaab2aa9f0 x9=0x0 x10=0x0 x11=0x0 x12=0x0 x13=0x0 x14=0x3 x15=0x7 x16=0x0 x17=0x0 x18=0x0 x19=0x0 x20=0x0 x21=0x0 x22=0x0 x23=0x0 x24=0x0 x25=0x0 x26=0x0 x27=0x0 x28=0x0 x29=0x0 x30=0x0 x31=0x0 
lw	x15,-28(x8)
x0=0 x1=0x0 x2=0x2aaaab2aa9b0 x3=0x0 x4=0x0 x5=0x0 x6=0x0 x7=0x0 x8=0x2aaaab2aa9f0 x9=0x0 x10=0x0 x11=0x0 x12=0x0 x13=0x0 x14=0x3 x15=0x7 x16=0x0 x17=0x0 x18=0x0 x19=0x0 x20=0x0 x21=0x0 x22=0x0 x23=0x0 x24=0x0 x25=0x0 x26=0x0 x27=0x0 x28=0x0 x29=0x0 x30=0x0 x31=0x0 
sext.w	x14,a5
x0=0 x1=0x0 x2=0x2aaaab2aa9b0 x3=0x0 x4=0x0 x5=0x0 x6=0x0 x7=0x0 x8=0x2aaaab2aa9f0 x9=0x0 x10=0x0 x11=0x0 x12=0x0 x13=0x0 x14=0x3 x15=0x7 x16=0x0 x17=0x0 x18=0x0 x19=0x0 x20=0x0 x21=0x0 x22=0x0 x23=0x0 x24=0x0 x25=0x0 x26=0x0 x27=0x0 x28=0x0 x29=0x0 x30=0x0 x31=0x0 
lw	x15,-20(x8)
x0=0 x1=0x0 x2=0x2aaaab2aa9b0 x3=0x0 x4=0x0 x5=0x0 x6=0x0 x7=0x0 x8=0x2aaaab2aa9f0 x9=0x0 x10=0x0 x11=0x0 x12=0x0 x13=0x0 x14=0x7 x15=0x7 x16=0x0 x17=0x0 x18=0x0 x19=0x0 x20=0x0 x21=0x0 x22=0x0 x23=0x0 x24=0x0 x25=0x0 x26=0x0 x27=0x0 x28=0x0 x29=0x0 x30=0x0 x31=0x0 
sext.w	x15,a5
x0=0 x1=0x0 x2=0x2aaaab2aa9b0 x3=0x0 x4=0x0 x5=0x0 x6=0x0 x7=0x0 x8=0x2aaaab2aa9f0 x9=0x0 x10=0x0 x11=0x0 x12=0x0 x13=0x0 x14=0x7 x15=0x3 x16=0x0 x17=0x0 x18=0x0 x19=0x0 x20=0x0 x21=0x0 x22=0x0 x23=0x0 x24=0x0 x25=0x0 x26=0x0 x27=0x0 x28=0x0 x29=0x0 x30=0x0 x31=0x0 
subw	x15,x14,a5
x0=0 x1=0x0 x2=0x2aaaab2aa9b0 x3=0x0 x4=0x0 x5=0x0 x6=0x0 x7=0x0 x8=0x2aaaab2aa9f0 x9=0x0 x10=0x0 x11=0x0 x12=0x0 x13=0x0 x14=0x7 x15=0x3 x16=0x0 x17=0x0 x18=0x0 x19=0x0 x20=0x0 x21=0x0 x22=0x0 x23=0x0 x24=0x0 x25=0x0 x26=0x0 x27=0x0 x28=0x0 x29=0x0 x30=0x0 x31=0x0 
sext.w	x15,a5
x0=0 x1=0x0 x2=0x2aaaab2aa9b0 x3=0x0 x4=0x0 x5=0x0 x6=0x0 x7=0x0 x8=0x2aaaab2aa9f0 x9=0x0 x10=0x0 x11=0x0 x12=0x0 x13=0x0 x14=0x7 x15=0x4 x16=0x0 x17=0x0 x18=0x0 x19=0x0 x20=0x0 x21=0x0 x22=0x0 x23=0x0 x24=0x0 x25=0x0 x26=0x0 x27=0x0 x28=0x0 x29=0x0 x30=0x0 x31=0x0 
sw	x15,-32(x8)
x0=0 x1=0x0 x2=0x2aaaab2aa9b0 x3=0x0 x4=0x0 x5=0x0 x6=0x0 x7=0x0 x8=0x2aaaab2aa9f0 x9=0x0 x10=0x0 x11=0x0 x12=0x0 x13=0x0 x14=0x7 x15=0x4 x16=0x0 x17=0x0 x18=0x0 x19=0x0 x20=0x0 x21=0x0 x22=0x0 x23=0x0 x24=0x0 x25=0x0 x26=0x0 x27=0x0 x28=0x0 x29=0x0 x30=0x0 x31=0x0 
lw	x15,-28(x8)
x0=0 x1=0x0 x2=0x2aaaab2aa9b0 x3=0x0 x4=0x0 x5=0x0 x6=0x0 x7=0x0 x8=0x2aaaab2aa9f0 x9=0x0 x10=0x0 x11=0x0 x12=0x0 x13=0x0 x14=0x7 x15=0x4 x16=0x0 x17=0x0 x18=0x0 x19=0x0 x20=0x0 x21=0x0 x22=0x0 x23=0x0 x24=0x0 x25=0x0 x26=0x0 x27=0x0 x28=0x0 x29=0x0 x30=0x0 x31=0x0 
sext.w	x15,a5
x0=0 x1=0x0 x2=0x2aaaab2aa9b0 x3=0x0 x4=0x0 x5=0x0 x6=0x0 x7=0x0 x8=0x2aaaab2aa9f0 x9=0x0 x10=0x0 x11=0x0 x12=0x0 x13=0x0 x14=0x7 x15=0x7 x16=0x0 x17=0x0 x18=0x0 x19=0x0 x20=0x0 x21=0x0 x22=0x0 x23=0x0 x24=0x0 x25=0x0 x26=0x0 x27=0x0 x28=0x0 x29=0x0 x30=0x0 x31=0x0 
slliw	x15,x15,0x1
x0=0 x1=0x0 x2=0x2aaaab2aa9b0 x3=0x0 x4=0x0 x5=0x0 x6=0x0 x7=0x0 x8=0x2aaaab2aa9f0 x9=0x0 x10=0x0 x11=0x0 x12=0x0 x13=0x0 x14=0x7 x15=0x7 x16=0x0 x17=0x0 x18=0x0 x19=0x0 x20=0x0 x21=0x0 x22=0x0 x23=0x0 x24=0x0 x25=0x0 x26=0x0 x27=0x0 x28=0x0 x29=0x0 x30=0x0 x31=0x0 
sext.w	x15,a5
x0=0 x1=0x0 x2=0x2aaaab2aa9b0 x3=0x0 x4=0x0 x5=0x0 x6=0x0 x7=0x0 x8=0x2aaaab2aa9f0 x9=0x0 x10=0x0 x11=0x0 x12=0x0 x13=0x0 x14=0x7 x15=0xe x16=0x0 x17=0x0 x18=0x0 x19=0x0 x20=0x0 x21=0x0 x22=0x0 x23=0x0 x24=0x0 x25=0x0 x26=0x0 x27=0x0 x28=0x0 x29=0x0 x30=0x0 x31=0x0 
sw	x15,-36(x8)
x0=0 x1=0x0 x2=0x2aaaab2aa9b0 x3=0x0 x4=0x0 x5=0x0 x6=0x0 x7=0x0 x8=0x2aaaab2aa9f0 x9=0x0 x10=0x0 x11=0x0 x12=0x0 x13=0x0 x14=0x7 x15=0xe x16=0x0 x17=0x0 x18=0x0 x19=0x0 x20=0x0 x21=0x0 x22=0x0 x23=0x0 x24=0x0 x25=0x0 x26=0x0 x27=0x0 x28=0x0 x29=0x0 x30=0x0 x31=0x0 
lw	x15,-36(x8)
x0=0 x1=0x0 x2=0x2aaaab2aa9b0 x3=0x0 x4=0x0 x5=0x0 x6=0x0 x7=0x0 x8=0x2aaaab2aa9f0 x9=0x0 x10=0x0 x11=0x0 x12=0x0 x13=0x0 x14=0x7 x15=0xe x16=0x0 x17=0x0 x18=0x0 x19=0x0 x20=0x0 x21=0x0 x22=0x0 x23=0x0 x24=0x0 x25=0x0 x26=0x0 x27=0x0 x28=0x0 x29=0x0 x30=0x0 x31=0x0 
sext.w	x15,a5
x0=0 x1=0x0 x2=0x2aaaab2aa9b0 x3=0x0 x4=0x0 x5=0x0 x6=0x0 x7=0x0 x8=0x2aaaab2aa9f0 x9=0x0 x10=0x0 x11=0x0 x12=0x0 x13=0x0 x14=0x7 x15=0xe x16=0x0 x17=0x0 x18=0x0 x19=0x0 x20=0x0 x21=0x0 x22=0x0 x23=0x0 x24=0x0 x25=0x0 x26=0x0 x27=0x0 x28=0x0 x29=0x0 x30=0x0 x31=0x0 
sraiw	x15,x15,0x1
x0=0 x1=0x0 x2=0x2aaaab2aa9b0 x3=0x0 x4=0x0 x5=0x0 x6=0x0 x7=0x0 x8=0x2aaaab2aa9f0 x9=0x0 x10=0x0 x11=0x0 x12=0x0 x13=0x0 x14=0x7 x15=0xe x16=0x0 x17=0x0 x18=0x0 x19=0x0 x20=0x0 x21=0x0 x22=0x0 x23=0x0 x24=0x0 x25=0x0 x26=0x0 x27=0x0 x28=0x0 x29=0x0 x30=0x0 x31=0x0 
sext.w	x15,a5
x0=0 x1=0x0 x2=0x2aaaab2aa9b0 x3=0x0 x4=0x0 x5=0x0 x6=0x0 x7=0x0 x8=0x2aaaab2aa9f0 x9=0x0 x10=0x0 x11=0x0 x12=0x0 x13=0x0 x14=0x7 x15=0x7 x16=0x0 x17=0x0 x18=0x0 x19=0x0 x20=0x0 x21=0x0 x22=0x0 x23=0x0 x24=0x0 x25=0x0 x26=0x0 x27=0x0 x28=0x0 x29=0x0 x30=0x0 x31=0x0 
sw	x15,-40(x8)
x0=0 x1=0x0 x2=0x2aaaab2aa9b0 x3=0x0 x4=0x0 x5=0x0 x6=0x0 x7=0x0 x8=0x2aaaab2aa9f0 x9=0x0 x10=0x0 x11=0x0 x12=0x0 x13=0x0 x14=0x7 x15=0x7 x16=0x0 x17=0x0 x18=0x0 x19=0x0 x20=0x0 x21=0x0 x22=0x0 x23=0x0 x24=0x0 x25=0x0 x26=0x0 x27=0x0 x28=0x0 x29=0x0 x30=0x0 x31=0x0 
lw	x15,-36(x8)
x0=0 x1=0x0 x2=0x2aaaab2aa9b0 x3=0x0 x4=0x0 x5=0x0 x6=0x0 x7=0x0 x8=0x2aaaab2aa9f0 x9=0x0 x10=0x0 x11=0x0 x12=0x0 x13=0x0 x14=0x7 x15=0x7 x16=0x0 x17=0x0 x18=0x0 x19=0x0 x20=0x0 x21=0x0 x22=0x0 x23=0x0 x24=0x0 x25=0x0 x26=0x0 x27=0x0 x28=0x0 x29=0x0 x30=0x0 x31=0x0 
sext.w	x14,a5
x0=0 x1=0x0 x2=0x2aaaab2aa9b0 x3=0x0 x4=0x0 x5=0x0 x6=0x0 x7=0x0 x8=0x2aaaab2aa9f0 x9=0x0 x10=0x0 x11=0x0 x12=0x0 x13=0x0 x14=0x7 x15=0xe x16=0x0 x17=0x0 x18=0x0 x19=0x0 x20=0x0 x21=0x0 x22=0x0 x23=0x0 x24=0x0 x25=0x0 x26=0x0 x27=0x0 x28=0x0 x29=0x0 x30=0x0 x31=0x0 
lw	x15,-32(x8)
x0=0 x1=0x0 x2=0x2aaaab2aa9b0 x3=0x0 x4=0x0 x5=0x0 x6=0x0 x7=0x0 x8=0x2aaaab2aa9f0 x9=0x0 x10=0x0 x11=0x0 x12=0x0 x13=0x0 x14=0xe x15=0xe x16=0x0 x17=0x0 x18=0x0 x19=0x0 x20=0x0 x21=0x0 x22=0x0 x23=0x0 x24=0x0 x25=0x0 x26=0x0 x27=0x0 x28=0x0 x29=0x0 x30=0x0 x31=0x0 
sext.w	x15,a5
x0=0 x1=0x0 x2=0x2aaaab2aa9b0 x3=0x0 x4=0x0 x5=0x0 x6=0x0 x7=0x0 x8=0x2aaaab2aa9f0 x9=0x0 x10=0x0 x11=0x0 x12=0x0 x13=0x0 x14=0xe x15=0x4 x16=0x0 x17=0x0 x18=0x0 x19=0x0 x20=0x0 x21=0x0 x22=0x0 x23=0x0 x24=0x0 x25=0x0 x26=0x0 x27=0x0 x28=0x0 x29=0x0 x30=0x0 x31=0x0 
and	x15,x15,a4
x0=0 x1=0x0 x2=0x2aaaab2aa9b0 x3=0x0 x4=0x0 x5=0x0 x6=0x0 x7=0x0 x8=0x2aaaab2aa9f0 x9=0x0 x10=0x0 x11=0x0 x12=0x0 x13=0x0 x14=0xe x15=0x4 x16=0x0 x17=0x0 x18=0x0 x19=0x0 x20=0x0 x21=0x0 x22=0x0 x23=0x0 x24=0x0 x25=0x0 x26=0x0 x27=0x0 x28=0x0 x29=0x0 x30=0x0 x31=0x0 
sext.w	x15,a5
x0=0 x1=0x0 x2=0x2aaaab2aa9b0 x3=0x0 x4=0x0 x5=0x0 x6=0x0 x7=0x0 x8=0x2aaaab2aa9f0 x9=0x0 x10=0x0 x11=0x0 x12=0x0 x13=0x0 x14=0xe x15=0x4 x16=0x0 x17=0x0 x18=0x0 x19=0x0 x20=0x0 x21=0x0 x22=0x0 x23=0x0 x24=0x0 x25=0x0 x26=0x0 x27=0x0 x28=0x0 x29=0x0 x30=0x0 x31=0x0 
sw	x15,-44(x8)
x0=0 x1=0x0 x2=0x2aaaab2aa9b0 x3=0x0 x4=0x0 x5=0x0 x6=0x0 x7=0x0 x8=0x2aaaab2aa9f0 x9=0x0 x10=0x0 x11=0x0 x12=0x0 x13=0x0 x14=0xe x15=0x4 x16=0x0 x17=0x0 x18=0x0 x19=0x0 x20=0x0 x21=0x0 x22=0x0 x23=0x0 x24=0x0 x25=0x0 x26=0x0 x27=0x0 x28=0x0 x29=0x0 x30=0x0 x31=0x0 
lw	x15,-44(x8)
x0=0 x1=0x0 x2=0x2aaaab2aa9b0 x3=0x0 x4=0x0 x5=0x0 x6=0x0 x7=0x0 x8=0x2aaaab2aa9f0 x9=0x0 x10=0x0 x11=0x0 x12=0x0 x13=0x0 x14=0xe x15=0x4 x16=0x0 x17=0x0 x18=0x0 x19=0x0 x20=0x0 x21=0x0 x22=0x0 x23=0x0 x24=0x0 x25=0x0 x26=0x0 x27=0x0 x28=0x0 x29=0x0 x30=0x0 x31=0x0 
sext.w	x14,a5
x0=0 x1=0x0 x2=0x2aaaab2aa9b0 x3=0x0 x4=0x0 x5=0x0 x6=0x0 x7=0x0 x8=0x2aaaab2aa9f0 x9=0x0 x10=0x0 x11=0x0 x12=0x0 x13=0x0 x14=0xe x15=0x4 x16=0x0 x17=0x0 x18=0x0 x19=0x0 x20=0x0 x21=0x0 x22=0x0 x23=0x0 x24=0x0 x25=0x0 x26=0x0 x27=0x0 x28=0x0 x29=0x0 x30=0x0 x31=0x0 
lw	x15,-20(x8)
x0=0 x1=0x0 x2=0x2aaaab2aa9b0 x3=0x0 x4=0x0 x5=0x0 x6=0x0 x7=0x0 x8=0x2aaaab2aa9f0 x9=0x0 x10=0x0 x11=0x0 x12=0x0 x13=0x0 x14=0x4 x15=0x4 x16=0x0 x17=0x0 x18=0x0 x19=0x0 x20=0x0 x21=0x0 x22=0x0 x23=0x0 x24=0x0 x25=0x0 x26=0x0 x27=0x0 x28=0x0 x29=0x0 x30=0x0 x31=0x0 
sext.w	x15,a5
x0=0 x1=0x0 x2=0x2aaaab2aa9b0 x3=0x0 x4=0x0 x5=0x0 x6=0x0 x7=0x0 x8=0x2aaaab2aa9f0 x9=0x0 x10=0x0 x11=0x0 x12=0x0 x13=0x0 x14=0x4 x15=0x3 x16=0x0 x17=0x0 x18=0x0 x19=0x0 x20=0x0 x21=0x0 x22=0x0 x23=0x0 x24=0x0 x25=0x0 x26=0x0 x27=0x0 x28=0x0 x29=0x0 x30=0x0 x31=0x0 
or	x15,x15,a4
x0=0 x1=0x0 x2=0x2aaaab2aa9b0 x3=0x0 x4=0x0 x5=0x0 x6=0x0 x7=0x0 x8=0x2aaaab2aa9f0 x9=0x0 x10=0x0 x11=0x0 x12=0x0 x13=0x0 x14=0x4 x15=0x3 x16=0x0 x17=0x0 x18=0x0 x19=0x0 x20=0x0 x21=0x0 x22=0x0 x23=0x0 x24=0x0 x25=0x0 x26=0x0 x27=0x0 x28=0x0 x29=0x0 x30=0x0 x31=0x0 
sext.w	x15,a5
x0=0 x1=0x0 x2=0x2aaaab2aa9b0 x3=0x0 x4=0x0 x5=0x0 x6=0x0 x7=0x0 x8=0x2aaaab2aa9f0 x9=0x0 x10=0x0 x11=0x0 x12=0x0 x13=0x0 x14=0x4 x15=0x7 x16=0x0 x17=0x0 x18=0x0 x19=0x0 x20=0x0 x21=0x0 x22=0x0 x23=0x0 x24=0x0 x25=0x0 x26=0x0 x27=0x0 x28=0x0 x29=0x0 x30=0x0 x31=0x0 
sw	x15,-48(x8)
x0=0 x1=0x0 x2=0x2aaaab2aa9b0 x3=0x0 x4=0x0 x5=0x0 x6=0x0 x7=0x0 x8=0x2aaaab2aa9f0 x9=0x0 x10=0x0 x11=0x0 x12=0x0 x13=0x0 x14=0x4 x15=0x7 x16=0x0 x17=0x0 x18=0x0 x19=0x0 x20=0x0 x21=0x0 x22=0x0 x23=0x0 x24=0x0 x25=0x0 x26=0x0 x27=0x0 x28=0x0 x29=0x0 x30=0x0 x31=0x0 
lw	x15,-48(x8)
x0=0 x1=0x0 x2=0x2aaaab2aa9b0 x3=0x0 x4=0x0 x5=0x0 x6=0x0 x7=0x0 x8=0x2aaaab2aa9f0 x9=0x0 x10=0x0 x11=0x0 x12=0x0 x13=0x0 x14=0x4 x15=0x7 x16=0x0 x17=0x0 x18=0x0 x19=0x0 x20=0x0 x21=0x0 x22=0x0 x23=0x0 x24=0x0 x25=0x0 x26=0x0 x27=0x0 x28=0x0 x29=0x0 x30=0x0 x31=0x0 
sext.w	x14,a5
x0=0 x1=0x0 x2=0x2aaaab2aa9b0 x3=0x0 x4=0x0 x5=0x0 x6=0x0 x7=0x0 x8=0x2aaaab2aa9f0 x9=0x0 x10=0x0 x11=0x0 x12=0x0 x13=0x0 x14=0x4 x15=0x7 x16=0x0 x17=0x0 x18=0x0 x19=0x0 x20=0x0 x21=0x0 x22=0x0 x23=0x0 x24=0x0 x25=0x0 x26=0x0 x27=0x0 x28=0x0 x29=0x0 x30=0x0 x31=0x0 
lw	x15,-40(x8)
x0=0 x1=0x0 x2=0x2aaaab2aa9b0 x3=0x0 x4=0x0 x5=0x0 x6=0x0 x7=0x0 x8=0x2aaaab2aa9f0 x9=0x0 x10=0x0 x11=0x0 x12=0x0 x13=0x0 x14=0x7 x15=0x7 x16=0x0 x17=0x0 x18=0x0 x19=0x0 x20=0x0 x21=0x0 x22=0x0 x23=0x0 x24=0x0 x25=0x0 x26=0x0 x27=0x0 x28=0x0 x29=0x0 x30=0x0 x31=0x0 
sext.w	x15,a5
x0=0 x1=0x0 x2=0x2aaaab2aa9b0 x3=0x0 x4=0x0 x5=0x0 x6=0x0 x7=0x0 x8=0x2aaaab2aa9f0 x9=0x0 x10=0x0 x11=0x0 x12=0x0 x13=0x0 x14=0x7 x15=0x7 x16=0x0 x17=0x0 x18=0x0 x19=0x0 x20=0x0 x21=0x0 x22=0x0 x23=0x0 x24=0x0 x25=0x0 x26=0x0 x27=0x0 x28=0x0 x29=0x0 x30=0x0 x31=0x0 
xor	x15,x15,a4
x0=0 x1=0x0 x2=0x2aaaab2aa9b0 x3=0x0 x4=0x0 x5=0x0 x6=0x0 x7=0x0 x8=0x2aaaab2aa9f0 x9=0x0 x10=0x0 x11=0x0 x12=0x0 x13=0x0 x14=0x7 x15=0x7 x16=0x0 x17=0x0 x18=0x0 x19=0x0 x20=0x0 x21=0x0 x22=0x0 x23=0x0 x24=0x0 x25=0x0 x26=0x0 x27=0x0 x28=0x0 x29=0x0 x30=0x0 x31=0x0 
sext.w	x15,a5
x0=0 x1=0x0 x2=0x2aaaab2aa9b0 x3=0x0 x4=0x0 x5=0x0 x6=0x0 x7=0x0 x8=0x2aaaab2aa9f0 x9=0x0 x10=0x0 x11=0x0 x12=0x0 x13=0x0 x14=0x7 x15=0x0 x16=0x0 x17=0x0 x18=0x0 x19=0x0 x20=0x0 x21=0x0 x22=0x0 x23=0x0 x24=0x0 x25=0x0 x26=0x0 x27=0x0 x28=0x0 x29=0x0 x30=0x0 x31=0x0 
sw	x15,-52(x8)
x0=0 x1=0x0 x2=0x2aaaab2aa9b0 x3=0x0 x4=0x0 x5=0x0 x6=0x0 x7=0x0 x8=0x2aaaab2aa9f0 x9=0x0 x10=0x0 x11=0x0 x12=0x0 x13=0x0 x14=0x7 x15=0x0 x16=0x0 x17=0x0 x18=0x0 x19=0x0 x20=0x0 x21=0x0 x22=0x0 x23=0x0 x24=0x0 x25=0x0 x26=0x0 x27=0x0 x28=0x0 x29=0x0 x30=0x0 x31=0x0 
li	x15,0
x0=0 x1=0x0 x2=0x2aaaab2aa9b0 x3=0x0 x4=0x0 x5=0x0 x6=0x0 x7=0x0 x8=0x2aaaab2aa9f0 x9=0x0 x10=0x0 x11=0x0 x12=0x0 x13=0x0 x14=0x7 x15=0x0 x16=0x0 x17=0x0 x18=0x0 x19=0x0 x20=0x0 x21=0x0 x22=0x0 x23=0x0 x24=0x0 x25=0x0 x26=0x0 x27=0x0 x28=0x0 x29=0x0 x30=0x0 x31=0x0 
mv	x10,a5
x0=0 x1=0x0 x2=0x2aaaab2aa9b0 x3=0x0 x4=0x0 x5=0x0 x6=0x0 x7=0x0 x8=0x2aaaab2aa9f0 x9=0x0 x10=0x0 x11=0x0 x12=0x0 x13=0x0 x14=0x7 x15=0x0 x16=0x0 x17=0x0 x18=0x0 x19=0x0 x20=0x0 x21=0x0 x22=0x0 x23=0x0 x24=0x0 x25=0x0 x26=0x0 x27=0x0 x28=0x0 x29=0x0 x30=0x0 x31=0x0 
ld	x1,56(x2)
x0=0 x1=0x0 x2=0x2aaaab2aa9b0 x3=0x0 x4=0x0 x5=0x0 x6=0x0 x7=0x0 x8=0x2aaaab2aa9f0 x9=0x0 x10=0x0 x11=0x0 x12=0x0 x13=0x0 x14=0x7 x15=0x0 x16=0x0 x17=0x0 x18=0x0 x19=0x0 x20=0x0 x21=0x0 x22=0x0 x23=0x0 x24=0x0 x25=0x0 x26=0x0 x27=0x0 x28=0x0 x29=0x0 x30=0x0 x31=0x0 
ld	x8,48(x2)
x0=0 x1=0x0 x2=0x2aaaab2aa9b0 x3=0x0 x4=0x0 x5=0x0 x6=0x0 x7=0x0 x8=0x2aaaab2aa9f0 x9=0x0 x10=0x0 x11=0x0 x12=0x0 x13=0x0 x14=0x7 x15=0x0 x16=0x0 x17=0x0 x18=0x0 x19=0x0 x20=0x0 x21=0x0 x22=0x0 x23=0x0 x24=0x0 x25=0x0 x26=0x0 x27=0x0 x28=0x0 x29=0x0 x30=0x0 x31=0x0 
addi	x2,x2,64
x0=0 x1=0x0 x2=0x2aaaab2aa9b0 x3=0x0 x4=0x0 x5=0x0 x6=0x0 x7=0x0 x8=0x0 x9=0x0 x10=0x0 x11=0x0 x12=0x0 x13=0x0 x14=0x7 x15=0x0 x16=0x0 x17=0x0 x18=0x0 x19=0x0 x20=0x0 x21=0x0 x22=0x0 x23=0x0 x24=0x0 x25=0x0 x26=0x0 x27=0x0 x28=0x0 x29=0x0 x30=0x0 x31=0x0 
ret
x0=0 x1=0x0 x2=0x2aaaab2aa9f0 x3=0x0 x4=0x0 x5=0x0 x6=0x0 x7=0x0 x8=0x0 x9=0x0 x10=0x0 x11=0x0 x12=0x0 x13=0x0 x14=0x7 x15=0x0 x16=0x0 x17=0x0 x18=0x0 x19=0x0 x20=0x0 x21=0x0 x22=0x0 x23=0x0 x24=0x0 x25=0x0 x26=0x0 x27=0x0 x28=0x0 x29=0x0 x30=0x0 x31=0x0 
