Modified assembly file saved as: program_new.s
opcode: mul	leftStr: s2	rightStr: s1
opcode: addi	leftStr: s2	rightStr: 1
opcode: mul	leftStr: s2	rightStr: s1
opcode: addi	leftStr: s2	rightStr: 1
opcode: mul	leftStr: s2	rightStr: s1
opcode: addi	leftStr: s2	rightStr: 1
opcode: mul	leftStr: s2	rightStr: s1
opcode: addi	leftStr: s2	rightStr: 1
opcode: mul	leftStr: s2	rightStr: s1
opcode: addi	leftStr: s2	rightStr: 1
opcode: mul	leftStr: s2	rightStr: s1
opcode: addi	leftStr: s2	rightStr: 1
opcode: mul	leftStr: s2	rightStr: s1
opcode: addi	leftStr: s2	rightStr: 1
opcode: mul	leftStr: s2	rightStr: s1
opcode: addi	leftStr: s2	rightStr: 1
opcode: mul	leftStr: s2	rightStr: s1
opcode: addi	leftStr: s2	rightStr: 1
opcode: mul	leftStr: s2	rightStr: s1
opcode: addi	leftStr: s2	rightStr: 1
opcode: mul	leftStr: s2	rightStr: s1
opcode: addi	leftStr: s2	rightStr: 1
opcode: mul	leftStr: s2	rightStr: s1
opcode: addi	leftStr: s2	rightStr: 1
opcode: mul	leftStr: s2	rightStr: s1
opcode: addi	leftStr: s2	rightStr: 1
opcode: mul	leftStr: s2	rightStr: s1
opcode: addi	leftStr: s2	rightStr: 1
opcode: mul	leftStr: s2	rightStr: s1
opcode: addi	leftStr: s2	rightStr: 1
opcode: mul	leftStr: s2	rightStr: s1
opcode: addi	leftStr: s2	rightStr: 1
Number of immediate instructions (n_i): 32
Number of general instructions (n_g): 32
Matrix order: 65
Matrix A:
0 0 0 0 0 0 0 0 0 0 0 0 0 0 0 0 0 0 0 0 0 0 0 0 0 0 0 0 0 0 0 0 0 0 0 0 0 0 0 0 0 0 0 0 0 0 0 0 0 0 0 0 0 0 0 0 0 0 0 0 0 0 0 0 0 
0 0 0 0 0 0 0 0 0 0 0 0 0 0 0 0 0 0 0 0 0 0 0 0 0 0 0 0 0 0 0 0 0 0 0 0 0 0 0 0 0 0 0 0 0 0 0 0 0 0 0 0 0 0 0 0 0 0 0 0 0 0 0 0 0 
0 0 0 0 0 0 0 0 0 0 0 0 0 0 0 0 0 0 0 0 0 0 0 0 0 0 0 0 0 0 0 0 0 0 0 0 0 0 0 0 0 0 0 0 0 0 0 0 0 0 0 0 0 0 0 0 0 0 0 0 0 0 0 0 0 
0 0 0 0 0 0 0 0 0 0 0 0 0 0 0 0 0 0 0 0 0 0 0 0 0 0 0 0 0 0 0 0 0 0 0 0 0 0 0 0 0 0 0 0 0 0 0 0 0 0 0 0 0 0 0 0 0 0 0 0 0 0 0 0 0 
0 0 0 0 0 0 0 0 0 0 0 0 0 0 0 0 0 0 0 0 0 0 0 0 0 0 0 0 0 0 0 0 0 0 0 0 0 0 0 0 0 0 0 0 0 0 0 0 0 0 0 0 0 0 0 0 0 0 0 0 0 0 0 0 0 
0 0 0 0 0 0 0 0 0 0 0 0 0 0 0 0 0 0 0 0 0 0 0 0 0 0 0 0 0 0 0 0 0 0 0 0 0 0 0 0 0 0 0 0 0 0 0 0 0 0 0 0 0 0 0 0 0 0 0 0 0 0 0 0 0 
0 0 0 0 0 0 0 0 0 0 0 0 0 0 0 0 0 0 0 0 0 0 0 0 0 0 0 0 0 0 0 0 0 0 0 0 0 0 0 0 0 0 0 0 0 0 0 0 0 0 0 0 0 0 0 0 0 0 0 0 0 0 0 0 0 
0 0 0 0 0 0 0 0 0 0 0 0 0 0 0 0 0 0 0 0 0 0 0 0 0 0 0 0 0 0 0 0 0 0 0 0 0 0 0 0 0 0 0 0 0 0 0 0 0 0 0 0 0 0 0 0 0 0 0 0 0 0 0 0 0 
0 0 0 0 0 0 0 0 0 0 0 0 0 0 0 0 0 0 0 0 0 0 0 0 0 0 0 0 0 0 0 0 0 0 0 0 0 0 0 0 0 0 0 0 0 0 0 0 0 0 0 0 0 0 0 0 0 0 0 0 0 0 0 0 0 
0 0 0 0 0 0 0 0 0 0 0 0 0 0 0 0 0 0 0 0 0 0 0 0 0 0 0 0 0 0 0 0 0 0 0 0 0 0 0 0 0 0 0 0 0 0 0 0 0 0 0 0 0 0 0 0 0 0 0 0 0 0 0 0 0 
0 0 0 0 0 0 0 0 0 0 0 0 0 0 0 0 0 0 0 0 0 0 0 0 0 0 0 0 0 0 0 0 0 0 0 0 0 0 0 0 0 0 0 0 0 0 0 0 0 0 0 0 0 0 0 0 0 0 0 0 0 0 0 0 0 
0 0 0 0 0 0 0 0 0 0 0 0 0 0 0 0 0 0 0 0 0 0 0 0 0 0 0 0 0 0 0 0 0 0 0 0 0 0 0 0 0 0 0 0 0 0 0 0 0 0 0 0 0 0 0 0 0 0 0 0 0 0 0 0 0 
0 0 0 0 0 0 0 0 0 0 0 0 0 0 0 0 0 0 0 0 0 0 0 0 0 0 0 0 0 0 0 0 0 0 0 0 0 0 0 0 0 0 0 0 0 0 0 0 0 0 0 0 0 0 0 0 0 0 0 0 0 0 0 0 0 
0 0 0 0 0 0 0 0 0 0 0 0 0 0 0 0 0 0 0 0 0 0 0 0 0 0 0 0 0 0 0 0 0 0 0 0 0 0 0 0 0 0 0 0 0 0 0 0 0 0 0 0 0 0 0 0 0 0 0 0 0 0 0 0 0 
0 0 0 0 0 0 0 0 0 0 0 0 0 0 0 0 0 0 0 0 0 0 0 0 0 0 0 0 0 0 0 0 0 0 0 0 0 0 0 0 0 0 0 0 0 0 0 0 0 0 0 0 0 0 0 0 0 0 0 0 0 0 0 0 0 
0 0 0 0 0 0 0 0 0 0 0 0 0 0 0 0 0 0 0 0 0 0 0 0 0 0 0 0 0 0 0 0 0 0 0 0 0 0 0 0 0 0 0 0 0 0 0 0 0 0 0 0 0 0 0 0 0 0 0 0 0 0 0 0 0 
0 0 0 0 0 0 0 0 0 0 0 0 0 0 0 0 0 0 0 0 0 0 0 0 0 0 0 0 0 0 0 0 0 0 0 0 0 0 0 0 0 0 0 0 0 0 0 0 0 0 0 0 0 0 0 0 0 0 0 0 0 0 0 0 0 
0 0 0 0 0 0 0 0 0 0 0 0 0 0 0 0 0 0 0 0 0 0 0 0 0 0 0 0 0 0 0 0 0 0 0 0 0 0 0 0 0 0 0 0 0 0 0 0 0 0 0 0 0 0 0 0 0 0 0 0 0 0 0 0 0 
0 0 0 0 0 0 0 0 0 0 0 0 0 0 0 0 0 0 0 0 0 0 0 0 0 0 0 0 0 0 0 0 0 0 0 0 0 0 0 0 0 0 0 0 0 0 0 0 0 0 0 0 0 0 0 0 0 0 0 0 0 0 0 0 0 
0 0 0 0 0 0 0 0 0 0 0 0 0 0 0 0 0 0 0 0 0 0 0 0 0 0 0 0 0 0 0 0 0 0 0 0 0 0 0 0 0 0 0 0 0 0 0 0 0 0 0 0 0 0 0 0 0 0 0 0 0 0 0 0 0 
0 0 0 0 0 0 0 0 0 0 0 0 0 0 0 0 0 0 0 0 0 0 0 0 0 0 0 0 0 0 0 0 0 0 0 0 0 0 0 0 0 0 0 0 0 0 0 0 0 0 0 0 0 0 0 0 0 0 0 0 0 0 0 0 0 
0 0 0 0 0 0 0 0 0 0 0 0 0 0 0 0 0 0 0 0 0 0 0 0 0 0 0 0 0 0 0 0 0 0 0 0 0 0 0 0 0 0 0 0 0 0 0 0 0 0 0 0 0 0 0 0 0 0 0 0 0 0 0 0 0 
0 0 0 0 0 0 0 0 0 0 0 0 0 0 0 0 0 0 0 0 0 0 0 0 0 0 0 0 0 0 0 0 0 0 0 0 0 0 0 0 0 0 0 0 0 0 0 0 0 0 0 0 0 0 0 0 0 0 0 0 0 0 0 0 0 
0 0 0 0 0 0 0 0 0 0 0 0 0 0 0 0 0 0 0 0 0 0 0 0 0 0 0 0 0 0 0 0 0 0 0 0 0 0 0 0 0 0 0 0 0 0 0 0 0 0 0 0 0 0 0 0 0 0 0 0 0 0 0 0 0 
0 0 0 0 0 0 0 0 0 0 0 0 0 0 0 0 0 0 0 0 0 0 0 0 0 0 0 0 0 0 0 0 0 0 0 0 0 0 0 0 0 0 0 0 0 0 0 0 0 0 0 0 0 0 0 0 0 0 0 0 0 0 0 0 0 
0 0 0 0 0 0 0 0 0 0 0 0 0 0 0 0 0 0 0 0 0 0 0 0 0 0 0 0 0 0 0 0 0 0 0 0 0 0 0 0 0 0 0 0 0 0 0 0 0 0 0 0 0 0 0 0 0 0 0 0 0 0 0 0 0 
0 0 0 0 0 0 0 0 0 0 0 0 0 0 0 0 0 0 0 0 0 0 0 0 0 0 0 0 0 0 0 0 0 0 0 0 0 0 0 0 0 0 0 0 0 0 0 0 0 0 0 0 0 0 0 0 0 0 0 0 0 0 0 0 0 
0 0 0 0 0 0 0 0 0 0 0 0 0 0 0 0 0 0 0 0 0 0 0 0 0 0 0 0 0 0 0 0 0 0 0 0 0 0 0 0 0 0 0 0 0 0 0 0 0 0 0 0 0 0 0 0 0 0 0 0 0 0 0 0 0 
0 0 0 0 0 0 0 0 0 0 0 0 0 0 0 0 0 0 0 0 0 0 0 0 0 0 0 0 0 0 0 0 0 0 0 0 0 0 0 0 0 0 0 0 0 0 0 0 0 0 0 0 0 0 0 0 0 0 0 0 0 0 0 0 0 
0 0 0 0 0 0 0 0 0 0 0 0 0 0 0 0 0 0 0 0 0 0 0 0 0 0 0 0 0 0 0 0 0 0 0 0 0 0 0 0 0 0 0 0 0 0 0 0 0 0 0 0 0 0 0 0 0 0 0 0 0 0 0 0 0 
0 0 0 0 0 0 0 0 0 0 0 0 0 0 0 0 0 0 0 0 0 0 0 0 0 0 0 0 0 0 0 0 0 0 0 0 0 0 0 0 0 0 0 0 0 0 0 0 0 0 0 0 0 0 0 0 0 0 0 0 0 0 0 0 0 
0 0 0 0 0 0 0 0 0 0 0 0 0 0 0 0 0 0 0 0 0 0 0 0 0 0 0 0 0 0 0 0 0 0 0 0 0 0 0 0 0 0 0 0 0 0 0 0 0 0 0 0 0 0 0 0 0 0 0 0 0 0 0 0 0 
0 0 0 0 0 0 0 0 0 0 0 0 0 0 0 0 0 0 0 0 0 0 0 0 0 0 0 0 0 0 0 0 0 0 0 0 0 0 0 0 0 0 0 0 0 0 0 0 0 0 0 0 0 0 0 0 0 0 0 0 0 0 0 0 0 
0 0 0 0 0 0 0 0 0 0 0 0 0 0 0 0 0 0 0 1 0 0 0 0 0 0 0 0 0 0 0 0 0 0 0 0 0 0 0 0 0 0 0 0 0 0 0 0 0 0 0 0 0 0 0 0 0 0 0 0 0 0 0 0 0 
1 0 0 0 0 0 0 0 0 0 0 0 0 0 0 0 0 0 0 0 0 0 0 0 0 0 0 0 0 0 0 0 0 0 0 0 0 0 0 0 0 0 0 0 0 0 0 0 0 0 0 0 0 0 0 0 0 0 0 0 0 0 0 0 0 
0 0 0 0 0 0 0 0 0 0 0 0 0 0 0 0 0 0 0 0 0 0 0 0 0 0 0 0 0 0 0 0 0 0 1 0 0 0 0 0 0 0 0 0 0 0 0 0 0 0 0 0 0 0 0 0 0 0 0 0 0 0 0 0 0 
1 0 0 0 0 0 0 0 0 0 0 0 0 0 0 0 0 0 0 0 0 0 0 0 0 0 0 0 0 0 0 0 0 0 0 0 0 0 0 0 0 0 0 0 0 0 0 0 0 0 0 0 0 0 0 0 0 0 0 0 0 0 0 0 0 
0 0 0 0 0 0 0 0 0 0 0 0 0 0 0 0 0 0 0 0 0 0 0 0 0 0 0 0 0 0 0 0 0 0 0 0 1 0 0 0 0 0 0 0 0 0 0 0 0 0 0 0 0 0 0 0 0 0 0 0 0 0 0 0 0 
1 0 0 0 0 0 0 0 0 0 0 0 0 0 0 0 0 0 0 0 0 0 0 0 0 0 0 0 0 0 0 0 0 0 0 0 0 0 0 0 0 0 0 0 0 0 0 0 0 0 0 0 0 0 0 0 0 0 0 0 0 0 0 0 0 
0 0 0 0 0 0 0 0 0 0 0 0 0 0 0 0 0 0 0 0 0 0 0 0 0 0 0 0 0 0 0 0 0 0 0 0 0 0 1 0 0 0 0 0 0 0 0 0 0 0 0 0 0 0 0 0 0 0 0 0 0 0 0 0 0 
1 0 0 0 0 0 0 0 0 0 0 0 0 0 0 0 0 0 0 0 0 0 0 0 0 0 0 0 0 0 0 0 0 0 0 0 0 0 0 0 0 0 0 0 0 0 0 0 0 0 0 0 0 0 0 0 0 0 0 0 0 0 0 0 0 
0 0 0 0 0 0 0 0 0 0 0 0 0 0 0 0 0 0 0 0 0 0 0 0 0 0 0 0 0 0 0 0 0 0 0 0 0 0 0 0 1 0 0 0 0 0 0 0 0 0 0 0 0 0 0 0 0 0 0 0 0 0 0 0 0 
1 0 0 0 0 0 0 0 0 0 0 0 0 0 0 0 0 0 0 0 0 0 0 0 0 0 0 0 0 0 0 0 0 0 0 0 0 0 0 0 0 0 0 0 0 0 0 0 0 0 0 0 0 0 0 0 0 0 0 0 0 0 0 0 0 
0 0 0 0 0 0 0 0 0 0 0 0 0 0 0 0 0 0 0 0 0 0 0 0 0 0 0 0 0 0 0 0 0 0 0 0 0 0 0 0 0 0 1 0 0 0 0 0 0 0 0 0 0 0 0 0 0 0 0 0 0 0 0 0 0 
1 0 0 0 0 0 0 0 0 0 0 0 0 0 0 0 0 0 0 0 0 0 0 0 0 0 0 0 0 0 0 0 0 0 0 0 0 0 0 0 0 0 0 0 0 0 0 0 0 0 0 0 0 0 0 0 0 0 0 0 0 0 0 0 0 
0 0 0 0 0 0 0 0 0 0 0 0 0 0 0 0 0 0 0 0 0 0 0 0 0 0 0 0 0 0 0 0 0 0 0 0 0 0 0 0 0 0 0 0 1 0 0 0 0 0 0 0 0 0 0 0 0 0 0 0 0 0 0 0 0 
1 0 0 0 0 0 0 0 0 0 0 0 0 0 0 0 0 0 0 0 0 0 0 0 0 0 0 0 0 0 0 0 0 0 0 0 0 0 0 0 0 0 0 0 0 0 0 0 0 0 0 0 0 0 0 0 0 0 0 0 0 0 0 0 0 
0 0 0 0 0 0 0 0 0 0 0 0 0 0 0 0 0 0 0 0 0 0 0 0 0 0 0 0 0 0 0 0 0 0 0 0 0 0 0 0 0 0 0 0 0 0 1 0 0 0 0 0 0 0 0 0 0 0 0 0 0 0 0 0 0 
1 0 0 0 0 0 0 0 0 0 0 0 0 0 0 0 0 0 0 0 0 0 0 0 0 0 0 0 0 0 0 0 0 0 0 0 0 0 0 0 0 0 0 0 0 0 0 0 0 0 0 0 0 0 0 0 0 0 0 0 0 0 0 0 0 
0 0 0 0 0 0 0 0 0 0 0 0 0 0 0 0 0 0 0 0 0 0 0 0 0 0 0 0 0 0 0 0 0 0 0 0 0 0 0 0 0 0 0 0 0 0 0 0 1 0 0 0 0 0 0 0 0 0 0 0 0 0 0 0 0 
1 0 0 0 0 0 0 0 0 0 0 0 0 0 0 0 0 0 0 0 0 0 0 0 0 0 0 0 0 0 0 0 0 0 0 0 0 0 0 0 0 0 0 0 0 0 0 0 0 0 0 0 0 0 0 0 0 0 0 0 0 0 0 0 0 
0 0 0 0 0 0 0 0 0 0 0 0 0 0 0 0 0 0 0 0 0 0 0 0 0 0 0 0 0 0 0 0 0 0 0 0 0 0 0 0 0 0 0 0 0 0 0 0 0 0 1 0 0 0 0 0 0 0 0 0 0 0 0 0 0 
1 0 0 0 0 0 0 0 0 0 0 0 0 0 0 0 0 0 0 0 0 0 0 0 0 0 0 0 0 0 0 0 0 0 0 0 0 0 0 0 0 0 0 0 0 0 0 0 0 0 0 0 0 0 0 0 0 0 0 0 0 0 0 0 0 
0 0 0 0 0 0 0 0 0 0 0 0 0 0 0 0 0 0 0 0 0 0 0 0 0 0 0 0 0 0 0 0 0 0 0 0 0 0 0 0 0 0 0 0 0 0 0 0 0 0 0 0 1 0 0 0 0 0 0 0 0 0 0 0 0 
1 0 0 0 0 0 0 0 0 0 0 0 0 0 0 0 0 0 0 0 0 0 0 0 0 0 0 0 0 0 0 0 0 0 0 0 0 0 0 0 0 0 0 0 0 0 0 0 0 0 0 0 0 0 0 0 0 0 0 0 0 0 0 0 0 
0 0 0 0 0 0 0 0 0 0 0 0 0 0 0 0 0 0 0 0 0 0 0 0 0 0 0 0 0 0 0 0 0 0 0 0 0 0 0 0 0 0 0 0 0 0 0 0 0 0 0 0 0 0 1 0 0 0 0 0 0 0 0 0 0 
1 0 0 0 0 0 0 0 0 0 0 0 0 0 0 0 0 0 0 0 0 0 0 0 0 0 0 0 0 0 0 0 0 0 0 0 0 0 0 0 0 0 0 0 0 0 0 0 0 0 0 0 0 0 0 0 0 0 0 0 0 0 0 0 0 
0 0 0 0 0 0 0 0 0 0 0 0 0 0 0 0 0 0 0 0 0 0 0 0 0 0 0 0 0 0 0 0 0 0 0 0 0 0 0 0 0 0 0 0 0 0 0 0 0 0 0 0 0 0 0 0 1 0 0 0 0 0 0 0 0 
1 0 0 0 0 0 0 0 0 0 0 0 0 0 0 0 0 0 0 0 0 0 0 0 0 0 0 0 0 0 0 0 0 0 0 0 0 0 0 0 0 0 0 0 0 0 0 0 0 0 0 0 0 0 0 0 0 0 0 0 0 0 0 0 0 
0 0 0 0 0 0 0 0 0 0 0 0 0 0 0 0 0 0 0 0 0 0 0 0 0 0 0 0 0 0 0 0 0 0 0 0 0 0 0 0 0 0 0 0 0 0 0 0 0 0 0 0 0 0 0 0 0 0 1 0 0 0 0 0 0 
1 0 0 0 0 0 0 0 0 0 0 0 0 0 0 0 0 0 0 0 0 0 0 0 0 0 0 0 0 0 0 0 0 0 0 0 0 0 0 0 0 0 0 0 0 0 0 0 0 0 0 0 0 0 0 0 0 0 0 0 0 0 0 0 0 
0 0 0 0 0 0 0 0 0 0 0 0 0 0 0 0 0 0 0 0 0 0 0 0 0 0 0 0 0 0 0 0 0 0 0 0 0 0 0 0 0 0 0 0 0 0 0 0 0 0 0 0 0 0 0 0 0 0 0 0 1 0 0 0 0 
1 0 0 0 0 0 0 0 0 0 0 0 0 0 0 0 0 0 0 0 0 0 0 0 0 0 0 0 0 0 0 0 0 0 0 0 0 0 0 0 0 0 0 0 0 0 0 0 0 0 0 0 0 0 0 0 0 0 0 0 0 0 0 0 0 
0 0 0 0 0 0 0 0 0 0 0 0 0 0 0 0 0 0 0 0 0 0 0 0 0 0 0 0 0 0 0 0 0 0 0 0 0 0 0 0 0 0 0 0 0 0 0 0 0 0 0 0 0 0 0 0 0 0 0 0 0 0 1 0 0 
1 0 0 0 0 0 0 0 0 0 0 0 0 0 0 0 0 0 0 0 0 0 0 0 0 0 0 0 0 0 0 0 0 0 0 0 0 0 0 0 0 0 0 0 0 0 0 0 0 0 0 0 0 0 0 0 0 0 0 0 0 0 0 0 0 
Matrix B:
0 0 0 0 0 0 0 0 0 0 0 0 0 0 0 0 0 0 0 0 0 0 0 0 0 0 0 0 0 0 0 0 0 0 0 0 0 0 0 0 0 0 0 0 0 0 0 0 0 0 0 0 0 0 0 0 0 0 0 0 0 0 0 0 0 
0 0 0 0 0 0 0 0 0 0 0 0 0 0 0 0 0 0 0 0 0 0 0 0 0 0 0 0 0 0 0 0 0 0 0 0 0 0 0 0 0 0 0 0 0 0 0 0 0 0 0 0 0 0 0 0 0 0 0 0 0 0 0 0 0 
0 0 0 0 0 0 0 0 0 0 0 0 0 0 0 0 0 0 0 0 0 0 0 0 0 0 0 0 0 0 0 0 0 0 0 0 0 0 0 0 0 0 0 0 0 0 0 0 0 0 0 0 0 0 0 0 0 0 0 0 0 0 0 0 0 
0 0 0 0 0 0 0 0 0 0 0 0 0 0 0 0 0 0 0 0 0 0 0 0 0 0 0 0 0 0 0 0 0 0 0 0 0 0 0 0 0 0 0 0 0 0 0 0 0 0 0 0 0 0 0 0 0 0 0 0 0 0 0 0 0 
0 0 0 0 0 0 0 0 0 0 0 0 0 0 0 0 0 0 0 0 0 0 0 0 0 0 0 0 0 0 0 0 0 0 0 0 0 0 0 0 0 0 0 0 0 0 0 0 0 0 0 0 0 0 0 0 0 0 0 0 0 0 0 0 0 
0 0 0 0 0 0 0 0 0 0 0 0 0 0 0 0 0 0 0 0 0 0 0 0 0 0 0 0 0 0 0 0 0 0 0 0 0 0 0 0 0 0 0 0 0 0 0 0 0 0 0 0 0 0 0 0 0 0 0 0 0 0 0 0 0 
0 0 0 0 0 0 0 0 0 0 0 0 0 0 0 0 0 0 0 0 0 0 0 0 0 0 0 0 0 0 0 0 0 0 0 0 0 0 0 0 0 0 0 0 0 0 0 0 0 0 0 0 0 0 0 0 0 0 0 0 0 0 0 0 0 
0 0 0 0 0 0 0 0 0 0 0 0 0 0 0 0 0 0 0 0 0 0 0 0 0 0 0 0 0 0 0 0 0 0 0 0 0 0 0 0 0 0 0 0 0 0 0 0 0 0 0 0 0 0 0 0 0 0 0 0 0 0 0 0 0 
0 0 0 0 0 0 0 0 0 0 0 0 0 0 0 0 0 0 0 0 0 0 0 0 0 0 0 0 0 0 0 0 0 0 0 0 0 0 0 0 0 0 0 0 0 0 0 0 0 0 0 0 0 0 0 0 0 0 0 0 0 0 0 0 0 
0 0 0 0 0 0 0 0 0 0 0 0 0 0 0 0 0 0 0 0 0 0 0 0 0 0 0 0 0 0 0 0 0 0 0 0 0 0 0 0 0 0 0 0 0 0 0 0 0 0 0 0 0 0 0 0 0 0 0 0 0 0 0 0 0 
0 0 0 0 0 0 0 0 0 0 0 0 0 0 0 0 0 0 0 0 0 0 0 0 0 0 0 0 0 0 0 0 0 0 0 0 0 0 0 0 0 0 0 0 0 0 0 0 0 0 0 0 0 0 0 0 0 0 0 0 0 0 0 0 0 
0 0 0 0 0 0 0 0 0 0 0 0 0 0 0 0 0 0 0 0 0 0 0 0 0 0 0 0 0 0 0 0 0 0 0 0 0 0 0 0 0 0 0 0 0 0 0 0 0 0 0 0 0 0 0 0 0 0 0 0 0 0 0 0 0 
0 0 0 0 0 0 0 0 0 0 0 0 0 0 0 0 0 0 0 0 0 0 0 0 0 0 0 0 0 0 0 0 0 0 0 0 0 0 0 0 0 0 0 0 0 0 0 0 0 0 0 0 0 0 0 0 0 0 0 0 0 0 0 0 0 
0 0 0 0 0 0 0 0 0 0 0 0 0 0 0 0 0 0 0 0 0 0 0 0 0 0 0 0 0 0 0 0 0 0 0 0 0 0 0 0 0 0 0 0 0 0 0 0 0 0 0 0 0 0 0 0 0 0 0 0 0 0 0 0 0 
0 0 0 0 0 0 0 0 0 0 0 0 0 0 0 0 0 0 0 0 0 0 0 0 0 0 0 0 0 0 0 0 0 0 0 0 0 0 0 0 0 0 0 0 0 0 0 0 0 0 0 0 0 0 0 0 0 0 0 0 0 0 0 0 0 
0 0 0 0 0 0 0 0 0 0 0 0 0 0 0 0 0 0 0 0 0 0 0 0 0 0 0 0 0 0 0 0 0 0 0 0 0 0 0 0 0 0 0 0 0 0 0 0 0 0 0 0 0 0 0 0 0 0 0 0 0 0 0 0 0 
0 0 0 0 0 0 0 0 0 0 0 0 0 0 0 0 0 0 0 0 0 0 0 0 0 0 0 0 0 0 0 0 0 0 0 0 0 0 0 0 0 0 0 0 0 0 0 0 0 0 0 0 0 0 0 0 0 0 0 0 0 0 0 0 0 
0 0 0 0 0 0 0 0 0 0 0 0 0 0 0 0 0 0 0 0 0 0 0 0 0 0 0 0 0 0 0 0 0 0 0 0 0 0 0 0 0 0 0 0 0 0 0 0 0 0 0 0 0 0 0 0 0 0 0 0 0 0 0 0 0 
0 0 0 0 0 0 0 0 0 0 0 0 0 0 0 0 0 0 0 0 0 0 0 0 0 0 0 0 0 0 0 0 0 0 0 0 0 0 0 0 0 0 0 0 0 0 0 0 0 0 0 0 0 0 0 0 0 0 0 0 0 0 0 0 0 
0 0 0 0 0 0 0 0 0 0 0 0 0 0 0 0 0 0 0 0 0 0 0 0 0 0 0 0 0 0 0 0 0 0 0 0 0 0 0 0 0 0 0 0 0 0 0 0 0 0 0 0 0 0 0 0 0 0 0 0 0 0 0 0 0 
0 0 0 0 0 0 0 0 0 0 0 0 0 0 0 0 0 0 0 0 0 0 0 0 0 0 0 0 0 0 0 0 0 0 0 0 0 0 0 0 0 0 0 0 0 0 0 0 0 0 0 0 0 0 0 0 0 0 0 0 0 0 0 0 0 
0 0 0 0 0 0 0 0 0 0 0 0 0 0 0 0 0 0 0 0 0 0 0 0 0 0 0 0 0 0 0 0 0 0 0 0 0 0 0 0 0 0 0 0 0 0 0 0 0 0 0 0 0 0 0 0 0 0 0 0 0 0 0 0 0 
0 0 0 0 0 0 0 0 0 0 0 0 0 0 0 0 0 0 0 0 0 0 0 0 0 0 0 0 0 0 0 0 0 0 0 0 0 0 0 0 0 0 0 0 0 0 0 0 0 0 0 0 0 0 0 0 0 0 0 0 0 0 0 0 0 
0 0 0 0 0 0 0 0 0 0 0 0 0 0 0 0 0 0 0 0 0 0 0 0 0 0 0 0 0 0 0 0 0 0 0 0 0 0 0 0 0 0 0 0 0 0 0 0 0 0 0 0 0 0 0 0 0 0 0 0 0 0 0 0 0 
0 0 0 0 0 0 0 0 0 0 0 0 0 0 0 0 0 0 0 0 0 0 0 0 0 0 0 0 0 0 0 0 0 0 0 0 0 0 0 0 0 0 0 0 0 0 0 0 0 0 0 0 0 0 0 0 0 0 0 0 0 0 0 0 0 
0 0 0 0 0 0 0 0 0 0 0 0 0 0 0 0 0 0 0 0 0 0 0 0 0 0 0 0 0 0 0 0 0 0 0 0 0 0 0 0 0 0 0 0 0 0 0 0 0 0 0 0 0 0 0 0 0 0 0 0 0 0 0 0 0 
0 0 0 0 0 0 0 0 0 0 0 0 0 0 0 0 0 0 0 0 0 0 0 0 0 0 0 0 0 0 0 0 0 0 0 0 0 0 0 0 0 0 0 0 0 0 0 0 0 0 0 0 0 0 0 0 0 0 0 0 0 0 0 0 0 
0 0 0 0 0 0 0 0 0 0 0 0 0 0 0 0 0 0 0 0 0 0 0 0 0 0 0 0 0 0 0 0 0 0 0 0 0 0 0 0 0 0 0 0 0 0 0 0 0 0 0 0 0 0 0 0 0 0 0 0 0 0 0 0 0 
0 0 0 0 0 0 0 0 0 0 0 0 0 0 0 0 0 0 0 0 0 0 0 0 0 0 0 0 0 0 0 0 0 0 0 0 0 0 0 0 0 0 0 0 0 0 0 0 0 0 0 0 0 0 0 0 0 0 0 0 0 0 0 0 0 
0 0 0 0 0 0 0 0 0 0 0 0 0 0 0 0 0 0 0 0 0 0 0 0 0 0 0 0 0 0 0 0 0 0 0 0 0 0 0 0 0 0 0 0 0 0 0 0 0 0 0 0 0 0 0 0 0 0 0 0 0 0 0 0 0 
0 0 0 0 0 0 0 0 0 0 0 0 0 0 0 0 0 0 0 0 0 0 0 0 0 0 0 0 0 0 0 0 0 0 0 0 0 0 0 0 0 0 0 0 0 0 0 0 0 0 0 0 0 0 0 0 0 0 0 0 0 0 0 0 0 
0 0 0 0 0 0 0 0 0 0 0 0 0 0 0 0 0 0 0 0 0 0 0 0 0 0 0 0 0 0 0 0 0 0 0 0 0 0 0 0 0 0 0 0 0 0 0 0 0 0 0 0 0 0 0 0 0 0 0 0 0 0 0 0 0 
0 0 0 0 0 0 0 0 0 0 0 0 0 0 0 0 0 0 0 0 0 0 0 0 0 0 0 0 0 0 0 0 0 0 0 0 0 0 0 0 0 0 0 0 0 0 0 0 0 0 0 0 0 0 0 0 0 0 0 0 0 0 0 0 0 
0 0 0 0 0 0 0 0 0 0 1 0 0 0 0 0 0 0 0 0 0 0 0 0 0 0 0 0 0 0 0 0 0 0 0 0 0 0 0 0 0 0 0 0 0 0 0 0 0 0 0 0 0 0 0 0 0 0 0 0 0 0 0 0 0 
1 0 0 0 0 0 0 0 0 0 0 0 0 0 0 0 0 0 0 0 0 0 0 0 0 0 0 0 0 0 0 0 0 1 0 0 0 0 0 0 0 0 0 0 0 0 0 0 0 0 0 0 0 0 0 0 0 0 0 0 0 0 0 0 0 
0 0 0 0 0 0 0 0 0 0 1 0 0 0 0 0 0 0 0 0 0 0 0 0 0 0 0 0 0 0 0 0 0 0 0 0 0 0 0 0 0 0 0 0 0 0 0 0 0 0 0 0 0 0 0 0 0 0 0 0 0 0 0 0 0 
1 0 0 0 0 0 0 0 0 0 0 0 0 0 0 0 0 0 0 0 0 0 0 0 0 0 0 0 0 0 0 0 0 0 0 1 0 0 0 0 0 0 0 0 0 0 0 0 0 0 0 0 0 0 0 0 0 0 0 0 0 0 0 0 0 
0 0 0 0 0 0 0 0 0 0 1 0 0 0 0 0 0 0 0 0 0 0 0 0 0 0 0 0 0 0 0 0 0 0 0 0 0 0 0 0 0 0 0 0 0 0 0 0 0 0 0 0 0 0 0 0 0 0 0 0 0 0 0 0 0 
1 0 0 0 0 0 0 0 0 0 0 0 0 0 0 0 0 0 0 0 0 0 0 0 0 0 0 0 0 0 0 0 0 0 0 0 0 1 0 0 0 0 0 0 0 0 0 0 0 0 0 0 0 0 0 0 0 0 0 0 0 0 0 0 0 
0 0 0 0 0 0 0 0 0 0 1 0 0 0 0 0 0 0 0 0 0 0 0 0 0 0 0 0 0 0 0 0 0 0 0 0 0 0 0 0 0 0 0 0 0 0 0 0 0 0 0 0 0 0 0 0 0 0 0 0 0 0 0 0 0 
1 0 0 0 0 0 0 0 0 0 0 0 0 0 0 0 0 0 0 0 0 0 0 0 0 0 0 0 0 0 0 0 0 0 0 0 0 0 0 1 0 0 0 0 0 0 0 0 0 0 0 0 0 0 0 0 0 0 0 0 0 0 0 0 0 
0 0 0 0 0 0 0 0 0 0 1 0 0 0 0 0 0 0 0 0 0 0 0 0 0 0 0 0 0 0 0 0 0 0 0 0 0 0 0 0 0 0 0 0 0 0 0 0 0 0 0 0 0 0 0 0 0 0 0 0 0 0 0 0 0 
1 0 0 0 0 0 0 0 0 0 0 0 0 0 0 0 0 0 0 0 0 0 0 0 0 0 0 0 0 0 0 0 0 0 0 0 0 0 0 0 0 1 0 0 0 0 0 0 0 0 0 0 0 0 0 0 0 0 0 0 0 0 0 0 0 
0 0 0 0 0 0 0 0 0 0 1 0 0 0 0 0 0 0 0 0 0 0 0 0 0 0 0 0 0 0 0 0 0 0 0 0 0 0 0 0 0 0 0 0 0 0 0 0 0 0 0 0 0 0 0 0 0 0 0 0 0 0 0 0 0 
1 0 0 0 0 0 0 0 0 0 0 0 0 0 0 0 0 0 0 0 0 0 0 0 0 0 0 0 0 0 0 0 0 0 0 0 0 0 0 0 0 0 0 1 0 0 0 0 0 0 0 0 0 0 0 0 0 0 0 0 0 0 0 0 0 
0 0 0 0 0 0 0 0 0 0 1 0 0 0 0 0 0 0 0 0 0 0 0 0 0 0 0 0 0 0 0 0 0 0 0 0 0 0 0 0 0 0 0 0 0 0 0 0 0 0 0 0 0 0 0 0 0 0 0 0 0 0 0 0 0 
1 0 0 0 0 0 0 0 0 0 0 0 0 0 0 0 0 0 0 0 0 0 0 0 0 0 0 0 0 0 0 0 0 0 0 0 0 0 0 0 0 0 0 0 0 1 0 0 0 0 0 0 0 0 0 0 0 0 0 0 0 0 0 0 0 
0 0 0 0 0 0 0 0 0 0 1 0 0 0 0 0 0 0 0 0 0 0 0 0 0 0 0 0 0 0 0 0 0 0 0 0 0 0 0 0 0 0 0 0 0 0 0 0 0 0 0 0 0 0 0 0 0 0 0 0 0 0 0 0 0 
1 0 0 0 0 0 0 0 0 0 0 0 0 0 0 0 0 0 0 0 0 0 0 0 0 0 0 0 0 0 0 0 0 0 0 0 0 0 0 0 0 0 0 0 0 0 0 1 0 0 0 0 0 0 0 0 0 0 0 0 0 0 0 0 0 
0 0 0 0 0 0 0 0 0 0 1 0 0 0 0 0 0 0 0 0 0 0 0 0 0 0 0 0 0 0 0 0 0 0 0 0 0 0 0 0 0 0 0 0 0 0 0 0 0 0 0 0 0 0 0 0 0 0 0 0 0 0 0 0 0 
1 0 0 0 0 0 0 0 0 0 0 0 0 0 0 0 0 0 0 0 0 0 0 0 0 0 0 0 0 0 0 0 0 0 0 0 0 0 0 0 0 0 0 0 0 0 0 0 0 1 0 0 0 0 0 0 0 0 0 0 0 0 0 0 0 
0 0 0 0 0 0 0 0 0 0 1 0 0 0 0 0 0 0 0 0 0 0 0 0 0 0 0 0 0 0 0 0 0 0 0 0 0 0 0 0 0 0 0 0 0 0 0 0 0 0 0 0 0 0 0 0 0 0 0 0 0 0 0 0 0 
1 0 0 0 0 0 0 0 0 0 0 0 0 0 0 0 0 0 0 0 0 0 0 0 0 0 0 0 0 0 0 0 0 0 0 0 0 0 0 0 0 0 0 0 0 0 0 0 0 0 0 1 0 0 0 0 0 0 0 0 0 0 0 0 0 
0 0 0 0 0 0 0 0 0 0 1 0 0 0 0 0 0 0 0 0 0 0 0 0 0 0 0 0 0 0 0 0 0 0 0 0 0 0 0 0 0 0 0 0 0 0 0 0 0 0 0 0 0 0 0 0 0 0 0 0 0 0 0 0 0 
1 0 0 0 0 0 0 0 0 0 0 0 0 0 0 0 0 0 0 0 0 0 0 0 0 0 0 0 0 0 0 0 0 0 0 0 0 0 0 0 0 0 0 0 0 0 0 0 0 0 0 0 0 1 0 0 0 0 0 0 0 0 0 0 0 
0 0 0 0 0 0 0 0 0 0 1 0 0 0 0 0 0 0 0 0 0 0 0 0 0 0 0 0 0 0 0 0 0 0 0 0 0 0 0 0 0 0 0 0 0 0 0 0 0 0 0 0 0 0 0 0 0 0 0 0 0 0 0 0 0 
1 0 0 0 0 0 0 0 0 0 0 0 0 0 0 0 0 0 0 0 0 0 0 0 0 0 0 0 0 0 0 0 0 0 0 0 0 0 0 0 0 0 0 0 0 0 0 0 0 0 0 0 0 0 0 1 0 0 0 0 0 0 0 0 0 
0 0 0 0 0 0 0 0 0 0 1 0 0 0 0 0 0 0 0 0 0 0 0 0 0 0 0 0 0 0 0 0 0 0 0 0 0 0 0 0 0 0 0 0 0 0 0 0 0 0 0 0 0 0 0 0 0 0 0 0 0 0 0 0 0 
1 0 0 0 0 0 0 0 0 0 0 0 0 0 0 0 0 0 0 0 0 0 0 0 0 0 0 0 0 0 0 0 0 0 0 0 0 0 0 0 0 0 0 0 0 0 0 0 0 0 0 0 0 0 0 0 0 1 0 0 0 0 0 0 0 
0 0 0 0 0 0 0 0 0 0 1 0 0 0 0 0 0 0 0 0 0 0 0 0 0 0 0 0 0 0 0 0 0 0 0 0 0 0 0 0 0 0 0 0 0 0 0 0 0 0 0 0 0 0 0 0 0 0 0 0 0 0 0 0 0 
1 0 0 0 0 0 0 0 0 0 0 0 0 0 0 0 0 0 0 0 0 0 0 0 0 0 0 0 0 0 0 0 0 0 0 0 0 0 0 0 0 0 0 0 0 0 0 0 0 0 0 0 0 0 0 0 0 0 0 1 0 0 0 0 0 
0 0 0 0 0 0 0 0 0 0 1 0 0 0 0 0 0 0 0 0 0 0 0 0 0 0 0 0 0 0 0 0 0 0 0 0 0 0 0 0 0 0 0 0 0 0 0 0 0 0 0 0 0 0 0 0 0 0 0 0 0 0 0 0 0 
1 0 0 0 0 0 0 0 0 0 0 0 0 0 0 0 0 0 0 0 0 0 0 0 0 0 0 0 0 0 0 0 0 0 0 0 0 0 0 0 0 0 0 0 0 0 0 0 0 0 0 0 0 0 0 0 0 0 0 0 0 1 0 0 0 
0 0 0 0 0 0 0 0 0 0 1 0 0 0 0 0 0 0 0 0 0 0 0 0 0 0 0 0 0 0 0 0 0 0 0 0 0 0 0 0 0 0 0 0 0 0 0 0 0 0 0 0 0 0 0 0 0 0 0 0 0 0 0 0 0 
1 0 0 0 0 0 0 0 0 0 0 0 0 0 0 0 0 0 0 0 0 0 0 0 0 0 0 0 0 0 0 0 0 0 0 0 0 0 0 0 0 0 0 0 0 0 0 0 0 0 0 0 0 0 0 0 0 0 0 0 0 0 0 1 0 
Matrix C:
0 0 0 0 0 0 0 0 0 0 0 0 0 0 0 0 0 0 0 0 0 0 0 0 0 0 0 0 0 0 0 0 0 0 0 0 0 0 0 0 0 0 0 0 0 0 0 0 0 0 0 0 0 0 0 0 0 0 0 0 0 0 0 0 0 
0 0 0 0 0 0 0 0 0 0 0 0 0 0 0 0 0 0 0 0 0 0 0 0 0 0 0 0 0 0 0 0 0 0 0 0 0 0 0 0 0 0 0 0 0 0 0 0 0 0 0 0 0 0 0 0 0 0 0 0 0 0 0 0 0 
0 0 0 0 0 0 0 0 0 0 0 0 0 0 0 0 0 0 0 0 0 0 0 0 0 0 0 0 0 0 0 0 0 0 0 0 0 0 0 0 0 0 0 0 0 0 0 0 0 0 0 0 0 0 0 0 0 0 0 0 0 0 0 0 0 
0 0 0 0 0 0 0 0 0 0 0 0 0 0 0 0 0 0 0 0 0 0 0 0 0 0 0 0 0 0 0 0 0 0 0 0 0 0 0 0 0 0 0 0 0 0 0 0 0 0 0 0 0 0 0 0 0 0 0 0 0 0 0 0 0 
0 0 0 0 0 0 0 0 0 0 0 0 0 0 0 0 0 0 0 0 0 0 0 0 0 0 0 0 0 0 0 0 0 0 0 0 0 0 0 0 0 0 0 0 0 0 0 0 0 0 0 0 0 0 0 0 0 0 0 0 0 0 0 0 0 
0 0 0 0 0 0 0 0 0 0 0 0 0 0 0 0 0 0 0 0 0 0 0 0 0 0 0 0 0 0 0 0 0 0 0 0 0 0 0 0 0 0 0 0 0 0 0 0 0 0 0 0 0 0 0 0 0 0 0 0 0 0 0 0 0 
0 0 0 0 0 0 0 0 0 0 0 0 0 0 0 0 0 0 0 0 0 0 0 0 0 0 0 0 0 0 0 0 0 0 0 0 0 0 0 0 0 0 0 0 0 0 0 0 0 0 0 0 0 0 0 0 0 0 0 0 0 0 0 0 0 
0 0 0 0 0 0 0 0 0 0 0 0 0 0 0 0 0 0 0 0 0 0 0 0 0 0 0 0 0 0 0 0 0 0 0 0 0 0 0 0 0 0 0 0 0 0 0 0 0 0 0 0 0 0 0 0 0 0 0 0 0 0 0 0 0 
0 0 0 0 0 0 0 0 0 0 0 0 0 0 0 0 0 0 0 0 0 0 0 0 0 0 0 0 0 0 0 0 0 0 0 0 0 0 0 0 0 0 0 0 0 0 0 0 0 0 0 0 0 0 0 0 0 0 0 0 0 0 0 0 0 
0 0 0 0 0 0 0 0 0 0 0 0 0 0 0 0 0 0 0 0 0 0 0 0 0 0 0 0 0 0 0 0 0 0 0 0 0 0 0 0 0 0 0 0 0 0 0 0 0 0 0 0 0 0 0 0 0 0 0 0 0 0 0 0 0 
0 0 0 0 0 0 0 0 0 0 0 0 0 0 0 0 0 0 0 0 0 0 0 0 0 0 0 0 0 0 0 0 0 0 0 0 0 0 0 0 0 0 0 0 0 0 0 0 0 0 0 0 0 0 0 0 0 0 0 0 0 0 0 0 0 
0 0 0 0 0 0 0 0 0 0 0 0 0 0 0 0 0 0 0 0 0 0 0 0 0 0 0 0 0 0 0 0 0 0 0 0 0 0 0 0 0 0 0 0 0 0 0 0 0 0 0 0 0 0 0 0 0 0 0 0 0 0 0 0 0 
0 0 0 0 0 0 0 0 0 0 0 0 0 0 0 0 0 0 0 0 0 0 0 0 0 0 0 0 0 0 0 0 0 0 0 0 0 0 0 0 0 0 0 0 0 0 0 0 0 0 0 0 0 0 0 0 0 0 0 0 0 0 0 0 0 
0 0 0 0 0 0 0 0 0 0 0 0 0 0 0 0 0 0 0 0 0 0 0 0 0 0 0 0 0 0 0 0 0 0 0 0 0 0 0 0 0 0 0 0 0 0 0 0 0 0 0 0 0 0 0 0 0 0 0 0 0 0 0 0 0 
0 0 0 0 0 0 0 0 0 0 0 0 0 0 0 0 0 0 0 0 0 0 0 0 0 0 0 0 0 0 0 0 0 0 0 0 0 0 0 0 0 0 0 0 0 0 0 0 0 0 0 0 0 0 0 0 0 0 0 0 0 0 0 0 0 
0 0 0 0 0 0 0 0 0 0 0 0 0 0 0 0 0 0 0 0 0 0 0 0 0 0 0 0 0 0 0 0 0 0 0 0 0 0 0 0 0 0 0 0 0 0 0 0 0 0 0 0 0 0 0 0 0 0 0 0 0 0 0 0 0 
0 0 0 0 0 0 0 0 0 0 0 0 0 0 0 0 0 0 0 0 0 0 0 0 0 0 0 0 0 0 0 0 0 0 0 0 0 0 0 0 0 0 0 0 0 0 0 0 0 0 0 0 0 0 0 0 0 0 0 0 0 0 0 0 0 
0 0 0 0 0 0 0 0 0 0 0 0 0 0 0 0 0 0 0 0 0 0 0 0 0 0 0 0 0 0 0 0 0 0 0 0 0 0 0 0 0 0 0 0 0 0 0 0 0 0 0 0 0 0 0 0 0 0 0 0 0 0 0 0 0 
0 0 0 0 0 0 0 0 0 0 0 0 0 0 0 0 0 0 0 0 0 0 0 0 0 0 0 0 0 0 0 0 0 0 0 0 0 0 0 0 0 0 0 0 0 0 0 0 0 0 0 0 0 0 0 0 0 0 0 0 0 0 0 0 0 
0 0 0 0 0 0 0 0 0 0 0 0 0 0 0 0 0 0 0 0 0 0 0 0 0 0 0 0 0 0 0 0 0 0 0 0 0 0 0 0 0 0 0 0 0 0 0 0 0 0 0 0 0 0 0 0 0 0 0 0 0 0 0 0 0 
0 0 0 0 0 0 0 0 0 0 0 0 0 0 0 0 0 0 0 0 0 0 0 0 0 0 0 0 0 0 0 0 0 0 0 0 0 0 0 0 0 0 0 0 0 0 0 0 0 0 0 0 0 0 0 0 0 0 0 0 0 0 0 0 0 
0 0 0 0 0 0 0 0 0 0 0 0 0 0 0 0 0 0 0 0 0 0 0 0 0 0 0 0 0 0 0 0 0 0 0 0 0 0 0 0 0 0 0 0 0 0 0 0 0 0 0 0 0 0 0 0 0 0 0 0 0 0 0 0 0 
0 0 0 0 0 0 0 0 0 0 0 0 0 0 0 0 0 0 0 0 0 0 0 0 0 0 0 0 0 0 0 0 0 0 0 0 0 0 0 0 0 0 0 0 0 0 0 0 0 0 0 0 0 0 0 0 0 0 0 0 0 0 0 0 0 
0 0 0 0 0 0 0 0 0 0 0 0 0 0 0 0 0 0 0 0 0 0 0 0 0 0 0 0 0 0 0 0 0 0 0 0 0 0 0 0 0 0 0 0 0 0 0 0 0 0 0 0 0 0 0 0 0 0 0 0 0 0 0 0 0 
0 0 0 0 0 0 0 0 0 0 0 0 0 0 0 0 0 0 0 0 0 0 0 0 0 0 0 0 0 0 0 0 0 0 0 0 0 0 0 0 0 0 0 0 0 0 0 0 0 0 0 0 0 0 0 0 0 0 0 0 0 0 0 0 0 
0 0 0 0 0 0 0 0 0 0 0 0 0 0 0 0 0 0 0 0 0 0 0 0 0 0 0 0 0 0 0 0 0 0 0 0 0 0 0 0 0 0 0 0 0 0 0 0 0 0 0 0 0 0 0 0 0 0 0 0 0 0 0 0 0 
0 0 0 0 0 0 0 0 0 0 0 0 0 0 0 0 0 0 0 0 0 0 0 0 0 0 0 0 0 0 0 0 0 0 0 0 0 0 0 0 0 0 0 0 0 0 0 0 0 0 0 0 0 0 0 0 0 0 0 0 0 0 0 0 0 
0 0 0 0 0 0 0 0 0 0 0 0 0 0 0 0 0 0 0 0 0 0 0 0 0 0 0 0 0 0 0 0 0 0 0 0 0 0 0 0 0 0 0 0 0 0 0 0 0 0 0 0 0 0 0 0 0 0 0 0 0 0 0 0 0 
0 0 0 0 0 0 0 0 0 0 0 0 0 0 0 0 0 0 0 0 0 0 0 0 0 0 0 0 0 0 0 0 0 0 0 0 0 0 0 0 0 0 0 0 0 0 0 0 0 0 0 0 0 0 0 0 0 0 0 0 0 0 0 0 0 
0 0 0 0 0 0 0 0 0 0 0 0 0 0 0 0 0 0 0 0 0 0 0 0 0 0 0 0 0 0 0 0 0 0 0 0 0 0 0 0 0 0 0 0 0 0 0 0 0 0 0 0 0 0 0 0 0 0 0 0 0 0 0 0 0 
0 0 0 0 0 0 0 0 0 0 0 0 0 0 0 0 0 0 0 0 0 0 0 0 0 0 0 0 0 0 0 0 0 0 0 0 0 0 0 0 0 0 0 0 0 0 0 0 0 0 0 0 0 0 0 0 0 0 0 0 0 0 0 0 0 
0 0 0 0 0 0 0 0 0 0 0 0 0 0 0 0 0 0 0 0 0 0 0 0 0 0 0 0 0 0 0 0 0 0 0 0 0 0 0 0 0 0 0 0 0 0 0 0 0 0 0 0 0 0 0 0 0 0 0 0 0 0 0 0 0 
0 0 0 0 0 0 0 0 0 0 0 0 0 0 0 0 0 0 0 0 0 0 0 0 0 0 0 0 0 0 0 0 0 0 0 0 0 0 0 0 0 0 0 0 0 0 0 0 0 0 0 0 0 0 0 0 0 0 0 0 0 0 0 0 0 
0 0 0 0 0 0 0 0 0 0 0 0 0 0 0 0 0 0 0 0 0 0 0 0 0 0 0 0 0 0 0 0 0 1 0 0 0 0 0 0 0 0 0 0 0 0 0 0 0 0 0 0 0 0 0 0 0 0 0 0 0 0 0 0 0 
0 0 0 0 0 0 0 0 0 0 0 0 0 0 0 0 0 0 0 0 0 0 0 0 0 0 0 0 0 0 0 0 0 0 1 0 0 0 0 0 0 0 0 0 0 0 0 0 0 0 0 0 0 0 0 0 0 0 0 0 0 0 0 0 0 
0 0 0 0 0 0 0 0 0 0 0 0 0 0 0 0 0 0 0 0 0 0 0 0 0 0 0 0 0 0 0 0 0 0 0 1 0 0 0 0 0 0 0 0 0 0 0 0 0 0 0 0 0 0 0 0 0 0 0 0 0 0 0 0 0 
0 0 0 0 0 0 0 0 0 0 0 0 0 0 0 0 0 0 0 0 0 0 0 0 0 0 0 0 0 0 0 0 0 0 0 0 1 0 0 0 0 0 0 0 0 0 0 0 0 0 0 0 0 0 0 0 0 0 0 0 0 0 0 0 0 
0 0 0 0 0 0 0 0 0 0 0 0 0 0 0 0 0 0 0 0 0 0 0 0 0 0 0 0 0 0 0 0 0 0 0 0 0 1 0 0 0 0 0 0 0 0 0 0 0 0 0 0 0 0 0 0 0 0 0 0 0 0 0 0 0 
0 0 0 0 0 0 0 0 0 0 0 0 0 0 0 0 0 0 0 0 0 0 0 0 0 0 0 0 0 0 0 0 0 0 0 0 0 0 1 0 0 0 0 0 0 0 0 0 0 0 0 0 0 0 0 0 0 0 0 0 0 0 0 0 0 
0 0 0 0 0 0 0 0 0 0 0 0 0 0 0 0 0 0 0 0 0 0 0 0 0 0 0 0 0 0 0 0 0 0 0 0 0 0 0 1 0 0 0 0 0 0 0 0 0 0 0 0 0 0 0 0 0 0 0 0 0 0 0 0 0 
0 0 0 0 0 0 0 0 0 0 0 0 0 0 0 0 0 0 0 0 0 0 0 0 0 0 0 0 0 0 0 0 0 0 0 0 0 0 0 0 1 0 0 0 0 0 0 0 0 0 0 0 0 0 0 0 0 0 0 0 0 0 0 0 0 
0 0 0 0 0 0 0 0 0 0 0 0 0 0 0 0 0 0 0 0 0 0 0 0 0 0 0 0 0 0 0 0 0 0 0 0 0 0 0 0 0 1 0 0 0 0 0 0 0 0 0 0 0 0 0 0 0 0 0 0 0 0 0 0 0 
0 0 0 0 0 0 0 0 0 0 0 0 0 0 0 0 0 0 0 0 0 0 0 0 0 0 0 0 0 0 0 0 0 0 0 0 0 0 0 0 0 0 1 0 0 0 0 0 0 0 0 0 0 0 0 0 0 0 0 0 0 0 0 0 0 
0 0 0 0 0 0 0 0 0 0 0 0 0 0 0 0 0 0 0 0 0 0 0 0 0 0 0 0 0 0 0 0 0 0 0 0 0 0 0 0 0 0 0 1 0 0 0 0 0 0 0 0 0 0 0 0 0 0 0 0 0 0 0 0 0 
0 0 0 0 0 0 0 0 0 0 0 0 0 0 0 0 0 0 0 0 0 0 0 0 0 0 0 0 0 0 0 0 0 0 0 0 0 0 0 0 0 0 0 0 1 0 0 0 0 0 0 0 0 0 0 0 0 0 0 0 0 0 0 0 0 
0 0 0 0 0 0 0 0 0 0 0 0 0 0 0 0 0 0 0 0 0 0 0 0 0 0 0 0 0 0 0 0 0 0 0 0 0 0 0 0 0 0 0 0 0 1 0 0 0 0 0 0 0 0 0 0 0 0 0 0 0 0 0 0 0 
0 0 0 0 0 0 0 0 0 0 0 0 0 0 0 0 0 0 0 0 0 0 0 0 0 0 0 0 0 0 0 0 0 0 0 0 0 0 0 0 0 0 0 0 0 0 1 0 0 0 0 0 0 0 0 0 0 0 0 0 0 0 0 0 0 
0 0 0 0 0 0 0 0 0 0 0 0 0 0 0 0 0 0 0 0 0 0 0 0 0 0 0 0 0 0 0 0 0 0 0 0 0 0 0 0 0 0 0 0 0 0 0 1 0 0 0 0 0 0 0 0 0 0 0 0 0 0 0 0 0 
0 0 0 0 0 0 0 0 0 0 0 0 0 0 0 0 0 0 0 0 0 0 0 0 0 0 0 0 0 0 0 0 0 0 0 0 0 0 0 0 0 0 0 0 0 0 0 0 1 0 0 0 0 0 0 0 0 0 0 0 0 0 0 0 0 
0 0 0 0 0 0 0 0 0 0 0 0 0 0 0 0 0 0 0 0 0 0 0 0 0 0 0 0 0 0 0 0 0 0 0 0 0 0 0 0 0 0 0 0 0 0 0 0 0 1 0 0 0 0 0 0 0 0 0 0 0 0 0 0 0 
0 0 0 0 0 0 0 0 0 0 0 0 0 0 0 0 0 0 0 0 0 0 0 0 0 0 0 0 0 0 0 0 0 0 0 0 0 0 0 0 0 0 0 0 0 0 0 0 0 0 1 0 0 0 0 0 0 0 0 0 0 0 0 0 0 
0 0 0 0 0 0 0 0 0 0 0 0 0 0 0 0 0 0 0 0 0 0 0 0 0 0 0 0 0 0 0 0 0 0 0 0 0 0 0 0 0 0 0 0 0 0 0 0 0 0 0 1 0 0 0 0 0 0 0 0 0 0 0 0 0 
0 0 0 0 0 0 0 0 0 0 0 0 0 0 0 0 0 0 0 0 0 0 0 0 0 0 0 0 0 0 0 0 0 0 0 0 0 0 0 0 0 0 0 0 0 0 0 0 0 0 0 0 1 0 0 0 0 0 0 0 0 0 0 0 0 
0 0 0 0 0 0 0 0 0 0 0 0 0 0 0 0 0 0 0 0 0 0 0 0 0 0 0 0 0 0 0 0 0 0 0 0 0 0 0 0 0 0 0 0 0 0 0 0 0 0 0 0 0 1 0 0 0 0 0 0 0 0 0 0 0 
0 0 0 0 0 0 0 0 0 0 0 0 0 0 0 0 0 0 0 0 0 0 0 0 0 0 0 0 0 0 0 0 0 0 0 0 0 0 0 0 0 0 0 0 0 0 0 0 0 0 0 0 0 0 1 0 0 0 0 0 0 0 0 0 0 
0 0 0 0 0 0 0 0 0 0 0 0 0 0 0 0 0 0 0 0 0 0 0 0 0 0 0 0 0 0 0 0 0 0 0 0 0 0 0 0 0 0 0 0 0 0 0 0 0 0 0 0 0 0 0 1 0 0 0 0 0 0 0 0 0 
0 0 0 0 0 0 0 0 0 0 0 0 0 0 0 0 0 0 0 0 0 0 0 0 0 0 0 0 0 0 0 0 0 0 0 0 0 0 0 0 0 0 0 0 0 0 0 0 0 0 0 0 0 0 0 0 1 0 0 0 0 0 0 0 0 
0 0 0 0 0 0 0 0 0 0 0 0 0 0 0 0 0 0 0 0 0 0 0 0 0 0 0 0 0 0 0 0 0 0 0 0 0 0 0 0 0 0 0 0 0 0 0 0 0 0 0 0 0 0 0 0 0 1 0 0 0 0 0 0 0 
0 0 0 0 0 0 0 0 0 0 0 0 0 0 0 0 0 0 0 0 0 0 0 0 0 0 0 0 0 0 0 0 0 0 0 0 0 0 0 0 0 0 0 0 0 0 0 0 0 0 0 0 0 0 0 0 0 0 1 0 0 0 0 0 0 
0 0 0 0 0 0 0 0 0 0 0 0 0 0 0 0 0 0 0 0 0 0 0 0 0 0 0 0 0 0 0 0 0 0 0 0 0 0 0 0 0 0 0 0 0 0 0 0 0 0 0 0 0 0 0 0 0 0 0 1 0 0 0 0 0 
0 0 0 0 0 0 0 0 0 0 0 0 0 0 0 0 0 0 0 0 0 0 0 0 0 0 0 0 0 0 0 0 0 0 0 0 0 0 0 0 0 0 0 0 0 0 0 0 0 0 0 0 0 0 0 0 0 0 0 0 1 0 0 0 0 
0 0 0 0 0 0 0 0 0 0 0 0 0 0 0 0 0 0 0 0 0 0 0 0 0 0 0 0 0 0 0 0 0 0 0 0 0 0 0 0 0 0 0 0 0 0 0 0 0 0 0 0 0 0 0 0 0 0 0 0 0 1 0 0 0 
0 0 0 0 0 0 0 0 0 0 0 0 0 0 0 0 0 0 0 0 0 0 0 0 0 0 0 0 0 0 0 0 0 0 0 0 0 0 0 0 0 0 0 0 0 0 0 0 0 0 0 0 0 0 0 0 0 0 0 0 0 0 1 0 0 
0 0 0 0 0 0 0 0 0 0 0 0 0 0 0 0 0 0 0 0 0 0 0 0 0 0 0 0 0 0 0 0 0 0 0 0 0 0 0 0 0 0 0 0 0 0 0 0 0 0 0 0 0 0 0 0 0 0 0 0 0 0 0 1 0 
0 0 0 0 0 0 0 0 0 0 0 0 0 0 0 0 0 0 0 0 0 0 0 0 0 0 0 0 0 0 0 0 0 0 0 0 0 0 0 0 0 0 0 0 0 0 0 0 0 0 0 0 0 0 0 0 0 0 0 0 0 0 0 0 1 
H[n]: 1 1054388 3233145 702213 2533912 1573957 1757068 6192094 5094803 2165838 1646444 814791 648395 2651880 3340608 4882783 143415 4617619 5186599 2635304 229046 89468 5724997 893931 2360836 3591853 2080024 47221 225353 4662730 3878269 4497579 4587883 1245745 2304782 101191 4686336 2359960 1621073 3367059 1433212 3743438 2158539 2884388 4394026 445491 3365562 4804710 2509190 3396727 2178413 2183335 4356078 352092 370323 4788145 4768375 3030402 3029296 1422595 161279 1953826 1831604 4741042 4410386 
K[m]: 1 6219795 3643387 5814479 2671740 2368875 755969 798204 4549207 955242 5640214 3898594 1981833 1832381 4407148 2459380 5224212 4529210 5991560 4598554 5806622 1099712 4191253 1488522 1910315 131080 2361843 5265033 522214 808244 1710419 102368 6227520 7726 2584134 413042 3555781 3858646 5471552 5429317 1678314 5272279 587307 2328927 4245688 4395140 1820373 3768141 1003309 1698311 235961 1628967 420899 5127809 2036268 4738999 4317206 6096441 3865678 962488 5705307 5419277 4517102 6125153 
vH(x) = 1x^65 + 6227520x^0
row_A(1) = 1245745
row_A(6219795) = 2304782
row_A(3643387) = 101191
row_A(5814479) = 4686336
row_A(2671740) = 2359960
row_A(2368875) = 1621073
row_A(755969) = 3367059
row_A(798204) = 1433212
row_A(4549207) = 3743438
row_A(955242) = 2158539
row_A(5640214) = 2884388
row_A(3898594) = 4394026
row_A(1981833) = 445491
row_A(1832381) = 3365562
row_A(4407148) = 4804710
row_A(2459380) = 2509190
row_A(5224212) = 3396727
row_A(4529210) = 2178413
row_A(5991560) = 2183335
row_A(4598554) = 4356078
row_A(5806622) = 352092
row_A(1099712) = 370323
row_A(4191253) = 4788145
row_A(1488522) = 4768375
row_A(1910315) = 3030402
row_A(131080) = 3029296
row_A(2361843) = 1422595
row_A(5265033) = 161279
row_A(522214) = 1953826
row_A(808244) = 1831604
row_A(1710419) = 4741042
row_A(102368) = 4410386
row_A(6227520) = 4587883
row_A(7726) = 1245745
row_A(2584134) = 2304782
row_A(413042) = 101191
row_A(3555781) = 4686336
row_A(3858646) = 2359960
row_A(5471552) = 1621073
row_A(5429317) = 3367059
row_A(1678314) = 1433212
row_A(5272279) = 3743438
row_A(587307) = 2158539
row_A(2328927) = 2884388
row_A(4245688) = 4394026
row_A(4395140) = 445491
row_A(1820373) = 3365562
row_A(3768141) = 4804710
row_A(1003309) = 2509190
row_A(1698311) = 3396727
row_A(235961) = 2178413
row_A(1628967) = 2183335
row_A(420899) = 4356078
row_A(5127809) = 352092
row_A(2036268) = 370323
row_A(4738999) = 4788145
row_A(4317206) = 4768375
row_A(6096441) = 3030402
row_A(3865678) = 3029296
row_A(962488) = 1422595
row_A(5705307) = 161279
row_A(5419277) = 1953826
row_A(4517102) = 1831604
row_A(6125153) = 4741042

col_A(1) = 2635304
col_A(6219795) = 1
col_A(3643387) = 2304782
col_A(5814479) = 1
col_A(2671740) = 4686336
col_A(2368875) = 1
col_A(755969) = 1621073
col_A(798204) = 1
col_A(4549207) = 1433212
col_A(955242) = 1
col_A(5640214) = 2158539
col_A(3898594) = 1
col_A(1981833) = 4394026
col_A(1832381) = 1
col_A(4407148) = 3365562
col_A(2459380) = 1
col_A(5224212) = 2509190
col_A(4529210) = 1
col_A(5991560) = 2178413
col_A(4598554) = 1
col_A(5806622) = 4356078
col_A(1099712) = 1
col_A(4191253) = 370323
col_A(1488522) = 1
col_A(1910315) = 4768375
col_A(131080) = 1
col_A(2361843) = 3029296
col_A(5265033) = 1
col_A(522214) = 161279
col_A(808244) = 1
col_A(1710419) = 1831604
col_A(102368) = 1
col_A(6227520) = 4587883
col_A(7726) = 1245745
col_A(2584134) = 2304782
col_A(413042) = 101191
col_A(3555781) = 4686336
col_A(3858646) = 2359960
col_A(5471552) = 1621073
col_A(5429317) = 3367059
col_A(1678314) = 1433212
col_A(5272279) = 3743438
col_A(587307) = 2158539
col_A(2328927) = 2884388
col_A(4245688) = 4394026
col_A(4395140) = 445491
col_A(1820373) = 3365562
col_A(3768141) = 4804710
col_A(1003309) = 2509190
col_A(1698311) = 3396727
col_A(235961) = 2178413
col_A(1628967) = 2183335
col_A(420899) = 4356078
col_A(5127809) = 352092
col_A(2036268) = 370323
col_A(4738999) = 4788145
col_A(4317206) = 4768375
col_A(6096441) = 3030402
col_A(3865678) = 3029296
col_A(962488) = 1422595
col_A(5705307) = 161279
col_A(5419277) = 1953826
col_A(4517102) = 1831604
col_A(6125153) = 4741042

val_A(1) = 5022845
val_A(6219795) = 749322
val_A(3643387) = 4574327
val_A(5814479) = 5320665
val_A(2671740) = 5981100
val_A(2368875) = 902453
val_A(755969) = 5719155
val_A(798204) = 5900639
val_A(4549207) = 1783537
val_A(955242) = 3229978
val_A(5640214) = 1362002
val_A(3898594) = 1208221
val_A(1981833) = 713960
val_A(1832381) = 4132333
val_A(4407148) = 4505978
val_A(2459380) = 1636700
val_A(5224212) = 2988822
val_A(4529210) = 1912254
val_A(5991560) = 5320665
val_A(4598554) = 5022845
val_A(5806622) = 5900639
val_A(1099712) = 4955573
val_A(4191253) = 1208221
val_A(1488522) = 996058
val_A(1910315) = 1636700
val_A(131080) = 5600327
val_A(2361843) = 5022845
val_A(5265033) = 2470411
val_A(522214) = 996058
val_A(808244) = 2728751
val_A(1710419) = 2470411
val_A(102368) = 5836489
val_A(6227520) = 0
val_A(7726) = 0
val_A(2584134) = 0
val_A(413042) = 0
val_A(3555781) = 0
val_A(3858646) = 0
val_A(5471552) = 0
val_A(5429317) = 0
val_A(1678314) = 0
val_A(5272279) = 0
val_A(587307) = 0
val_A(2328927) = 0
val_A(4245688) = 0
val_A(4395140) = 0
val_A(1820373) = 0
val_A(3768141) = 0
val_A(1003309) = 0
val_A(1698311) = 0
val_A(235961) = 0
val_A(1628967) = 0
val_A(420899) = 0
val_A(5127809) = 0
val_A(2036268) = 0
val_A(4738999) = 0
val_A(4317206) = 0
val_A(6096441) = 0
val_A(3865678) = 0
val_A(962488) = 0
val_A(5705307) = 0
val_A(5419277) = 0
val_A(4517102) = 0
val_A(6125153) = 0

row_B(1) = 1245745
row_B(6219795) = 2304782
row_B(3643387) = 2304782
row_B(5814479) = 101191
row_B(2671740) = 4686336
row_B(2368875) = 4686336
row_B(755969) = 2359960
row_B(798204) = 1621073
row_B(4549207) = 1621073
row_B(955242) = 3367059
row_B(5640214) = 1433212
row_B(3898594) = 1433212
row_B(1981833) = 3743438
row_B(1832381) = 2158539
row_B(4407148) = 2158539
row_B(2459380) = 2884388
row_B(5224212) = 4394026
row_B(4529210) = 4394026
row_B(5991560) = 445491
row_B(4598554) = 3365562
row_B(5806622) = 3365562
row_B(1099712) = 4804710
row_B(4191253) = 2509190
row_B(1488522) = 2509190
row_B(1910315) = 3396727
row_B(131080) = 2178413
row_B(2361843) = 2178413
row_B(5265033) = 2183335
row_B(522214) = 4356078
row_B(808244) = 4356078
row_B(1710419) = 352092
row_B(102368) = 370323
row_B(6227520) = 370323
row_B(7726) = 4788145
row_B(2584134) = 4768375
row_B(413042) = 4768375
row_B(3555781) = 3030402
row_B(3858646) = 3029296
row_B(5471552) = 3029296
row_B(5429317) = 1422595
row_B(1678314) = 161279
row_B(5272279) = 161279
row_B(587307) = 1953826
row_B(2328927) = 1831604
row_B(4245688) = 1831604
row_B(4395140) = 4741042
row_B(1820373) = 4410386
row_B(3768141) = 4410386
row_B(1003309) = 2509190
row_B(1698311) = 3396727
row_B(235961) = 2178413
row_B(1628967) = 2183335
row_B(420899) = 4356078
row_B(5127809) = 352092
row_B(2036268) = 370323
row_B(4738999) = 4788145
row_B(4317206) = 4768375
row_B(6096441) = 3030402
row_B(3865678) = 3029296
row_B(962488) = 1422595
row_B(5705307) = 161279
row_B(5419277) = 1953826
row_B(4517102) = 1831604
row_B(6125153) = 4741042

col_B(1) = 1646444
col_B(6219795) = 1
col_B(3643387) = 1245745
col_B(5814479) = 1646444
col_B(2671740) = 1
col_B(2368875) = 101191
col_B(755969) = 1646444
col_B(798204) = 1
col_B(4549207) = 2359960
col_B(955242) = 1646444
col_B(5640214) = 1
col_B(3898594) = 3367059
col_B(1981833) = 1646444
col_B(1832381) = 1
col_B(4407148) = 3743438
col_B(2459380) = 1646444
col_B(5224212) = 1
col_B(4529210) = 2884388
col_B(5991560) = 1646444
col_B(4598554) = 1
col_B(5806622) = 445491
col_B(1099712) = 1646444
col_B(4191253) = 1
col_B(1488522) = 4804710
col_B(1910315) = 1646444
col_B(131080) = 1
col_B(2361843) = 3396727
col_B(5265033) = 1646444
col_B(522214) = 1
col_B(808244) = 2183335
col_B(1710419) = 1646444
col_B(102368) = 1
col_B(6227520) = 352092
col_B(7726) = 1646444
col_B(2584134) = 1
col_B(413042) = 4788145
col_B(3555781) = 1646444
col_B(3858646) = 1
col_B(5471552) = 3030402
col_B(5429317) = 1646444
col_B(1678314) = 1
col_B(5272279) = 1422595
col_B(587307) = 1646444
col_B(2328927) = 1
col_B(4245688) = 1953826
col_B(4395140) = 1646444
col_B(1820373) = 1
col_B(3768141) = 4741042
col_B(1003309) = 2509190
col_B(1698311) = 3396727
col_B(235961) = 2178413
col_B(1628967) = 2183335
col_B(420899) = 4356078
col_B(5127809) = 352092
col_B(2036268) = 370323
col_B(4738999) = 4788145
col_B(4317206) = 4768375
col_B(6096441) = 3030402
col_B(3865678) = 3029296
col_B(962488) = 1422595
col_B(5705307) = 161279
col_B(5419277) = 1953826
col_B(4517102) = 1831604
col_B(6125153) = 4741042

val_B(1) = 5634194
val_B(6219795) = 749322
val_B(3643387) = 2329637
val_B(5814479) = 890383
val_B(2671740) = 5320665
val_B(2368875) = 3083960
val_B(755969) = 3487075
val_B(798204) = 902453
val_B(4549207) = 3075090
val_B(955242) = 2267769
val_B(5640214) = 5900639
val_B(3898594) = 2398939
val_B(1981833) = 4333987
val_B(1832381) = 3229978
val_B(4407148) = 4616226
val_B(2459380) = 402477
val_B(5224212) = 1208221
val_B(4529210) = 1354459
val_B(5991560) = 1077131
val_B(4598554) = 4132333
val_B(5806622) = 5905214
val_B(1099712) = 3778501
val_B(4191253) = 1636700
val_B(1488522) = 4439040
val_B(1910315) = 855239
val_B(131080) = 1912254
val_B(2361843) = 749322
val_B(5265033) = 5187361
val_B(522214) = 5022845
val_B(808244) = 902453
val_B(1710419) = 4014741
val_B(102368) = 4955573
val_B(6227520) = 3229978
val_B(7726) = 6034431
val_B(2584134) = 996058
val_B(413042) = 4132333
val_B(3555781) = 2329637
val_B(3858646) = 5600327
val_B(5471552) = 1912254
val_B(5429317) = 4574327
val_B(1678314) = 2470411
val_B(5272279) = 4955573
val_B(587307) = 3083960
val_B(2328927) = 2728751
val_B(4245688) = 5600327
val_B(4395140) = 5981100
val_B(1820373) = 5836489
val_B(3768141) = 2728751
val_B(1003309) = 0
val_B(1698311) = 0
val_B(235961) = 0
val_B(1628967) = 0
val_B(420899) = 0
val_B(5127809) = 0
val_B(2036268) = 0
val_B(4738999) = 0
val_B(4317206) = 0
val_B(6096441) = 0
val_B(3865678) = 0
val_B(962488) = 0
val_B(5705307) = 0
val_B(5419277) = 0
val_B(4517102) = 0
val_B(6125153) = 0

row_C(1) = 1245745
row_C(6219795) = 2304782
row_C(3643387) = 101191
row_C(5814479) = 4686336
row_C(2671740) = 2359960
row_C(2368875) = 1621073
row_C(755969) = 3367059
row_C(798204) = 1433212
row_C(4549207) = 3743438
row_C(955242) = 2158539
row_C(5640214) = 2884388
row_C(3898594) = 4394026
row_C(1981833) = 445491
row_C(1832381) = 3365562
row_C(4407148) = 4804710
row_C(2459380) = 2509190
row_C(5224212) = 3396727
row_C(4529210) = 2178413
row_C(5991560) = 2183335
row_C(4598554) = 4356078
row_C(5806622) = 352092
row_C(1099712) = 370323
row_C(4191253) = 4788145
row_C(1488522) = 4768375
row_C(1910315) = 3030402
row_C(131080) = 3029296
row_C(2361843) = 1422595
row_C(5265033) = 161279
row_C(522214) = 1953826
row_C(808244) = 1831604
row_C(1710419) = 4741042
row_C(102368) = 4410386
row_C(6227520) = 4587883
row_C(7726) = 1245745
row_C(2584134) = 2304782
row_C(413042) = 101191
row_C(3555781) = 4686336
row_C(3858646) = 2359960
row_C(5471552) = 1621073
row_C(5429317) = 3367059
row_C(1678314) = 1433212
row_C(5272279) = 3743438
row_C(587307) = 2158539
row_C(2328927) = 2884388
row_C(4245688) = 4394026
row_C(4395140) = 445491
row_C(1820373) = 3365562
row_C(3768141) = 4804710
row_C(1003309) = 2509190
row_C(1698311) = 3396727
row_C(235961) = 2178413
row_C(1628967) = 2183335
row_C(420899) = 4356078
row_C(5127809) = 352092
row_C(2036268) = 370323
row_C(4738999) = 4788145
row_C(4317206) = 4768375
row_C(6096441) = 3030402
row_C(3865678) = 3029296
row_C(962488) = 1422595
row_C(5705307) = 161279
row_C(5419277) = 1953826
row_C(4517102) = 1831604
row_C(6125153) = 4741042

col_C(1) = 1245745
col_C(6219795) = 2304782
col_C(3643387) = 101191
col_C(5814479) = 4686336
col_C(2671740) = 2359960
col_C(2368875) = 1621073
col_C(755969) = 3367059
col_C(798204) = 1433212
col_C(4549207) = 3743438
col_C(955242) = 2158539
col_C(5640214) = 2884388
col_C(3898594) = 4394026
col_C(1981833) = 445491
col_C(1832381) = 3365562
col_C(4407148) = 4804710
col_C(2459380) = 2509190
col_C(5224212) = 3396727
col_C(4529210) = 2178413
col_C(5991560) = 2183335
col_C(4598554) = 4356078
col_C(5806622) = 352092
col_C(1099712) = 370323
col_C(4191253) = 4788145
col_C(1488522) = 4768375
col_C(1910315) = 3030402
col_C(131080) = 3029296
col_C(2361843) = 1422595
col_C(5265033) = 161279
col_C(522214) = 1953826
col_C(808244) = 1831604
col_C(1710419) = 4741042
col_C(102368) = 4410386
col_C(6227520) = 4587883
col_C(7726) = 1245745
col_C(2584134) = 2304782
col_C(413042) = 101191
col_C(3555781) = 4686336
col_C(3858646) = 2359960
col_C(5471552) = 1621073
col_C(5429317) = 3367059
col_C(1678314) = 1433212
col_C(5272279) = 3743438
col_C(587307) = 2158539
col_C(2328927) = 2884388
col_C(4245688) = 4394026
col_C(4395140) = 445491
col_C(1820373) = 3365562
col_C(3768141) = 4804710
col_C(1003309) = 2509190
col_C(1698311) = 3396727
col_C(235961) = 2178413
col_C(1628967) = 2183335
col_C(420899) = 4356078
col_C(5127809) = 352092
col_C(2036268) = 370323
col_C(4738999) = 4788145
col_C(4317206) = 4768375
col_C(6096441) = 3030402
col_C(3865678) = 3029296
col_C(962488) = 1422595
col_C(5705307) = 161279
col_C(5419277) = 1953826
col_C(4517102) = 1831604
col_C(6125153) = 4741042

val_C(1) = 4565133
val_C(6219795) = 1506563
val_C(3643387) = 122712
val_C(5814479) = 2781372
val_C(2671740) = 1285814
val_C(2368875) = 4096354
val_C(755969) = 177504
val_C(798204) = 5199846
val_C(4549207) = 3038944
val_C(955242) = 6119071
val_C(5640214) = 5994655
val_C(3898594) = 5290288
val_C(1981833) = 1890479
val_C(1832381) = 5415375
val_C(4407148) = 4857833
val_C(2459380) = 2729382
val_C(5224212) = 3324096
val_C(4529210) = 2990708
val_C(5991560) = 1717733
val_C(4598554) = 1542569
val_C(5806622) = 1691529
val_C(1099712) = 5634194
val_C(4191253) = 890383
val_C(1488522) = 3487075
val_C(1910315) = 2267769
val_C(131080) = 4333987
val_C(2361843) = 402477
val_C(5265033) = 1077131
val_C(522214) = 3778501
val_C(808244) = 855239
val_C(1710419) = 5187361
val_C(102368) = 4014741
val_C(6227520) = 0
val_C(7726) = 0
val_C(2584134) = 0
val_C(413042) = 0
val_C(3555781) = 0
val_C(3858646) = 0
val_C(5471552) = 0
val_C(5429317) = 0
val_C(1678314) = 0
val_C(5272279) = 0
val_C(587307) = 0
val_C(2328927) = 0
val_C(4245688) = 0
val_C(4395140) = 0
val_C(1820373) = 0
val_C(3768141) = 0
val_C(1003309) = 0
val_C(1698311) = 0
val_C(235961) = 0
val_C(1628967) = 0
val_C(420899) = 0
val_C(5127809) = 0
val_C(2036268) = 0
val_C(4738999) = 0
val_C(4317206) = 0
val_C(6096441) = 0
val_C(3865678) = 0
val_C(962488) = 0
val_C(5705307) = 0
val_C(5419277) = 0
val_C(4517102) = 0
val_C(6125153) = 0

rowA(x) = 3992114x^63 + 287617x^62 + 871997x^61 + 1433104x^60 + 2731570x^59 + 3932612x^58 + 147866x^57 + 3731788x^56 + 1852850x^55 + 1087585x^54 + 2309737x^53 + 1711157x^52 + 4236519x^51 + 2986284x^50 + 1363467x^49 + 2955761x^48 + 1571686x^47 + 3497289x^46 + 5853558x^45 + 2595774x^44 + 1781885x^43 + 480300x^42 + 3355199x^41 + 5817776x^40 + 1904425x^39 + 2242571x^38 + 739002x^37 + 5633589x^36 + 1189879x^35 + 2297669x^34 + 1348330x^33 + 3797669x^32 + 3573506x^31 + 2185663x^30 + 5016254x^29 + 2099832x^28 + 1063190x^27 + 3792802x^26 + 265531x^25 + 1129770x^24 + 4039009x^23 + 1612987x^22 + 1721102x^21 + 3903335x^20 + 3729936x^19 + 2109630x^18 + 1442212x^17 + 2758930x^16 + 992703x^15 + 2401470x^14 + 282349x^13 + 4870363x^12 + 371352x^11 + 2309395x^10 + 2682210x^9 + 3707956x^8 + 4583245x^7 + 3779819x^6 + 1740202x^5 + 4065325x^4 + 314567x^3 + 3900241x^2 + 5991731x^1 + 986045x^0
colA(x) = 1637567x^63 + 5919415x^62 + 3793041x^61 + 1375411x^60 + 2676153x^59 + 3482937x^58 + 4673619x^57 + 5574392x^56 + 4776497x^55 + 72106x^54 + 1356004x^53 + 3122875x^52 + 4093212x^51 + 5450324x^50 + 4626468x^49 + 1522477x^48 + 1225487x^47 + 1694380x^46 + 2247575x^45 + 25642x^44 + 4811777x^43 + 4149364x^42 + 1316074x^41 + 406876x^40 + 5751463x^39 + 2617977x^38 + 197731x^37 + 904439x^36 + 4133823x^35 + 1718013x^34 + 4731721x^33 + 601745x^32 + 5112766x^31 + 5207367x^30 + 2957292x^29 + 1633847x^28 + 4074180x^27 + 3592463x^26 + 2076714x^25 + 5568814x^24 + 1973836x^23 + 5802153x^22 + 5394329x^21 + 863812x^20 + 2657121x^19 + 3576147x^18 + 2123865x^17 + 4687495x^16 + 5524846x^15 + 2312572x^14 + 4502758x^13 + 5787685x^12 + 1938556x^11 + 1062594x^10 + 5434259x^9 + 4248522x^8 + 998870x^7 + 4535176x^6 + 325081x^5 + 4170211x^4 + 2616510x^3 + 735262x^2 + 2018612x^1 + 1488155x^0
valA(x) = 4328885x^63 + 5017027x^62 + 1704827x^61 + 5027564x^60 + 392457x^59 + 2188300x^58 + 2737868x^57 + 5439001x^56 + 5271801x^55 + 1869093x^54 + 4485009x^53 + 4302313x^52 + 4910401x^51 + 1929378x^50 + 5764572x^49 + 3055805x^48 + 3613942x^47 + 3697980x^46 + 3140182x^45 + 2986912x^44 + 3327124x^43 + 1167318x^42 + 4658109x^41 + 4294063x^40 + 5589352x^39 + 3589901x^38 + 3025193x^37 + 730923x^36 + 1073976x^35 + 5836286x^34 + 4153112x^33 + 4127502x^32 + 4017057x^31 + 2786055x^30 + 3662451x^29 + 2113623x^28 + 2993802x^27 + 1511689x^26 + 2627658x^25 + 5460496x^24 + 4918309x^23 + 570768x^22 + 2799438x^21 + 5488438x^20 + 554345x^19 + 1210317x^18 + 5892199x^17 + 4372738x^16 + 813974x^15 + 478425x^14 + 3203962x^13 + 1179000x^12 + 886848x^11 + 1772809x^10 + 2333079x^9 + 2186352x^8 + 5210522x^7 + 1903590x^6 + 3870499x^5 + 5212120x^4 + 1932466x^3 + 3901576x^2 + 1372100x^1 + 3630636x^0
rowB(x) = 4819711x^63 + 1699504x^62 + 143485x^61 + 4844896x^60 + 3086323x^59 + 4864764x^58 + 1702579x^57 + 4253322x^56 + 4486139x^55 + 3401397x^54 + 5286942x^53 + 16879x^52 + 3542807x^51 + 5282911x^50 + 4911493x^49 + 1776062x^48 + 1247955x^47 + 3830293x^46 + 1459410x^45 + 5399676x^44 + 6207661x^43 + 6112575x^42 + 3292829x^41 + 3376513x^40 + 4625006x^39 + 1918380x^38 + 3315614x^37 + 5998044x^36 + 630956x^35 + 1949493x^34 + 1798692x^33 + 3534647x^32 + 4408909x^31 + 6194127x^30 + 3846984x^29 + 5184052x^28 + 4074111x^27 + 3512475x^26 + 730735x^25 + 4354473x^24 + 3542799x^23 + 1452003x^22 + 2567959x^21 + 427561x^20 + 5307882x^19 + 71774x^18 + 1674753x^17 + 5306674x^16 + 5055561x^15 + 4537086x^14 + 5750458x^13 + 4820307x^12 + 2095382x^11 + 4994196x^10 + 1295354x^9 + 2753772x^8 + 1727297x^7 + 4152670x^6 + 2273083x^5 + 5824549x^4 + 4775461x^3 + 752254x^2 + 393717x^1 + 306083x^0
colB(x) = 2622772x^63 + 1955783x^62 + 5669924x^61 + 4261366x^60 + 1899743x^59 + 113968x^58 + 5883438x^57 + 2953297x^56 + 1008126x^55 + 2377614x^54 + 3688944x^53 + 1175666x^52 + 2671595x^51 + 1984184x^50 + 1203455x^49 + 4961426x^48 + 4494738x^47 + 3313085x^46 + 5528347x^45 + 1366236x^44 + 1694421x^43 + 1070227x^42 + 4153957x^41 + 2060621x^40 + 2624299x^39 + 4700642x^38 + 23361x^37 + 2081427x^36 + 955898x^35 + 2758391x^34 + 4339487x^33 + 3534647x^32 + 4976736x^31 + 4646083x^30 + 4910202x^29 + 710556x^28 + 3524157x^27 + 5465027x^26 + 4577746x^25 + 2422593x^24 + 2956738x^23 + 609640x^22 + 3861089x^21 + 2487293x^20 + 5644664x^19 + 4042352x^18 + 1729808x^17 + 2957596x^16 + 3749010x^15 + 2494543x^14 + 2733270x^13 + 5758768x^12 + 2309304x^11 + 800256x^10 + 5644413x^9 + 5599810x^8 + 4957193x^7 + 3716843x^6 + 3641550x^5 + 4200070x^4 + 3519259x^3 + 1859465x^2 + 5544910x^1 + 5972608x^0
valB(x) = 656808x^63 + 3897530x^62 + 2988970x^61 + 3594263x^60 + 6090529x^59 + 5739331x^58 + 4307206x^57 + 3199227x^56 + 541560x^55 + 139560x^54 + 106996x^53 + 1187085x^52 + 4982935x^51 + 2282516x^50 + 1180524x^49 + 1776530x^48 + 2139223x^47 + 4767160x^46 + 3050449x^45 + 4114034x^44 + 1067377x^43 + 1938238x^42 + 440144x^41 + 817228x^40 + 4469556x^39 + 1640110x^38 + 3459870x^37 + 1727197x^36 + 4415256x^35 + 5436508x^34 + 1194149x^33 + 3943813x^32 + 2729406x^31 + 5631229x^30 + 319559x^29 + 833367x^28 + 5639846x^27 + 777547x^26 + 3580465x^25 + 4790261x^24 + 4177539x^23 + 4984717x^22 + 1968627x^21 + 3779734x^20 + 4712855x^19 + 460903x^18 + 6208115x^17 + 3186160x^16 + 567479x^15 + 3267018x^14 + 2817831x^13 + 6146896x^12 + 4695099x^11 + 1939681x^10 + 2805290x^9 + 5231175x^8 + 2035441x^7 + 4725270x^6 + 4382957x^5 + 94264x^4 + 4388315x^3 + 5663718x^2 + 2494547x^1 + 132631x^0
rowC(x) = 3992114x^63 + 287617x^62 + 871997x^61 + 1433104x^60 + 2731570x^59 + 3932612x^58 + 147866x^57 + 3731788x^56 + 1852850x^55 + 1087585x^54 + 2309737x^53 + 1711157x^52 + 4236519x^51 + 2986284x^50 + 1363467x^49 + 2955761x^48 + 1571686x^47 + 3497289x^46 + 5853558x^45 + 2595774x^44 + 1781885x^43 + 480300x^42 + 3355199x^41 + 5817776x^40 + 1904425x^39 + 2242571x^38 + 739002x^37 + 5633589x^36 + 1189879x^35 + 2297669x^34 + 1348330x^33 + 3797669x^32 + 3573506x^31 + 2185663x^30 + 5016254x^29 + 2099832x^28 + 1063190x^27 + 3792802x^26 + 265531x^25 + 1129770x^24 + 4039009x^23 + 1612987x^22 + 1721102x^21 + 3903335x^20 + 3729936x^19 + 2109630x^18 + 1442212x^17 + 2758930x^16 + 992703x^15 + 2401470x^14 + 282349x^13 + 4870363x^12 + 371352x^11 + 2309395x^10 + 2682210x^9 + 3707956x^8 + 4583245x^7 + 3779819x^6 + 1740202x^5 + 4065325x^4 + 314567x^3 + 3900241x^2 + 5991731x^1 + 986045x^0
colC(x) = 3992114x^63 + 287617x^62 + 871997x^61 + 1433104x^60 + 2731570x^59 + 3932612x^58 + 147866x^57 + 3731788x^56 + 1852850x^55 + 1087585x^54 + 2309737x^53 + 1711157x^52 + 4236519x^51 + 2986284x^50 + 1363467x^49 + 2955761x^48 + 1571686x^47 + 3497289x^46 + 5853558x^45 + 2595774x^44 + 1781885x^43 + 480300x^42 + 3355199x^41 + 5817776x^40 + 1904425x^39 + 2242571x^38 + 739002x^37 + 5633589x^36 + 1189879x^35 + 2297669x^34 + 1348330x^33 + 3797669x^32 + 3573506x^31 + 2185663x^30 + 5016254x^29 + 2099832x^28 + 1063190x^27 + 3792802x^26 + 265531x^25 + 1129770x^24 + 4039009x^23 + 1612987x^22 + 1721102x^21 + 3903335x^20 + 3729936x^19 + 2109630x^18 + 1442212x^17 + 2758930x^16 + 992703x^15 + 2401470x^14 + 282349x^13 + 4870363x^12 + 371352x^11 + 2309395x^10 + 2682210x^9 + 3707956x^8 + 4583245x^7 + 3779819x^6 + 1740202x^5 + 4065325x^4 + 314567x^3 + 3900241x^2 + 5991731x^1 + 986045x^0
valC(x) = 4464301x^63 + 1583185x^62 + 970497x^61 + 426838x^60 + 3549092x^59 + 4515747x^58 + 4313748x^57 + 3938081x^56 + 3860781x^55 + 1464322x^54 + 2697674x^53 + 2120120x^52 + 2782623x^51 + 5641672x^50 + 4286781x^49 + 345484x^48 + 508491x^47 + 3095015x^46 + 5919858x^45 + 191369x^44 + 3168624x^43 + 3331011x^42 + 2221224x^41 + 6149880x^40 + 2302957x^39 + 5943909x^38 + 4578429x^37 + 2249774x^36 + 3173872x^35 + 5114212x^34 + 1062204x^33 + 919520x^32 + 2162539x^31 + 3884127x^30 + 1469431x^29 + 4263600x^28 + 2820553x^27 + 1540660x^26 + 412141x^25 + 2871354x^24 + 2673245x^23 + 1038334x^22 + 5095789x^21 + 5136550x^20 + 2195347x^19 + 696807x^18 + 1535951x^17 + 1483869x^16 + 5988426x^15 + 5975898x^14 + 3927325x^13 + 5263556x^12 + 2835204x^11 + 2610153x^10 + 5674439x^9 + 4839939x^8 + 2807461x^7 + 4299935x^6 + 40314x^5 + 2467331x^4 + 1901724x^3 + 4066081x^2 + 1180576x^1 + 1340809x^0
O_AHP = {986045, 5991731, 3900241, 314567, 4065325, 1740202, 3779819, 4583245, 3707956, 2682210, 2309395, 371352, 4870363, 282349, 2401470, 992703, 2758930, 1442212, 2109630, 3729936, 3903335, 1721102, 1612987, 4039009, 1129770, 265531, 3792802, 1063190, 2099832, 5016254, 2185663, 3573506, 3797669, 1348330, 2297669, 1189879, 5633589, 739002, 2242571, 1904425, 5817776, 3355199, 480300, 1781885, 2595774, 5853558, 3497289, 1571686, 2955761, 1363467, 2986284, 4236519, 1711157, 2309737, 1087585, 1852850, 3731788, 147866, 3932612, 2731570, 1433104, 871997, 287617, 3992114, 1488155, 2018612, 735262, 2616510, 4170211, 325081, 4535176, 998870, 4248522, 5434259, 1062594, 1938556, 5787685, 4502758, 2312572, 5524846, 4687495, 2123865, 3576147, 2657121, 863812, 5394329, 5802153, 1973836, 5568814, 2076714, 3592463, 4074180, 1633847, 2957292, 5207367, 5112766, 601745, 4731721, 1718013, 4133823, 904439, 197731, 2617977, 5751463, 406876, 1316074, 4149364, 4811777, 25642, 2247575, 1694380, 1225487, 1522477, 4626468, 5450324, 4093212, 3122875, 1356004, 72106, 4776497, 5574392, 4673619, 3482937, 2676153, 1375411, 3793041, 5919415, 1637567, 3630636, 1372100, 3901576, 1932466, 5212120, 3870499, 1903590, 5210522, 2186352, 2333079, 1772809, 886848, 1179000, 3203962, 478425, 813974, 4372738, 5892199, 1210317, 554345, 5488438, 2799438, 570768, 4918309, 5460496, 2627658, 1511689, 2993802, 2113623, 3662451, 2786055, 4017057, 4127502, 4153112, 5836286, 1073976, 730923, 3025193, 3589901, 5589352, 4294063, 4658109, 1167318, 3327124, 2986912, 3140182, 3697980, 3613942, 3055805, 5764572, 1929378, 4910401, 4302313, 4485009, 1869093, 5271801, 5439001, 2737868, 2188300, 392457, 5027564, 1704827, 5017027, 4328885, 306083, 393717, 752254, 4775461, 5824549, 2273083, 4152670, 1727297, 2753772, 1295354, 4994196, 2095382, 4820307, 5750458, 4537086, 5055561, 5306674, 1674753, 71774, 5307882, 427561, 2567959, 1452003, 3542799, 4354473, 730735, 3512475, 4074111, 5184052, 3846984, 6194127, 4408909, 3534647, 1798692, 1949493, 630956, 5998044, 3315614, 1918380, 4625006, 3376513, 3292829, 6112575, 6207661, 5399676, 1459410, 3830293, 1247955, 1776062, 4911493, 5282911, 3542807, 16879, 5286942, 3401397, 4486139, 4253322, 1702579, 4864764, 3086323, 4844896, 143485, 1699504, 4819711, 5972608, 5544910, 1859465, 3519259, 4200070, 3641550, 3716843, 4957193, 5599810, 5644413, 800256, 2309304, 5758768, 2733270, 2494543, 3749010, 2957596, 1729808, 4042352, 5644664, 2487293, 3861089, 609640, 2956738, 2422593, 4577746, 5465027, 3524157, 710556, 4910202, 4646083, 4976736, 3534647, 4339487, 2758391, 955898, 2081427, 23361, 4700642, 2624299, 2060621, 4153957, 1070227, 1694421, 1366236, 5528347, 3313085, 4494738, 4961426, 1203455, 1984184, 2671595, 1175666, 3688944, 2377614, 1008126, 2953297, 5883438, 113968, 1899743, 4261366, 5669924, 1955783, 2622772, 132631, 2494547, 5663718, 4388315, 94264, 4382957, 4725270, 2035441, 5231175, 2805290, 1939681, 4695099, 6146896, 2817831, 3267018, 567479, 3186160, 6208115, 460903, 4712855, 3779734, 1968627, 4984717, 4177539, 4790261, 3580465, 777547, 5639846, 833367, 319559, 5631229, 2729406, 3943813, 1194149, 5436508, 4415256, 1727197, 3459870, 1640110, 4469556, 817228, 440144, 1938238, 1067377, 4114034, 3050449, 4767160, 2139223, 1776530, 1180524, 2282516, 4982935, 1187085, 106996, 139560, 541560, 3199227, 4307206, 5739331, 6090529, 3594263, 2988970, 3897530, 656808, 986045, 5991731, 3900241, 314567, 4065325, 1740202, 3779819, 4583245, 3707956, 2682210, 2309395, 371352, 4870363, 282349, 2401470, 992703, 2758930, 1442212, 2109630, 3729936, 3903335, 1721102, 1612987, 4039009, 1129770, 265531, 3792802, 1063190, 2099832, 5016254, 2185663, 3573506, 3797669, 1348330, 2297669, 1189879, 5633589, 739002, 2242571, 1904425, 5817776, 3355199, 480300, 1781885, 2595774, 5853558, 3497289, 1571686, 2955761, 1363467, 2986284, 4236519, 1711157, 2309737, 1087585, 1852850, 3731788, 147866, 3932612, 2731570, 1433104, 871997, 287617, 3992114, 986045, 5991731, 3900241, 314567, 4065325, 1740202, 3779819, 4583245, 3707956, 2682210, 2309395, 371352, 4870363, 282349, 2401470, 992703, 2758930, 1442212, 2109630, 3729936, 3903335, 1721102, 1612987, 4039009, 1129770, 265531, 3792802, 1063190, 2099832, 5016254, 2185663, 3573506, 3797669, 1348330, 2297669, 1189879, 5633589, 739002, 2242571, 1904425, 5817776, 3355199, 480300, 1781885, 2595774, 5853558, 3497289, 1571686, 2955761, 1363467, 2986284, 4236519, 1711157, 2309737, 1087585, 1852850, 3731788, 147866, 3932612, 2731570, 1433104, 871997, 287617, 3992114, 1340809, 1180576, 4066081, 1901724, 2467331, 40314, 4299935, 2807461, 4839939, 5674439, 2610153, 2835204, 5263556, 3927325, 5975898, 5988426, 1483869, 1535951, 696807, 2195347, 5136550, 5095789, 1038334, 2673245, 2871354, 412141, 1540660, 2820553, 4263600, 1469431, 3884127, 2162539, 919520, 1062204, 5114212, 3173872, 2249774, 4578429, 5943909, 2302957, 6149880, 2221224, 3331011, 3168624, 191369, 5919858, 3095015, 508491, 345484, 4286781, 5641672, 2782623, 2120120, 2697674, 1464322, 3860781, 3938081, 4313748, 4515747, 3549092, 426838, 970497, 1583185, 4464301}
Com0_AHP = 3605454
Com1_AHP = 3181267
Com2_AHP = 5825120
Com3_AHP = 3316484
Com4_AHP = 5817394
Com5_AHP = 239948
Com6_AHP = 3605454
Com7_AHP = 3605454
Com8_AHP = 4818508
JSON data has been written to program_commitment.json
JSON data has been written to program_param.json
