----------------
IN: _start
0x00010194:  00002197          auipc                   gp,2                    # 0x12194
0x00010198:  68418193          addi                    gp,gp,1668
0x0001019c:  00003517          auipc                   a0,3                    # 0x1319c
0x000101a0:  81c50513          addi                    a0,a0,-2020
0x000101a4:  00003617          auipc                   a2,3                    # 0x131a4
0x000101a8:  dd460613          addi                    a2,a2,-556
0x000101ac:  8e09              sub                     a2,a2,a0
0x000101ae:  4581              mv                      a1,zero
0x000101b0:  60a000ef          jal                     ra,1546                 # 0x107ba

 pc       0000000000010194
 x0/zero  0000000000000000 x1/ra    0000000000000000 x2/sp    00002aaaab2aaf30 x3/gp    0000000000000000
 x4/tp    0000000000000000 x5/t0    0000000000000000 x6/t1    0000000000000000 x7/t2    0000000000000000
 x8/s0    0000000000000000 x9/s1    0000000000000000 x10/a0   0000000000000000 x11/a1   0000000000000000
 x12/a2   0000000000000000 x13/a3   0000000000000000 x14/a4   0000000000000000 x15/a5   0000000000000000
 x16/a6   0000000000000000 x17/a7   0000000000000000 x18/s2   0000000000000000 x19/s3   0000000000000000
 x20/s4   0000000000000000 x21/s5   0000000000000000 x22/s6   0000000000000000 x23/s7   0000000000000000
 x24/s8   0000000000000000 x25/s9   0000000000000000 x26/s10  0000000000000000 x27/s11  0000000000000000
 x28/t3   0000000000000000 x29/t4   0000000000000000 x30/t5   0000000000000000 x31/t6   0000000000000000
----------------
IN: memset
0x000107ba:  433d              addi                    t1,zero,15
0x000107bc:  872a              mv                      a4,a0
0x000107be:  02c37163          bleu                    a2,t1,34                # 0x107e0

 pc       00000000000107ba
 x0/zero  0000000000000000 x1/ra    00000000000101b4 x2/sp    00002aaaab2aaf30 x3/gp    0000000000012818
 x4/tp    0000000000000000 x5/t0    0000000000000000 x6/t1    0000000000000000 x7/t2    0000000000000000
 x8/s0    0000000000000000 x9/s1    0000000000000000 x10/a0   00000000000129b8 x11/a1   0000000000000000
 x12/a2   00000000000005c0 x13/a3   0000000000000000 x14/a4   0000000000000000 x15/a5   0000000000000000
 x16/a6   0000000000000000 x17/a7   0000000000000000 x18/s2   0000000000000000 x19/s3   0000000000000000
 x20/s4   0000000000000000 x21/s5   0000000000000000 x22/s6   0000000000000000 x23/s7   0000000000000000
 x24/s8   0000000000000000 x25/s9   0000000000000000 x26/s10  0000000000000000 x27/s11  0000000000000000
 x28/t3   0000000000000000 x29/t4   0000000000000000 x30/t5   0000000000000000 x31/t6   0000000000000000
----------------
IN: memset
0x000107c2:  00f77793          andi                    a5,a4,15
0x000107c6:  e3c1              bnez                    a5,128                  # 0x10846

 pc       00000000000107c2
 x0/zero  0000000000000000 x1/ra    00000000000101b4 x2/sp    00002aaaab2aaf30 x3/gp    0000000000012818
 x4/tp    0000000000000000 x5/t0    0000000000000000 x6/t1    000000000000000f x7/t2    0000000000000000
 x8/s0    0000000000000000 x9/s1    0000000000000000 x10/a0   00000000000129b8 x11/a1   0000000000000000
 x12/a2   00000000000005c0 x13/a3   0000000000000000 x14/a4   00000000000129b8 x15/a5   0000000000000000
 x16/a6   0000000000000000 x17/a7   0000000000000000 x18/s2   0000000000000000 x19/s3   0000000000000000
 x20/s4   0000000000000000 x21/s5   0000000000000000 x22/s6   0000000000000000 x23/s7   0000000000000000
 x24/s8   0000000000000000 x25/s9   0000000000000000 x26/s10  0000000000000000 x27/s11  0000000000000000
 x28/t3   0000000000000000 x29/t4   0000000000000000 x30/t5   0000000000000000 x31/t6   0000000000000000
----------------
IN: memset
0x00010846:  00279693          slli                    a3,a5,2
0x0001084a:  00000297          auipc                   t0,0                    # 0x1084a
0x0001084e:  9696              add                     a3,a3,t0
0x00010850:  8286              mv                      t0,ra
0x00010852:  fa2680e7          jalr                    ra,a3,-94

 pc       0000000000010846
 x0/zero  0000000000000000 x1/ra    00000000000101b4 x2/sp    00002aaaab2aaf30 x3/gp    0000000000012818
 x4/tp    0000000000000000 x5/t0    0000000000000000 x6/t1    000000000000000f x7/t2    0000000000000000
 x8/s0    0000000000000000 x9/s1    0000000000000000 x10/a0   00000000000129b8 x11/a1   0000000000000000
 x12/a2   00000000000005c0 x13/a3   0000000000000000 x14/a4   00000000000129b8 x15/a5   0000000000000008
 x16/a6   0000000000000000 x17/a7   0000000000000000 x18/s2   0000000000000000 x19/s3   0000000000000000
 x20/s4   0000000000000000 x21/s5   0000000000000000 x22/s6   0000000000000000 x23/s7   0000000000000000
 x24/s8   0000000000000000 x25/s9   0000000000000000 x26/s10  0000000000000000 x27/s11  0000000000000000
 x28/t3   0000000000000000 x29/t4   0000000000000000 x30/t5   0000000000000000 x31/t6   0000000000000000
----------------
IN: memset
0x0001080c:  00b703a3          sb                      a1,7(a4)
0x00010810:  00b70323          sb                      a1,6(a4)
0x00010814:  00b702a3          sb                      a1,5(a4)
0x00010818:  00b70223          sb                      a1,4(a4)
0x0001081c:  00b701a3          sb                      a1,3(a4)
0x00010820:  00b70123          sb                      a1,2(a4)
0x00010824:  00b700a3          sb                      a1,1(a4)
0x00010828:  00b70023          sb                      a1,0(a4)
0x0001082c:  8082              ret                     

 pc       000000000001080c
 x0/zero  0000000000000000 x1/ra    0000000000010856 x2/sp    00002aaaab2aaf30 x3/gp    0000000000012818
 x4/tp    0000000000000000 x5/t0    00000000000101b4 x6/t1    000000000000000f x7/t2    0000000000000000
 x8/s0    0000000000000000 x9/s1    0000000000000000 x10/a0   00000000000129b8 x11/a1   0000000000000000
 x12/a2   00000000000005c0 x13/a3   000000000001086a x14/a4   00000000000129b8 x15/a5   0000000000000008
 x16/a6   0000000000000000 x17/a7   0000000000000000 x18/s2   0000000000000000 x19/s3   0000000000000000
 x20/s4   0000000000000000 x21/s5   0000000000000000 x22/s6   0000000000000000 x23/s7   0000000000000000
 x24/s8   0000000000000000 x25/s9   0000000000000000 x26/s10  0000000000000000 x27/s11  0000000000000000
 x28/t3   0000000000000000 x29/t4   0000000000000000 x30/t5   0000000000000000 x31/t6   0000000000000000
----------------
IN: memset
0x00010856:  8096              mv                      ra,t0
0x00010858:  17c1              addi                    a5,a5,-16
0x0001085a:  8f1d              sub                     a4,a4,a5
0x0001085c:  963e              add                     a2,a2,a5
0x0001085e:  f8c371e3          bleu                    a2,t1,-126              # 0x107e0

 pc       0000000000010856
 x0/zero  0000000000000000 x1/ra    0000000000010856 x2/sp    00002aaaab2aaf30 x3/gp    0000000000012818
 x4/tp    0000000000000000 x5/t0    00000000000101b4 x6/t1    000000000000000f x7/t2    0000000000000000
 x8/s0    0000000000000000 x9/s1    0000000000000000 x10/a0   00000000000129b8 x11/a1   0000000000000000
 x12/a2   00000000000005c0 x13/a3   000000000001086a x14/a4   00000000000129b8 x15/a5   0000000000000008
 x16/a6   0000000000000000 x17/a7   0000000000000000 x18/s2   0000000000000000 x19/s3   0000000000000000
 x20/s4   0000000000000000 x21/s5   0000000000000000 x22/s6   0000000000000000 x23/s7   0000000000000000
 x24/s8   0000000000000000 x25/s9   0000000000000000 x26/s10  0000000000000000 x27/s11  0000000000000000
 x28/t3   0000000000000000 x29/t4   0000000000000000 x30/t5   0000000000000000 x31/t6   0000000000000000
----------------
IN: memset
0x00010862:  b79d              j                       -154                    # 0x107c8

 pc       0000000000010862
 x0/zero  0000000000000000 x1/ra    00000000000101b4 x2/sp    00002aaaab2aaf30 x3/gp    0000000000012818
 x4/tp    0000000000000000 x5/t0    00000000000101b4 x6/t1    000000000000000f x7/t2    0000000000000000
 x8/s0    0000000000000000 x9/s1    0000000000000000 x10/a0   00000000000129b8 x11/a1   0000000000000000
 x12/a2   00000000000005b8 x13/a3   000000000001086a x14/a4   00000000000129c0 x15/a5   fffffffffffffff8
 x16/a6   0000000000000000 x17/a7   0000000000000000 x18/s2   0000000000000000 x19/s3   0000000000000000
 x20/s4   0000000000000000 x21/s5   0000000000000000 x22/s6   0000000000000000 x23/s7   0000000000000000
 x24/s8   0000000000000000 x25/s9   0000000000000000 x26/s10  0000000000000000 x27/s11  0000000000000000
 x28/t3   0000000000000000 x29/t4   0000000000000000 x30/t5   0000000000000000 x31/t6   0000000000000000
----------------
IN: memset
0x000107c8:  e1bd              bnez                    a1,102                  # 0x1082e

 pc       00000000000107c8
 x0/zero  0000000000000000 x1/ra    00000000000101b4 x2/sp    00002aaaab2aaf30 x3/gp    0000000000012818
 x4/tp    0000000000000000 x5/t0    00000000000101b4 x6/t1    000000000000000f x7/t2    0000000000000000
 x8/s0    0000000000000000 x9/s1    0000000000000000 x10/a0   00000000000129b8 x11/a1   0000000000000000
 x12/a2   00000000000005b8 x13/a3   000000000001086a x14/a4   00000000000129c0 x15/a5   fffffffffffffff8
 x16/a6   0000000000000000 x17/a7   0000000000000000 x18/s2   0000000000000000 x19/s3   0000000000000000
 x20/s4   0000000000000000 x21/s5   0000000000000000 x22/s6   0000000000000000 x23/s7   0000000000000000
 x24/s8   0000000000000000 x25/s9   0000000000000000 x26/s10  0000000000000000 x27/s11  0000000000000000
 x28/t3   0000000000000000 x29/t4   0000000000000000 x30/t5   0000000000000000 x31/t6   0000000000000000
----------------
IN: memset
0x000107ca:  ff067693          andi                    a3,a2,-16
0x000107ce:  8a3d              andi                    a2,a2,15
0x000107d0:  96ba              add                     a3,a3,a4
0x000107d2:  e30c              sd                      a1,0(a4)
0x000107d4:  e70c              sd                      a1,8(a4)
0x000107d6:  0741              addi                    a4,a4,16
0x000107d8:  fed76de3          bgtu                    a3,a4,-6                # 0x107d2

 pc       00000000000107ca
 x0/zero  0000000000000000 x1/ra    00000000000101b4 x2/sp    00002aaaab2aaf30 x3/gp    0000000000012818
 x4/tp    0000000000000000 x5/t0    00000000000101b4 x6/t1    000000000000000f x7/t2    0000000000000000
 x8/s0    0000000000000000 x9/s1    0000000000000000 x10/a0   00000000000129b8 x11/a1   0000000000000000
 x12/a2   00000000000005b8 x13/a3   000000000001086a x14/a4   00000000000129c0 x15/a5   fffffffffffffff8
 x16/a6   0000000000000000 x17/a7   0000000000000000 x18/s2   0000000000000000 x19/s3   0000000000000000
 x20/s4   0000000000000000 x21/s5   0000000000000000 x22/s6   0000000000000000 x23/s7   0000000000000000
 x24/s8   0000000000000000 x25/s9   0000000000000000 x26/s10  0000000000000000 x27/s11  0000000000000000
 x28/t3   0000000000000000 x29/t4   0000000000000000 x30/t5   0000000000000000 x31/t6   0000000000000000
----------------
IN: memset
0x000107d2:  e30c              sd                      a1,0(a4)
0x000107d4:  e70c              sd                      a1,8(a4)
0x000107d6:  0741              addi                    a4,a4,16
0x000107d8:  fed76de3          bgtu                    a3,a4,-6                # 0x107d2

 pc       00000000000107d2
 x0/zero  0000000000000000 x1/ra    00000000000101b4 x2/sp    00002aaaab2aaf30 x3/gp    0000000000012818
 x4/tp    0000000000000000 x5/t0    00000000000101b4 x6/t1    000000000000000f x7/t2    0000000000000000
 x8/s0    0000000000000000 x9/s1    0000000000000000 x10/a0   00000000000129b8 x11/a1   0000000000000000
 x12/a2   0000000000000008 x13/a3   0000000000012f70 x14/a4   00000000000129d0 x15/a5   fffffffffffffff8
 x16/a6   0000000000000000 x17/a7   0000000000000000 x18/s2   0000000000000000 x19/s3   0000000000000000
 x20/s4   0000000000000000 x21/s5   0000000000000000 x22/s6   0000000000000000 x23/s7   0000000000000000
 x24/s8   0000000000000000 x25/s9   0000000000000000 x26/s10  0000000000000000 x27/s11  0000000000000000
 x28/t3   0000000000000000 x29/t4   0000000000000000 x30/t5   0000000000000000 x31/t6   0000000000000000
 pc       00000000000107d2
 x0/zero  0000000000000000 x1/ra    00000000000101b4 x2/sp    00002aaaab2aaf30 x3/gp    0000000000012818
 x4/tp    0000000000000000 x5/t0    00000000000101b4 x6/t1    000000000000000f x7/t2    0000000000000000
 x8/s0    0000000000000000 x9/s1    0000000000000000 x10/a0   00000000000129b8 x11/a1   0000000000000000
 x12/a2   0000000000000008 x13/a3   0000000000012f70 x14/a4   00000000000129e0 x15/a5   fffffffffffffff8
 x16/a6   0000000000000000 x17/a7   0000000000000000 x18/s2   0000000000000000 x19/s3   0000000000000000
 x20/s4   0000000000000000 x21/s5   0000000000000000 x22/s6   0000000000000000 x23/s7   0000000000000000
 x24/s8   0000000000000000 x25/s9   0000000000000000 x26/s10  0000000000000000 x27/s11  0000000000000000
 x28/t3   0000000000000000 x29/t4   0000000000000000 x30/t5   0000000000000000 x31/t6   0000000000000000
----------------
IN: memset
0x000107dc:  e211              bnez                    a2,4                    # 0x107e0

 pc       00000000000107dc
 x0/zero  0000000000000000 x1/ra    00000000000101b4 x2/sp    00002aaaab2aaf30 x3/gp    0000000000012818
 x4/tp    0000000000000000 x5/t0    00000000000101b4 x6/t1    000000000000000f x7/t2    0000000000000000
 x8/s0    0000000000000000 x9/s1    0000000000000000 x10/a0   00000000000129b8 x11/a1   0000000000000000
 x12/a2   0000000000000008 x13/a3   0000000000012f70 x14/a4   0000000000012f70 x15/a5   fffffffffffffff8
 x16/a6   0000000000000000 x17/a7   0000000000000000 x18/s2   0000000000000000 x19/s3   0000000000000000
 x20/s4   0000000000000000 x21/s5   0000000000000000 x22/s6   0000000000000000 x23/s7   0000000000000000
 x24/s8   0000000000000000 x25/s9   0000000000000000 x26/s10  0000000000000000 x27/s11  0000000000000000
 x28/t3   0000000000000000 x29/t4   0000000000000000 x30/t5   0000000000000000 x31/t6   0000000000000000
----------------
IN: memset
0x000107e0:  40c306b3          sub                     a3,t1,a2
0x000107e4:  068a              slli                    a3,a3,2
0x000107e6:  00000297          auipc                   t0,0                    # 0x107e6
0x000107ea:  9696              add                     a3,a3,t0
0x000107ec:  00a68067          jalr                    zero,a3,10

 pc       00000000000107e0
 x0/zero  0000000000000000 x1/ra    00000000000101b4 x2/sp    00002aaaab2aaf30 x3/gp    0000000000012818
 x4/tp    0000000000000000 x5/t0    00000000000101b4 x6/t1    000000000000000f x7/t2    0000000000000000
 x8/s0    0000000000000000 x9/s1    0000000000000000 x10/a0   00000000000129b8 x11/a1   0000000000000000
 x12/a2   0000000000000008 x13/a3   0000000000012f70 x14/a4   0000000000012f70 x15/a5   fffffffffffffff8
 x16/a6   0000000000000000 x17/a7   0000000000000000 x18/s2   0000000000000000 x19/s3   0000000000000000
 x20/s4   0000000000000000 x21/s5   0000000000000000 x22/s6   0000000000000000 x23/s7   0000000000000000
 x24/s8   0000000000000000 x25/s9   0000000000000000 x26/s10  0000000000000000 x27/s11  0000000000000000
 x28/t3   0000000000000000 x29/t4   0000000000000000 x30/t5   0000000000000000 x31/t6   0000000000000000
 pc       000000000001080c
 x0/zero  0000000000000000 x1/ra    00000000000101b4 x2/sp    00002aaaab2aaf30 x3/gp    0000000000012818
 x4/tp    0000000000000000 x5/t0    00000000000107e6 x6/t1    000000000000000f x7/t2    0000000000000000
 x8/s0    0000000000000000 x9/s1    0000000000000000 x10/a0   00000000000129b8 x11/a1   0000000000000000
 x12/a2   0000000000000008 x13/a3   0000000000010802 x14/a4   0000000000012f70 x15/a5   fffffffffffffff8
 x16/a6   0000000000000000 x17/a7   0000000000000000 x18/s2   0000000000000000 x19/s3   0000000000000000
 x20/s4   0000000000000000 x21/s5   0000000000000000 x22/s6   0000000000000000 x23/s7   0000000000000000
 x24/s8   0000000000000000 x25/s9   0000000000000000 x26/s10  0000000000000000 x27/s11  0000000000000000
 x28/t3   0000000000000000 x29/t4   0000000000000000 x30/t5   0000000000000000 x31/t6   0000000000000000
----------------
IN: _start
0x000101b4:  00000517          auipc                   a0,0                    # 0x101b4
0x000101b8:  78250513          addi                    a0,a0,1922
0x000101bc:  c519              beqz                    a0,14                   # 0x101ca

 pc       00000000000101b4
 x0/zero  0000000000000000 x1/ra    00000000000101b4 x2/sp    00002aaaab2aaf30 x3/gp    0000000000012818
 x4/tp    0000000000000000 x5/t0    00000000000107e6 x6/t1    000000000000000f x7/t2    0000000000000000
 x8/s0    0000000000000000 x9/s1    0000000000000000 x10/a0   00000000000129b8 x11/a1   0000000000000000
 x12/a2   0000000000000008 x13/a3   0000000000010802 x14/a4   0000000000012f70 x15/a5   fffffffffffffff8
 x16/a6   0000000000000000 x17/a7   0000000000000000 x18/s2   0000000000000000 x19/s3   0000000000000000
 x20/s4   0000000000000000 x21/s5   0000000000000000 x22/s6   0000000000000000 x23/s7   0000000000000000
 x24/s8   0000000000000000 x25/s9   0000000000000000 x26/s10  0000000000000000 x27/s11  0000000000000000
 x28/t3   0000000000000000 x29/t4   0000000000000000 x30/t5   0000000000000000 x31/t6   0000000000000000
----------------
IN: _start
0x000101be:  00001517          auipc                   a0,1                    # 0x111be
0x000101c2:  40e50513          addi                    a0,a0,1038
0x000101c6:  770000ef          jal                     ra,1904                 # 0x10936

 pc       00000000000101be
 x0/zero  0000000000000000 x1/ra    00000000000101b4 x2/sp    00002aaaab2aaf30 x3/gp    0000000000012818
 x4/tp    0000000000000000 x5/t0    00000000000107e6 x6/t1    000000000000000f x7/t2    0000000000000000
 x8/s0    0000000000000000 x9/s1    0000000000000000 x10/a0   0000000000010936 x11/a1   0000000000000000
 x12/a2   0000000000000008 x13/a3   0000000000010802 x14/a4   0000000000012f70 x15/a5   fffffffffffffff8
 x16/a6   0000000000000000 x17/a7   0000000000000000 x18/s2   0000000000000000 x19/s3   0000000000000000
 x20/s4   0000000000000000 x21/s5   0000000000000000 x22/s6   0000000000000000 x23/s7   0000000000000000
 x24/s8   0000000000000000 x25/s9   0000000000000000 x26/s10  0000000000000000 x27/s11  0000000000000000
 x28/t3   0000000000000000 x29/t4   0000000000000000 x30/t5   0000000000000000 x31/t6   0000000000000000
----------------
IN: atexit
0x00010936:  85aa              mv                      a1,a0
0x00010938:  4681              mv                      a3,zero
0x0001093a:  4601              mv                      a2,zero
0x0001093c:  4501              mv                      a0,zero
0x0001093e:  4c30006f          j                       3266                    # 0x11600

 pc       0000000000010936
 x0/zero  0000000000000000 x1/ra    00000000000101ca x2/sp    00002aaaab2aaf30 x3/gp    0000000000012818
 x4/tp    0000000000000000 x5/t0    00000000000107e6 x6/t1    000000000000000f x7/t2    0000000000000000
 x8/s0    0000000000000000 x9/s1    0000000000000000 x10/a0   00000000000115cc x11/a1   0000000000000000
 x12/a2   0000000000000008 x13/a3   0000000000010802 x14/a4   0000000000012f70 x15/a5   fffffffffffffff8
 x16/a6   0000000000000000 x17/a7   0000000000000000 x18/s2   0000000000000000 x19/s3   0000000000000000
 x20/s4   0000000000000000 x21/s5   0000000000000000 x22/s6   0000000000000000 x23/s7   0000000000000000
 x24/s8   0000000000000000 x25/s9   0000000000000000 x26/s10  0000000000000000 x27/s11  0000000000000000
 x28/t3   0000000000000000 x29/t4   0000000000000000 x30/t5   0000000000000000 x31/t6   0000000000000000
----------------
IN: __register_exitproc
0x00011600:  1b01b783          ld                      a5,432(gp)
0x00011604:  c3a9              beqz                    a5,66                   # 0x11646

 pc       0000000000011600
 x0/zero  0000000000000000 x1/ra    00000000000101ca x2/sp    00002aaaab2aaf30 x3/gp    0000000000012818
 x4/tp    0000000000000000 x5/t0    00000000000107e6 x6/t1    000000000000000f x7/t2    0000000000000000
 x8/s0    0000000000000000 x9/s1    0000000000000000 x10/a0   0000000000000000 x11/a1   00000000000115cc
 x12/a2   0000000000000000 x13/a3   0000000000000000 x14/a4   0000000000012f70 x15/a5   fffffffffffffff8
 x16/a6   0000000000000000 x17/a7   0000000000000000 x18/s2   0000000000000000 x19/s3   0000000000000000
 x20/s4   0000000000000000 x21/s5   0000000000000000 x22/s6   0000000000000000 x23/s7   0000000000000000
 x24/s8   0000000000000000 x25/s9   0000000000000000 x26/s10  0000000000000000 x27/s11  0000000000000000
 x28/t3   0000000000000000 x29/t4   0000000000000000 x30/t5   0000000000000000 x31/t6   0000000000000000
----------------
IN: __register_exitproc
0x00011646:  44818793          addi                    a5,gp,1096
0x0001164a:  1af1b823          sd                      a5,432(gp)
0x0001164e:  bf65              j                       -72                     # 0x11606

 pc       0000000000011646
 x0/zero  0000000000000000 x1/ra    00000000000101ca x2/sp    00002aaaab2aaf30 x3/gp    0000000000012818
 x4/tp    0000000000000000 x5/t0    00000000000107e6 x6/t1    000000000000000f x7/t2    0000000000000000
 x8/s0    0000000000000000 x9/s1    0000000000000000 x10/a0   0000000000000000 x11/a1   00000000000115cc
 x12/a2   0000000000000000 x13/a3   0000000000000000 x14/a4   0000000000012f70 x15/a5   0000000000000000
 x16/a6   0000000000000000 x17/a7   0000000000000000 x18/s2   0000000000000000 x19/s3   0000000000000000
 x20/s4   0000000000000000 x21/s5   0000000000000000 x22/s6   0000000000000000 x23/s7   0000000000000000
 x24/s8   0000000000000000 x25/s9   0000000000000000 x26/s10  0000000000000000 x27/s11  0000000000000000
 x28/t3   0000000000000000 x29/t4   0000000000000000 x30/t5   0000000000000000 x31/t6   0000000000000000
----------------
IN: __register_exitproc
0x00011606:  4798              lw                      a4,8(a5)
0x00011608:  487d              addi                    a6,zero,31
0x0001160a:  06e84063          bgt                     a4,a6,96                # 0x1166a

 pc       0000000000011606
 x0/zero  0000000000000000 x1/ra    00000000000101ca x2/sp    00002aaaab2aaf30 x3/gp    0000000000012818
 x4/tp    0000000000000000 x5/t0    00000000000107e6 x6/t1    000000000000000f x7/t2    0000000000000000
 x8/s0    0000000000000000 x9/s1    0000000000000000 x10/a0   0000000000000000 x11/a1   00000000000115cc
 x12/a2   0000000000000000 x13/a3   0000000000000000 x14/a4   0000000000012f70 x15/a5   0000000000012c60
 x16/a6   0000000000000000 x17/a7   0000000000000000 x18/s2   0000000000000000 x19/s3   0000000000000000
 x20/s4   0000000000000000 x21/s5   0000000000000000 x22/s6   0000000000000000 x23/s7   0000000000000000
 x24/s8   0000000000000000 x25/s9   0000000000000000 x26/s10  0000000000000000 x27/s11  0000000000000000
 x28/t3   0000000000000000 x29/t4   0000000000000000 x30/t5   0000000000000000 x31/t6   0000000000000000
----------------
IN: __register_exitproc
0x0001160e:  c505              beqz                    a0,40                   # 0x11636

 pc       000000000001160e
 x0/zero  0000000000000000 x1/ra    00000000000101ca x2/sp    00002aaaab2aaf30 x3/gp    0000000000012818
 x4/tp    0000000000000000 x5/t0    00000000000107e6 x6/t1    000000000000000f x7/t2    0000000000000000
 x8/s0    0000000000000000 x9/s1    0000000000000000 x10/a0   0000000000000000 x11/a1   00000000000115cc
 x12/a2   0000000000000000 x13/a3   0000000000000000 x14/a4   0000000000000000 x15/a5   0000000000012c60
 x16/a6   000000000000001f x17/a7   0000000000000000 x18/s2   0000000000000000 x19/s3   0000000000000000
 x20/s4   0000000000000000 x21/s5   0000000000000000 x22/s6   0000000000000000 x23/s7   0000000000000000
 x24/s8   0000000000000000 x25/s9   0000000000000000 x26/s10  0000000000000000 x27/s11  0000000000000000
 x28/t3   0000000000000000 x29/t4   0000000000000000 x30/t5   0000000000000000 x31/t6   0000000000000000
----------------
IN: __register_exitproc
0x00011636:  0017069b          addiw                   a3,a4,1
0x0001163a:  070e              slli                    a4,a4,3
0x0001163c:  c794              sw                      a3,8(a5)
0x0001163e:  97ba              add                     a5,a5,a4
0x00011640:  eb8c              sd                      a1,16(a5)
0x00011642:  4501              mv                      a0,zero
0x00011644:  8082              ret                     

 pc       0000000000011636
 x0/zero  0000000000000000 x1/ra    00000000000101ca x2/sp    00002aaaab2aaf30 x3/gp    0000000000012818
 x4/tp    0000000000000000 x5/t0    00000000000107e6 x6/t1    000000000000000f x7/t2    0000000000000000
 x8/s0    0000000000000000 x9/s1    0000000000000000 x10/a0   0000000000000000 x11/a1   00000000000115cc
 x12/a2   0000000000000000 x13/a3   0000000000000000 x14/a4   0000000000000000 x15/a5   0000000000012c60
 x16/a6   000000000000001f x17/a7   0000000000000000 x18/s2   0000000000000000 x19/s3   0000000000000000
 x20/s4   0000000000000000 x21/s5   0000000000000000 x22/s6   0000000000000000 x23/s7   0000000000000000
 x24/s8   0000000000000000 x25/s9   0000000000000000 x26/s10  0000000000000000 x27/s11  0000000000000000
 x28/t3   0000000000000000 x29/t4   0000000000000000 x30/t5   0000000000000000 x31/t6   0000000000000000
----------------
IN: _start
0x000101ca:  58e000ef          jal                     ra,1422                 # 0x10758

 pc       00000000000101ca
 x0/zero  0000000000000000 x1/ra    00000000000101ca x2/sp    00002aaaab2aaf30 x3/gp    0000000000012818
 x4/tp    0000000000000000 x5/t0    00000000000107e6 x6/t1    000000000000000f x7/t2    0000000000000000
 x8/s0    0000000000000000 x9/s1    0000000000000000 x10/a0   0000000000000000 x11/a1   00000000000115cc
 x12/a2   0000000000000000 x13/a3   0000000000000001 x14/a4   0000000000000000 x15/a5   0000000000012c60
 x16/a6   000000000000001f x17/a7   0000000000000000 x18/s2   0000000000000000 x19/s3   0000000000000000
 x20/s4   0000000000000000 x21/s5   0000000000000000 x22/s6   0000000000000000 x23/s7   0000000000000000
 x24/s8   0000000000000000 x25/s9   0000000000000000 x26/s10  0000000000000000 x27/s11  0000000000000000
 x28/t3   0000000000000000 x29/t4   0000000000000000 x30/t5   0000000000000000 x31/t6   0000000000000000
----------------
IN: __libc_init_array
0x00010758:  1101              addi                    sp,sp,-32
0x0001075a:  e822              sd                      s0,16(sp)
0x0001075c:  e04a              sd                      s2,0(sp)
0x0001075e:  6449              lui                     s0,18
0x00010760:  6949              lui                     s2,18
0x00010762:  ec06              sd                      ra,24(sp)
0x00010764:  e426              sd                      s1,8(sp)
0x00010766:  00090913          mv                      s2,s2
0x0001076a:  00040413          mv                      s0,s0
0x0001076e:  00890d63          beq                     s2,s0,26                # 0x10788

 pc       0000000000010758
 x0/zero  0000000000000000 x1/ra    00000000000101ce x2/sp    00002aaaab2aaf30 x3/gp    0000000000012818
 x4/tp    0000000000000000 x5/t0    00000000000107e6 x6/t1    000000000000000f x7/t2    0000000000000000
 x8/s0    0000000000000000 x9/s1    0000000000000000 x10/a0   0000000000000000 x11/a1   00000000000115cc
 x12/a2   0000000000000000 x13/a3   0000000000000001 x14/a4   0000000000000000 x15/a5   0000000000012c60
 x16/a6   000000000000001f x17/a7   0000000000000000 x18/s2   0000000000000000 x19/s3   0000000000000000
 x20/s4   0000000000000000 x21/s5   0000000000000000 x22/s6   0000000000000000 x23/s7   0000000000000000
 x24/s8   0000000000000000 x25/s9   0000000000000000 x26/s10  0000000000000000 x27/s11  0000000000000000
 x28/t3   0000000000000000 x29/t4   0000000000000000 x30/t5   0000000000000000 x31/t6   0000000000000000
----------------
IN: __libc_init_array
0x00010788:  6949              lui                     s2,18
0x0001078a:  6449              lui                     s0,18
0x0001078c:  01090913          addi                    s2,s2,16
0x00010790:  00040413          mv                      s0,s0
0x00010794:  00890d63          beq                     s2,s0,26                # 0x107ae

 pc       0000000000010788
 x0/zero  0000000000000000 x1/ra    00000000000101ce x2/sp    00002aaaab2aaf10 x3/gp    0000000000012818
 x4/tp    0000000000000000 x5/t0    00000000000107e6 x6/t1    000000000000000f x7/t2    0000000000000000
 x8/s0    0000000000012000 x9/s1    0000000000000000 x10/a0   0000000000000000 x11/a1   00000000000115cc
 x12/a2   0000000000000000 x13/a3   0000000000000001 x14/a4   0000000000000000 x15/a5   0000000000012c60
 x16/a6   000000000000001f x17/a7   0000000000000000 x18/s2   0000000000012000 x19/s3   0000000000000000
 x20/s4   0000000000000000 x21/s5   0000000000000000 x22/s6   0000000000000000 x23/s7   0000000000000000
 x24/s8   0000000000000000 x25/s9   0000000000000000 x26/s10  0000000000000000 x27/s11  0000000000000000
 x28/t3   0000000000000000 x29/t4   0000000000000000 x30/t5   0000000000000000 x31/t6   0000000000000000
----------------
IN: __libc_init_array
0x00010798:  40890933          sub                     s2,s2,s0
0x0001079c:  40395913          srai                    s2,s2,3
0x000107a0:  4481              mv                      s1,zero
0x000107a2:  601c              ld                      a5,0(s0)
0x000107a4:  0485              addi                    s1,s1,1
0x000107a6:  0421              addi                    s0,s0,8
0x000107a8:  9782              jalr                    ra,a5,0

 pc       0000000000010798
 x0/zero  0000000000000000 x1/ra    00000000000101ce x2/sp    00002aaaab2aaf10 x3/gp    0000000000012818
 x4/tp    0000000000000000 x5/t0    00000000000107e6 x6/t1    000000000000000f x7/t2    0000000000000000
 x8/s0    0000000000012000 x9/s1    0000000000000000 x10/a0   0000000000000000 x11/a1   00000000000115cc
 x12/a2   0000000000000000 x13/a3   0000000000000001 x14/a4   0000000000000000 x15/a5   0000000000012c60
 x16/a6   000000000000001f x17/a7   0000000000000000 x18/s2   0000000000012010 x19/s3   0000000000000000
 x20/s4   0000000000000000 x21/s5   0000000000000000 x22/s6   0000000000000000 x23/s7   0000000000000000
 x24/s8   0000000000000000 x25/s9   0000000000000000 x26/s10  0000000000000000 x27/s11  0000000000000000
 x28/t3   0000000000000000 x29/t4   0000000000000000 x30/t5   0000000000000000 x31/t6   0000000000000000
----------------
IN: register_fini
0x00010182:  00000793          mv                      a5,zero
0x00010186:  c791              beqz                    a5,12                   # 0x10192

 pc       0000000000010182
 x0/zero  0000000000000000 x1/ra    00000000000107aa x2/sp    00002aaaab2aaf10 x3/gp    0000000000012818
 x4/tp    0000000000000000 x5/t0    00000000000107e6 x6/t1    000000000000000f x7/t2    0000000000000000
 x8/s0    0000000000012008 x9/s1    0000000000000001 x10/a0   0000000000000000 x11/a1   00000000000115cc
 x12/a2   0000000000000000 x13/a3   0000000000000001 x14/a4   0000000000000000 x15/a5   0000000000010182
 x16/a6   000000000000001f x17/a7   0000000000000000 x18/s2   0000000000000002 x19/s3   0000000000000000
 x20/s4   0000000000000000 x21/s5   0000000000000000 x22/s6   0000000000000000 x23/s7   0000000000000000
 x24/s8   0000000000000000 x25/s9   0000000000000000 x26/s10  0000000000000000 x27/s11  0000000000000000
 x28/t3   0000000000000000 x29/t4   0000000000000000 x30/t5   0000000000000000 x31/t6   0000000000000000
----------------
IN: register_fini
0x00010192:  8082              ret                     

 pc       0000000000010192
 x0/zero  0000000000000000 x1/ra    00000000000107aa x2/sp    00002aaaab2aaf10 x3/gp    0000000000012818
 x4/tp    0000000000000000 x5/t0    00000000000107e6 x6/t1    000000000000000f x7/t2    0000000000000000
 x8/s0    0000000000012008 x9/s1    0000000000000001 x10/a0   0000000000000000 x11/a1   00000000000115cc
 x12/a2   0000000000000000 x13/a3   0000000000000001 x14/a4   0000000000000000 x15/a5   0000000000000000
 x16/a6   000000000000001f x17/a7   0000000000000000 x18/s2   0000000000000002 x19/s3   0000000000000000
 x20/s4   0000000000000000 x21/s5   0000000000000000 x22/s6   0000000000000000 x23/s7   0000000000000000
 x24/s8   0000000000000000 x25/s9   0000000000000000 x26/s10  0000000000000000 x27/s11  0000000000000000
 x28/t3   0000000000000000 x29/t4   0000000000000000 x30/t5   0000000000000000 x31/t6   0000000000000000
----------------
IN: __libc_init_array
0x000107aa:  ff24ece3          bgtu                    s2,s1,-8                # 0x107a2

 pc       00000000000107aa
 x0/zero  0000000000000000 x1/ra    00000000000107aa x2/sp    00002aaaab2aaf10 x3/gp    0000000000012818
 x4/tp    0000000000000000 x5/t0    00000000000107e6 x6/t1    000000000000000f x7/t2    0000000000000000
 x8/s0    0000000000012008 x9/s1    0000000000000001 x10/a0   0000000000000000 x11/a1   00000000000115cc
 x12/a2   0000000000000000 x13/a3   0000000000000001 x14/a4   0000000000000000 x15/a5   0000000000000000
 x16/a6   000000000000001f x17/a7   0000000000000000 x18/s2   0000000000000002 x19/s3   0000000000000000
 x20/s4   0000000000000000 x21/s5   0000000000000000 x22/s6   0000000000000000 x23/s7   0000000000000000
 x24/s8   0000000000000000 x25/s9   0000000000000000 x26/s10  0000000000000000 x27/s11  0000000000000000
 x28/t3   0000000000000000 x29/t4   0000000000000000 x30/t5   0000000000000000 x31/t6   0000000000000000
----------------
IN: __libc_init_array
0x000107a2:  601c              ld                      a5,0(s0)
0x000107a4:  0485              addi                    s1,s1,1
0x000107a6:  0421              addi                    s0,s0,8
0x000107a8:  9782              jalr                    ra,a5,0

 pc       00000000000107a2
 x0/zero  0000000000000000 x1/ra    00000000000107aa x2/sp    00002aaaab2aaf10 x3/gp    0000000000012818
 x4/tp    0000000000000000 x5/t0    00000000000107e6 x6/t1    000000000000000f x7/t2    0000000000000000
 x8/s0    0000000000012008 x9/s1    0000000000000001 x10/a0   0000000000000000 x11/a1   00000000000115cc
 x12/a2   0000000000000000 x13/a3   0000000000000001 x14/a4   0000000000000000 x15/a5   0000000000000000
 x16/a6   000000000000001f x17/a7   0000000000000000 x18/s2   0000000000000002 x19/s3   0000000000000000
 x20/s4   0000000000000000 x21/s5   0000000000000000 x22/s6   0000000000000000 x23/s7   0000000000000000
 x24/s8   0000000000000000 x25/s9   0000000000000000 x26/s10  0000000000000000 x27/s11  0000000000000000
 x28/t3   0000000000000000 x29/t4   0000000000000000 x30/t5   0000000000000000 x31/t6   0000000000000000
----------------
IN: 
0x00010208:  00000793          mv                      a5,zero
0x0001020c:  cb91              beqz                    a5,20                   # 0x10220

 pc       0000000000010208
 x0/zero  0000000000000000 x1/ra    00000000000107aa x2/sp    00002aaaab2aaf10 x3/gp    0000000000012818
 x4/tp    0000000000000000 x5/t0    00000000000107e6 x6/t1    000000000000000f x7/t2    0000000000000000
 x8/s0    0000000000012010 x9/s1    0000000000000002 x10/a0   0000000000000000 x11/a1   00000000000115cc
 x12/a2   0000000000000000 x13/a3   0000000000000001 x14/a4   0000000000000000 x15/a5   0000000000010208
 x16/a6   000000000000001f x17/a7   0000000000000000 x18/s2   0000000000000002 x19/s3   0000000000000000
 x20/s4   0000000000000000 x21/s5   0000000000000000 x22/s6   0000000000000000 x23/s7   0000000000000000
 x24/s8   0000000000000000 x25/s9   0000000000000000 x26/s10  0000000000000000 x27/s11  0000000000000000
 x28/t3   0000000000000000 x29/t4   0000000000000000 x30/t5   0000000000000000 x31/t6   0000000000000000
----------------
IN: 
0x00010220:  8082              ret                     

 pc       0000000000010220
 x0/zero  0000000000000000 x1/ra    00000000000107aa x2/sp    00002aaaab2aaf10 x3/gp    0000000000012818
 x4/tp    0000000000000000 x5/t0    00000000000107e6 x6/t1    000000000000000f x7/t2    0000000000000000
 x8/s0    0000000000012010 x9/s1    0000000000000002 x10/a0   0000000000000000 x11/a1   00000000000115cc
 x12/a2   0000000000000000 x13/a3   0000000000000001 x14/a4   0000000000000000 x15/a5   0000000000000000
 x16/a6   000000000000001f x17/a7   0000000000000000 x18/s2   0000000000000002 x19/s3   0000000000000000
 x20/s4   0000000000000000 x21/s5   0000000000000000 x22/s6   0000000000000000 x23/s7   0000000000000000
 x24/s8   0000000000000000 x25/s9   0000000000000000 x26/s10  0000000000000000 x27/s11  0000000000000000
 x28/t3   0000000000000000 x29/t4   0000000000000000 x30/t5   0000000000000000 x31/t6   0000000000000000
 pc       00000000000107aa
 x0/zero  0000000000000000 x1/ra    00000000000107aa x2/sp    00002aaaab2aaf10 x3/gp    0000000000012818
 x4/tp    0000000000000000 x5/t0    00000000000107e6 x6/t1    000000000000000f x7/t2    0000000000000000
 x8/s0    0000000000012010 x9/s1    0000000000000002 x10/a0   0000000000000000 x11/a1   00000000000115cc
 x12/a2   0000000000000000 x13/a3   0000000000000001 x14/a4   0000000000000000 x15/a5   0000000000000000
 x16/a6   000000000000001f x17/a7   0000000000000000 x18/s2   0000000000000002 x19/s3   0000000000000000
 x20/s4   0000000000000000 x21/s5   0000000000000000 x22/s6   0000000000000000 x23/s7   0000000000000000
 x24/s8   0000000000000000 x25/s9   0000000000000000 x26/s10  0000000000000000 x27/s11  0000000000000000
 x28/t3   0000000000000000 x29/t4   0000000000000000 x30/t5   0000000000000000 x31/t6   0000000000000000
----------------
IN: __libc_init_array
0x000107ae:  60e2              ld                      ra,24(sp)
0x000107b0:  6442              ld                      s0,16(sp)
0x000107b2:  64a2              ld                      s1,8(sp)
0x000107b4:  6902              ld                      s2,0(sp)
0x000107b6:  6105              addi                    sp,sp,32
0x000107b8:  8082              ret                     

 pc       00000000000107ae
 x0/zero  0000000000000000 x1/ra    00000000000107aa x2/sp    00002aaaab2aaf10 x3/gp    0000000000012818
 x4/tp    0000000000000000 x5/t0    00000000000107e6 x6/t1    000000000000000f x7/t2    0000000000000000
 x8/s0    0000000000012010 x9/s1    0000000000000002 x10/a0   0000000000000000 x11/a1   00000000000115cc
 x12/a2   0000000000000000 x13/a3   0000000000000001 x14/a4   0000000000000000 x15/a5   0000000000000000
 x16/a6   000000000000001f x17/a7   0000000000000000 x18/s2   0000000000000002 x19/s3   0000000000000000
 x20/s4   0000000000000000 x21/s5   0000000000000000 x22/s6   0000000000000000 x23/s7   0000000000000000
 x24/s8   0000000000000000 x25/s9   0000000000000000 x26/s10  0000000000000000 x27/s11  0000000000000000
 x28/t3   0000000000000000 x29/t4   0000000000000000 x30/t5   0000000000000000 x31/t6   0000000000000000
----------------
IN: _start
0x000101ce:  4502              lw                      a0,0(sp)
0x000101d0:  002c              addi                    a1,sp,8
0x000101d2:  4601              mv                      a2,zero
0x000101d4:  f69ff0ef          jal                     ra,-152                 # 0x1013c

 pc       00000000000101ce
 x0/zero  0000000000000000 x1/ra    00000000000101ce x2/sp    00002aaaab2aaf30 x3/gp    0000000000012818
 x4/tp    0000000000000000 x5/t0    00000000000107e6 x6/t1    000000000000000f x7/t2    0000000000000000
 x8/s0    0000000000000000 x9/s1    0000000000000000 x10/a0   0000000000000000 x11/a1   00000000000115cc
 x12/a2   0000000000000000 x13/a3   0000000000000001 x14/a4   0000000000000000 x15/a5   0000000000000000
 x16/a6   000000000000001f x17/a7   0000000000000000 x18/s2   0000000000000000 x19/s3   0000000000000000
 x20/s4   0000000000000000 x21/s5   0000000000000000 x22/s6   0000000000000000 x23/s7   0000000000000000
 x24/s8   0000000000000000 x25/s9   0000000000000000 x26/s10  0000000000000000 x27/s11  0000000000000000
 x28/t3   0000000000000000 x29/t4   0000000000000000 x30/t5   0000000000000000 x31/t6   0000000000000000
----------------
IN: main
0x0001013c:  7179              addi                    sp,sp,-48
0x0001013e:  478d              addi                    a5,zero,3
0x00010140:  c63e              sw                      a5,12(sp)
0x00010142:  4791              addi                    a5,zero,4
0x00010144:  c83e              sw                      a5,16(sp)
0x00010146:  47b2              lw                      a5,12(sp)
0x00010148:  4742              lw                      a4,16(sp)
0x0001014a:  4501              mv                      a0,zero
0x0001014c:  9fb9              addw                    a5,a5,a4
0x0001014e:  ca3e              sw                      a5,20(sp)
0x00010150:  47d2              lw                      a5,20(sp)
0x00010152:  4732              lw                      a4,12(sp)
0x00010154:  9f99              subw                    a5,a5,a4
0x00010156:  cc3e              sw                      a5,24(sp)
0x00010158:  47d2              lw                      a5,20(sp)
0x0001015a:  0017979b          slliw                   a5,a5,1
0x0001015e:  ce3e              sw                      a5,28(sp)
0x00010160:  47f2              lw                      a5,28(sp)
0x00010162:  8785              srai                    a5,a5,1
0x00010164:  d03e              sw                      a5,32(sp)
0x00010166:  47f2              lw                      a5,28(sp)
0x00010168:  4762              lw                      a4,24(sp)
0x0001016a:  8ff9              and                     a5,a5,a4
0x0001016c:  d23e              sw                      a5,36(sp)
0x0001016e:  5792              lw                      a5,36(sp)
0x00010170:  4732              lw                      a4,12(sp)
0x00010172:  8fd9              or                      a5,a5,a4
0x00010174:  d43e              sw                      a5,40(sp)
0x00010176:  57a2              lw                      a5,40(sp)
0x00010178:  5702              lw                      a4,32(sp)
0x0001017a:  8fb9              xor                     a5,a5,a4
0x0001017c:  d63e              sw                      a5,44(sp)
0x0001017e:  6145              addi                    sp,sp,48
0x00010180:  8082              ret                     

 pc       000000000001013c
 x0/zero  0000000000000000 x1/ra    00000000000101d8 x2/sp    00002aaaab2aaf30 x3/gp    0000000000012818
 x4/tp    0000000000000000 x5/t0    00000000000107e6 x6/t1    000000000000000f x7/t2    0000000000000000
 x8/s0    0000000000000000 x9/s1    0000000000000000 x10/a0   0000000000000001 x11/a1   00002aaaab2aaf38
 x12/a2   0000000000000000 x13/a3   0000000000000001 x14/a4   0000000000000000 x15/a5   0000000000000000
 x16/a6   000000000000001f x17/a7   0000000000000000 x18/s2   0000000000000000 x19/s3   0000000000000000
 x20/s4   0000000000000000 x21/s5   0000000000000000 x22/s6   0000000000000000 x23/s7   0000000000000000
 x24/s8   0000000000000000 x25/s9   0000000000000000 x26/s10  0000000000000000 x27/s11  0000000000000000
 x28/t3   0000000000000000 x29/t4   0000000000000000 x30/t5   0000000000000000 x31/t6   0000000000000000
----------------
IN: _start
0x000101d8:  b7a1              j                       -184                    # 0x10120

 pc       00000000000101d8
 x0/zero  0000000000000000 x1/ra    00000000000101d8 x2/sp    00002aaaab2aaf30 x3/gp    0000000000012818
 x4/tp    0000000000000000 x5/t0    00000000000107e6 x6/t1    000000000000000f x7/t2    0000000000000000
 x8/s0    0000000000000000 x9/s1    0000000000000000 x10/a0   0000000000000000 x11/a1   00002aaaab2aaf38
 x12/a2   0000000000000000 x13/a3   0000000000000001 x14/a4   0000000000000007 x15/a5   0000000000000000
 x16/a6   000000000000001f x17/a7   0000000000000000 x18/s2   0000000000000000 x19/s3   0000000000000000
 x20/s4   0000000000000000 x21/s5   0000000000000000 x22/s6   0000000000000000 x23/s7   0000000000000000
 x24/s8   0000000000000000 x25/s9   0000000000000000 x26/s10  0000000000000000 x27/s11  0000000000000000
 x28/t3   0000000000000000 x29/t4   0000000000000000 x30/t5   0000000000000000 x31/t6   0000000000000000
----------------
IN: exit
0x00010120:  1141              addi                    sp,sp,-16
0x00010122:  4581              mv                      a1,zero
0x00010124:  e022              sd                      s0,0(sp)
0x00010126:  e406              sd                      ra,8(sp)
0x00010128:  842a              mv                      s0,a0
0x0001012a:  73a000ef          jal                     ra,1850                 # 0x10864

 pc       0000000000010120
 x0/zero  0000000000000000 x1/ra    00000000000101d8 x2/sp    00002aaaab2aaf30 x3/gp    0000000000012818
 x4/tp    0000000000000000 x5/t0    00000000000107e6 x6/t1    000000000000000f x7/t2    0000000000000000
 x8/s0    0000000000000000 x9/s1    0000000000000000 x10/a0   0000000000000000 x11/a1   00002aaaab2aaf38
 x12/a2   0000000000000000 x13/a3   0000000000000001 x14/a4   0000000000000007 x15/a5   0000000000000000
 x16/a6   000000000000001f x17/a7   0000000000000000 x18/s2   0000000000000000 x19/s3   0000000000000000
 x20/s4   0000000000000000 x21/s5   0000000000000000 x22/s6   0000000000000000 x23/s7   0000000000000000
 x24/s8   0000000000000000 x25/s9   0000000000000000 x26/s10  0000000000000000 x27/s11  0000000000000000
 x28/t3   0000000000000000 x29/t4   0000000000000000 x30/t5   0000000000000000 x31/t6   0000000000000000
----------------
IN: __call_exitprocs
0x00010864:  715d              addi                    sp,sp,-80
0x00010866:  f052              sd                      s4,32(sp)
0x00010868:  f84a              sd                      s2,48(sp)
0x0001086a:  1b01b903          ld                      s2,432(gp)
0x0001086e:  e486              sd                      ra,72(sp)
0x00010870:  04090863          beqz                    s2,80                   # 0x108c0

 pc       0000000000010864
 x0/zero  0000000000000000 x1/ra    000000000001012e x2/sp    00002aaaab2aaf20 x3/gp    0000000000012818
 x4/tp    0000000000000000 x5/t0    00000000000107e6 x6/t1    000000000000000f x7/t2    0000000000000000
 x8/s0    0000000000000000 x9/s1    0000000000000000 x10/a0   0000000000000000 x11/a1   0000000000000000
 x12/a2   0000000000000000 x13/a3   0000000000000001 x14/a4   0000000000000007 x15/a5   0000000000000000
 x16/a6   000000000000001f x17/a7   0000000000000000 x18/s2   0000000000000000 x19/s3   0000000000000000
 x20/s4   0000000000000000 x21/s5   0000000000000000 x22/s6   0000000000000000 x23/s7   0000000000000000
 x24/s8   0000000000000000 x25/s9   0000000000000000 x26/s10  0000000000000000 x27/s11  0000000000000000
 x28/t3   0000000000000000 x29/t4   0000000000000000 x30/t5   0000000000000000 x31/t6   0000000000000000
----------------
IN: __call_exitprocs
0x00010874:  f44e              sd                      s3,40(sp)
0x00010876:  ec56              sd                      s5,24(sp)
0x00010878:  e85a              sd                      s6,16(sp)
0x0001087a:  e45e              sd                      s7,8(sp)
0x0001087c:  e0a2              sd                      s0,64(sp)
0x0001087e:  fc26              sd                      s1,56(sp)
0x00010880:  e062              sd                      s8,0(sp)
0x00010882:  8b2a              mv                      s6,a0
0x00010884:  8bae              mv                      s7,a1
0x00010886:  59fd              addi                    s3,zero,-1
0x00010888:  4a85              addi                    s5,zero,1
0x0001088a:  00892403          lw                      s0,8(s2)
0x0001088e:  347d              addiw                   s0,s0,-1
0x00010890:  02044163          bltz                    s0,34                   # 0x108b2

 pc       0000000000010874
 x0/zero  0000000000000000 x1/ra    000000000001012e x2/sp    00002aaaab2aaed0 x3/gp    0000000000012818
 x4/tp    0000000000000000 x5/t0    00000000000107e6 x6/t1    000000000000000f x7/t2    0000000000000000
 x8/s0    0000000000000000 x9/s1    0000000000000000 x10/a0   0000000000000000 x11/a1   0000000000000000
 x12/a2   0000000000000000 x13/a3   0000000000000001 x14/a4   0000000000000007 x15/a5   0000000000000000
 x16/a6   000000000000001f x17/a7   0000000000000000 x18/s2   0000000000012c60 x19/s3   0000000000000000
 x20/s4   0000000000000000 x21/s5   0000000000000000 x22/s6   0000000000000000 x23/s7   0000000000000000
 x24/s8   0000000000000000 x25/s9   0000000000000000 x26/s10  0000000000000000 x27/s11  0000000000000000
 x28/t3   0000000000000000 x29/t4   0000000000000000 x30/t5   0000000000000000 x31/t6   0000000000000000
----------------
IN: __call_exitprocs
0x00010894:  01090493          addi                    s1,s2,16
0x00010898:  00341793          slli                    a5,s0,3
0x0001089c:  94be              add                     s1,s1,a5
0x0001089e:  020b8663          beqz                    s7,44                   # 0x108ca

 pc       0000000000010894
 x0/zero  0000000000000000 x1/ra    000000000001012e x2/sp    00002aaaab2aaed0 x3/gp    0000000000012818
 x4/tp    0000000000000000 x5/t0    00000000000107e6 x6/t1    000000000000000f x7/t2    0000000000000000
 x8/s0    0000000000000000 x9/s1    0000000000000000 x10/a0   0000000000000000 x11/a1   0000000000000000
 x12/a2   0000000000000000 x13/a3   0000000000000001 x14/a4   0000000000000007 x15/a5   0000000000000000
 x16/a6   000000000000001f x17/a7   0000000000000000 x18/s2   0000000000012c60 x19/s3   ffffffffffffffff
 x20/s4   0000000000000000 x21/s5   0000000000000001 x22/s6   0000000000000000 x23/s7   0000000000000000
 x24/s8   0000000000000000 x25/s9   0000000000000000 x26/s10  0000000000000000 x27/s11  0000000000000000
 x28/t3   0000000000000000 x29/t4   0000000000000000 x30/t5   0000000000000000 x31/t6   0000000000000000
----------------
IN: __call_exitprocs
0x000108ca:  00892783          lw                      a5,8(s2)
0x000108ce:  6094              ld                      a3,0(s1)
0x000108d0:  37fd              addiw                   a5,a5,-1
0x000108d2:  04878c63          beq                     a5,s0,88                # 0x1092a

 pc       00000000000108ca
 x0/zero  0000000000000000 x1/ra    000000000001012e x2/sp    00002aaaab2aaed0 x3/gp    0000000000012818
 x4/tp    0000000000000000 x5/t0    00000000000107e6 x6/t1    000000000000000f x7/t2    0000000000000000
 x8/s0    0000000000000000 x9/s1    0000000000012c70 x10/a0   0000000000000000 x11/a1   0000000000000000
 x12/a2   0000000000000000 x13/a3   0000000000000001 x14/a4   0000000000000007 x15/a5   0000000000000000
 x16/a6   000000000000001f x17/a7   0000000000000000 x18/s2   0000000000012c60 x19/s3   ffffffffffffffff
 x20/s4   0000000000000000 x21/s5   0000000000000001 x22/s6   0000000000000000 x23/s7   0000000000000000
 x24/s8   0000000000000000 x25/s9   0000000000000000 x26/s10  0000000000000000 x27/s11  0000000000000000
 x28/t3   0000000000000000 x29/t4   0000000000000000 x30/t5   0000000000000000 x31/t6   0000000000000000
----------------
IN: __call_exitprocs
0x0001092a:  00892423          sw                      s0,8(s2)
0x0001092e:  b775              j                       -84                     # 0x108da

 pc       000000000001092a
 x0/zero  0000000000000000 x1/ra    000000000001012e x2/sp    00002aaaab2aaed0 x3/gp    0000000000012818
 x4/tp    0000000000000000 x5/t0    00000000000107e6 x6/t1    000000000000000f x7/t2    0000000000000000
 x8/s0    0000000000000000 x9/s1    0000000000012c70 x10/a0   0000000000000000 x11/a1   0000000000000000
 x12/a2   0000000000000000 x13/a3   00000000000115cc x14/a4   0000000000000007 x15/a5   0000000000000000
 x16/a6   000000000000001f x17/a7   0000000000000000 x18/s2   0000000000012c60 x19/s3   ffffffffffffffff
 x20/s4   0000000000000000 x21/s5   0000000000000001 x22/s6   0000000000000000 x23/s7   0000000000000000
 x24/s8   0000000000000000 x25/s9   0000000000000000 x26/s10  0000000000000000 x27/s11  0000000000000000
 x28/t3   0000000000000000 x29/t4   0000000000000000 x30/t5   0000000000000000 x31/t6   0000000000000000
----------------
IN: __call_exitprocs
0x000108da:  c295              beqz                    a3,36                   # 0x108fe

 pc       00000000000108da
 x0/zero  0000000000000000 x1/ra    000000000001012e x2/sp    00002aaaab2aaed0 x3/gp    0000000000012818
 x4/tp    0000000000000000 x5/t0    00000000000107e6 x6/t1    000000000000000f x7/t2    0000000000000000
 x8/s0    0000000000000000 x9/s1    0000000000012c70 x10/a0   0000000000000000 x11/a1   0000000000000000
 x12/a2   0000000000000000 x13/a3   00000000000115cc x14/a4   0000000000000007 x15/a5   0000000000000000
 x16/a6   000000000000001f x17/a7   0000000000000000 x18/s2   0000000000012c60 x19/s3   ffffffffffffffff
 x20/s4   0000000000000000 x21/s5   0000000000000001 x22/s6   0000000000000000 x23/s7   0000000000000000
 x24/s8   0000000000000000 x25/s9   0000000000000000 x26/s10  0000000000000000 x27/s11  0000000000000000
 x28/t3   0000000000000000 x29/t4   0000000000000000 x30/t5   0000000000000000 x31/t6   0000000000000000
----------------
IN: __call_exitprocs
0x000108dc:  31092783          lw                      a5,784(s2)
0x000108e0:  008a973b          sllw                    a4,s5,s0
0x000108e4:  00892c03          lw                      s8,8(s2)
0x000108e8:  8ff9              and                     a5,a5,a4
0x000108ea:  ef99              bnez                    a5,30                   # 0x10908

 pc       00000000000108dc
 x0/zero  0000000000000000 x1/ra    000000000001012e x2/sp    00002aaaab2aaed0 x3/gp    0000000000012818
 x4/tp    0000000000000000 x5/t0    00000000000107e6 x6/t1    000000000000000f x7/t2    0000000000000000
 x8/s0    0000000000000000 x9/s1    0000000000012c70 x10/a0   0000000000000000 x11/a1   0000000000000000
 x12/a2   0000000000000000 x13/a3   00000000000115cc x14/a4   0000000000000007 x15/a5   0000000000000000
 x16/a6   000000000000001f x17/a7   0000000000000000 x18/s2   0000000000012c60 x19/s3   ffffffffffffffff
 x20/s4   0000000000000000 x21/s5   0000000000000001 x22/s6   0000000000000000 x23/s7   0000000000000000
 x24/s8   0000000000000000 x25/s9   0000000000000000 x26/s10  0000000000000000 x27/s11  0000000000000000
 x28/t3   0000000000000000 x29/t4   0000000000000000 x30/t5   0000000000000000 x31/t6   0000000000000000
----------------
IN: __call_exitprocs
0x000108ec:  9682              jalr                    ra,a3,0

 pc       00000000000108ec
 x0/zero  0000000000000000 x1/ra    000000000001012e x2/sp    00002aaaab2aaed0 x3/gp    0000000000012818
 x4/tp    0000000000000000 x5/t0    00000000000107e6 x6/t1    000000000000000f x7/t2    0000000000000000
 x8/s0    0000000000000000 x9/s1    0000000000012c70 x10/a0   0000000000000000 x11/a1   0000000000000000
 x12/a2   0000000000000000 x13/a3   00000000000115cc x14/a4   0000000000000001 x15/a5   0000000000000000
 x16/a6   000000000000001f x17/a7   0000000000000000 x18/s2   0000000000012c60 x19/s3   ffffffffffffffff
 x20/s4   0000000000000000 x21/s5   0000000000000001 x22/s6   0000000000000000 x23/s7   0000000000000000
 x24/s8   0000000000000000 x25/s9   0000000000000000 x26/s10  0000000000000000 x27/s11  0000000000000000
 x28/t3   0000000000000000 x29/t4   0000000000000000 x30/t5   0000000000000000 x31/t6   0000000000000000
----------------
IN: __libc_fini_array
0x000115cc:  1101              addi                    sp,sp,-32
0x000115ce:  e822              sd                      s0,16(sp)
0x000115d0:  67c9              lui                     a5,18
0x000115d2:  6449              lui                     s0,18
0x000115d4:  01878793          addi                    a5,a5,24
0x000115d8:  01040413          addi                    s0,s0,16
0x000115dc:  8f81              sub                     a5,a5,s0
0x000115de:  e426              sd                      s1,8(sp)
0x000115e0:  ec06              sd                      ra,24(sp)
0x000115e2:  4037d493          srai                    s1,a5,3
0x000115e6:  c881              beqz                    s1,16                   # 0x115f6

 pc       00000000000115cc
 x0/zero  0000000000000000 x1/ra    00000000000108ee x2/sp    00002aaaab2aaed0 x3/gp    0000000000012818
 x4/tp    0000000000000000 x5/t0    00000000000107e6 x6/t1    000000000000000f x7/t2    0000000000000000
 x8/s0    0000000000000000 x9/s1    0000000000012c70 x10/a0   0000000000000000 x11/a1   0000000000000000
 x12/a2   0000000000000000 x13/a3   00000000000115cc x14/a4   0000000000000001 x15/a5   0000000000000000
 x16/a6   000000000000001f x17/a7   0000000000000000 x18/s2   0000000000012c60 x19/s3   ffffffffffffffff
 x20/s4   0000000000000000 x21/s5   0000000000000001 x22/s6   0000000000000000 x23/s7   0000000000000000
 x24/s8   0000000000000000 x25/s9   0000000000000000 x26/s10  0000000000000000 x27/s11  0000000000000000
 x28/t3   0000000000000000 x29/t4   0000000000000000 x30/t5   0000000000000000 x31/t6   0000000000000000
----------------
IN: __libc_fini_array
0x000115e8:  1461              addi                    s0,s0,-8
0x000115ea:  943e              add                     s0,s0,a5
0x000115ec:  601c              ld                      a5,0(s0)
0x000115ee:  14fd              addi                    s1,s1,-1
0x000115f0:  1461              addi                    s0,s0,-8
0x000115f2:  9782              jalr                    ra,a5,0

 pc       00000000000115e8
 x0/zero  0000000000000000 x1/ra    00000000000108ee x2/sp    00002aaaab2aaeb0 x3/gp    0000000000012818
 x4/tp    0000000000000000 x5/t0    00000000000107e6 x6/t1    000000000000000f x7/t2    0000000000000000
 x8/s0    0000000000012010 x9/s1    0000000000000001 x10/a0   0000000000000000 x11/a1   0000000000000000
 x12/a2   0000000000000000 x13/a3   00000000000115cc x14/a4   0000000000000001 x15/a5   0000000000000008
 x16/a6   000000000000001f x17/a7   0000000000000000 x18/s2   0000000000012c60 x19/s3   ffffffffffffffff
 x20/s4   0000000000000000 x21/s5   0000000000000001 x22/s6   0000000000000000 x23/s7   0000000000000000
 x24/s8   0000000000000000 x25/s9   0000000000000000 x26/s10  0000000000000000 x27/s11  0000000000000000
 x28/t3   0000000000000000 x29/t4   0000000000000000 x30/t5   0000000000000000 x31/t6   0000000000000000
----------------
IN: 
0x000101da:  1141              addi                    sp,sp,-16
0x000101dc:  e022              sd                      s0,0(sp)
0x000101de:  1d81c783          lbu                     a5,472(gp)
0x000101e2:  e406              sd                      ra,8(sp)
0x000101e4:  ef91              bnez                    a5,28                   # 0x10200

 pc       00000000000101da
 x0/zero  0000000000000000 x1/ra    00000000000115f4 x2/sp    00002aaaab2aaeb0 x3/gp    0000000000012818
 x4/tp    0000000000000000 x5/t0    00000000000107e6 x6/t1    000000000000000f x7/t2    0000000000000000
 x8/s0    0000000000012008 x9/s1    0000000000000000 x10/a0   0000000000000000 x11/a1   0000000000000000
 x12/a2   0000000000000000 x13/a3   00000000000115cc x14/a4   0000000000000001 x15/a5   00000000000101da
 x16/a6   000000000000001f x17/a7   0000000000000000 x18/s2   0000000000012c60 x19/s3   ffffffffffffffff
 x20/s4   0000000000000000 x21/s5   0000000000000001 x22/s6   0000000000000000 x23/s7   0000000000000000
 x24/s8   0000000000000000 x25/s9   0000000000000000 x26/s10  0000000000000000 x27/s11  0000000000000000
 x28/t3   0000000000000000 x29/t4   0000000000000000 x30/t5   0000000000000000 x31/t6   0000000000000000
----------------
IN: 
0x000101e6:  00000793          mv                      a5,zero
0x000101ea:  cb81              beqz                    a5,16                   # 0x101fa

 pc       00000000000101e6
 x0/zero  0000000000000000 x1/ra    00000000000115f4 x2/sp    00002aaaab2aaea0 x3/gp    0000000000012818
 x4/tp    0000000000000000 x5/t0    00000000000107e6 x6/t1    000000000000000f x7/t2    0000000000000000
 x8/s0    0000000000012008 x9/s1    0000000000000000 x10/a0   0000000000000000 x11/a1   0000000000000000
 x12/a2   0000000000000000 x13/a3   00000000000115cc x14/a4   0000000000000001 x15/a5   0000000000000000
 x16/a6   000000000000001f x17/a7   0000000000000000 x18/s2   0000000000012c60 x19/s3   ffffffffffffffff
 x20/s4   0000000000000000 x21/s5   0000000000000001 x22/s6   0000000000000000 x23/s7   0000000000000000
 x24/s8   0000000000000000 x25/s9   0000000000000000 x26/s10  0000000000000000 x27/s11  0000000000000000
 x28/t3   0000000000000000 x29/t4   0000000000000000 x30/t5   0000000000000000 x31/t6   0000000000000000
----------------
IN: 
0x000101fa:  4785              addi                    a5,zero,1
0x000101fc:  1cf18c23          sb                      a5,472(gp)
0x00010200:  60a2              ld                      ra,8(sp)
0x00010202:  6402              ld                      s0,0(sp)
0x00010204:  0141              addi                    sp,sp,16
0x00010206:  8082              ret                     

 pc       00000000000101fa
 x0/zero  0000000000000000 x1/ra    00000000000115f4 x2/sp    00002aaaab2aaea0 x3/gp    0000000000012818
 x4/tp    0000000000000000 x5/t0    00000000000107e6 x6/t1    000000000000000f x7/t2    0000000000000000
 x8/s0    0000000000012008 x9/s1    0000000000000000 x10/a0   0000000000000000 x11/a1   0000000000000000
 x12/a2   0000000000000000 x13/a3   00000000000115cc x14/a4   0000000000000001 x15/a5   0000000000000000
 x16/a6   000000000000001f x17/a7   0000000000000000 x18/s2   0000000000012c60 x19/s3   ffffffffffffffff
 x20/s4   0000000000000000 x21/s5   0000000000000001 x22/s6   0000000000000000 x23/s7   0000000000000000
 x24/s8   0000000000000000 x25/s9   0000000000000000 x26/s10  0000000000000000 x27/s11  0000000000000000
 x28/t3   0000000000000000 x29/t4   0000000000000000 x30/t5   0000000000000000 x31/t6   0000000000000000
----------------
IN: __libc_fini_array
0x000115f4:  fce5              bnez                    s1,-8                   # 0x115ec

 pc       00000000000115f4
 x0/zero  0000000000000000 x1/ra    00000000000115f4 x2/sp    00002aaaab2aaeb0 x3/gp    0000000000012818
 x4/tp    0000000000000000 x5/t0    00000000000107e6 x6/t1    000000000000000f x7/t2    0000000000000000
 x8/s0    0000000000012008 x9/s1    0000000000000000 x10/a0   0000000000000000 x11/a1   0000000000000000
 x12/a2   0000000000000000 x13/a3   00000000000115cc x14/a4   0000000000000001 x15/a5   0000000000000001
 x16/a6   000000000000001f x17/a7   0000000000000000 x18/s2   0000000000012c60 x19/s3   ffffffffffffffff
 x20/s4   0000000000000000 x21/s5   0000000000000001 x22/s6   0000000000000000 x23/s7   0000000000000000
 x24/s8   0000000000000000 x25/s9   0000000000000000 x26/s10  0000000000000000 x27/s11  0000000000000000
 x28/t3   0000000000000000 x29/t4   0000000000000000 x30/t5   0000000000000000 x31/t6   0000000000000000
----------------
IN: __libc_fini_array
0x000115f6:  60e2              ld                      ra,24(sp)
0x000115f8:  6442              ld                      s0,16(sp)
0x000115fa:  64a2              ld                      s1,8(sp)
0x000115fc:  6105              addi                    sp,sp,32
0x000115fe:  8082              ret                     

 pc       00000000000115f6
 x0/zero  0000000000000000 x1/ra    00000000000115f4 x2/sp    00002aaaab2aaeb0 x3/gp    0000000000012818
 x4/tp    0000000000000000 x5/t0    00000000000107e6 x6/t1    000000000000000f x7/t2    0000000000000000
 x8/s0    0000000000012008 x9/s1    0000000000000000 x10/a0   0000000000000000 x11/a1   0000000000000000
 x12/a2   0000000000000000 x13/a3   00000000000115cc x14/a4   0000000000000001 x15/a5   0000000000000001
 x16/a6   000000000000001f x17/a7   0000000000000000 x18/s2   0000000000012c60 x19/s3   ffffffffffffffff
 x20/s4   0000000000000000 x21/s5   0000000000000001 x22/s6   0000000000000000 x23/s7   0000000000000000
 x24/s8   0000000000000000 x25/s9   0000000000000000 x26/s10  0000000000000000 x27/s11  0000000000000000
 x28/t3   0000000000000000 x29/t4   0000000000000000 x30/t5   0000000000000000 x31/t6   0000000000000000
----------------
IN: __call_exitprocs
0x000108ee:  00892703          lw                      a4,8(s2)
0x000108f2:  1b01b783          ld                      a5,432(gp)
0x000108f6:  03871763          bne                     a4,s8,46                # 0x10924

 pc       00000000000108ee
 x0/zero  0000000000000000 x1/ra    00000000000108ee x2/sp    00002aaaab2aaed0 x3/gp    0000000000012818
 x4/tp    0000000000000000 x5/t0    00000000000107e6 x6/t1    000000000000000f x7/t2    0000000000000000
 x8/s0    0000000000000000 x9/s1    0000000000012c70 x10/a0   0000000000000000 x11/a1   0000000000000000
 x12/a2   0000000000000000 x13/a3   00000000000115cc x14/a4   0000000000000001 x15/a5   0000000000000001
 x16/a6   000000000000001f x17/a7   0000000000000000 x18/s2   0000000000012c60 x19/s3   ffffffffffffffff
 x20/s4   0000000000000000 x21/s5   0000000000000001 x22/s6   0000000000000000 x23/s7   0000000000000000
 x24/s8   0000000000000000 x25/s9   0000000000000000 x26/s10  0000000000000000 x27/s11  0000000000000000
 x28/t3   0000000000000000 x29/t4   0000000000000000 x30/t5   0000000000000000 x31/t6   0000000000000000
----------------
IN: __call_exitprocs
0x000108fa:  03279563          bne                     a5,s2,42                # 0x10924

 pc       00000000000108fa
 x0/zero  0000000000000000 x1/ra    00000000000108ee x2/sp    00002aaaab2aaed0 x3/gp    0000000000012818
 x4/tp    0000000000000000 x5/t0    00000000000107e6 x6/t1    000000000000000f x7/t2    0000000000000000
 x8/s0    0000000000000000 x9/s1    0000000000012c70 x10/a0   0000000000000000 x11/a1   0000000000000000
 x12/a2   0000000000000000 x13/a3   00000000000115cc x14/a4   0000000000000000 x15/a5   0000000000012c60
 x16/a6   000000000000001f x17/a7   0000000000000000 x18/s2   0000000000012c60 x19/s3   ffffffffffffffff
 x20/s4   0000000000000000 x21/s5   0000000000000001 x22/s6   0000000000000000 x23/s7   0000000000000000
 x24/s8   0000000000000000 x25/s9   0000000000000000 x26/s10  0000000000000000 x27/s11  0000000000000000
 x28/t3   0000000000000000 x29/t4   0000000000000000 x30/t5   0000000000000000 x31/t6   0000000000000000
----------------
IN: __call_exitprocs
0x000108fe:  347d              addiw                   s0,s0,-1
0x00010900:  14e1              addi                    s1,s1,-8
0x00010902:  f9341ee3          bne                     s0,s3,-100              # 0x1089e

 pc       00000000000108fe
 x0/zero  0000000000000000 x1/ra    00000000000108ee x2/sp    00002aaaab2aaed0 x3/gp    0000000000012818
 x4/tp    0000000000000000 x5/t0    00000000000107e6 x6/t1    000000000000000f x7/t2    0000000000000000
 x8/s0    0000000000000000 x9/s1    0000000000012c70 x10/a0   0000000000000000 x11/a1   0000000000000000
 x12/a2   0000000000000000 x13/a3   00000000000115cc x14/a4   0000000000000000 x15/a5   0000000000012c60
 x16/a6   000000000000001f x17/a7   0000000000000000 x18/s2   0000000000012c60 x19/s3   ffffffffffffffff
 x20/s4   0000000000000000 x21/s5   0000000000000001 x22/s6   0000000000000000 x23/s7   0000000000000000
 x24/s8   0000000000000000 x25/s9   0000000000000000 x26/s10  0000000000000000 x27/s11  0000000000000000
 x28/t3   0000000000000000 x29/t4   0000000000000000 x30/t5   0000000000000000 x31/t6   0000000000000000
----------------
IN: __call_exitprocs
0x00010906:  b775              j                       -84                     # 0x108b2

 pc       0000000000010906
 x0/zero  0000000000000000 x1/ra    00000000000108ee x2/sp    00002aaaab2aaed0 x3/gp    0000000000012818
 x4/tp    0000000000000000 x5/t0    00000000000107e6 x6/t1    000000000000000f x7/t2    0000000000000000
 x8/s0    ffffffffffffffff x9/s1    0000000000012c68 x10/a0   0000000000000000 x11/a1   0000000000000000
 x12/a2   0000000000000000 x13/a3   00000000000115cc x14/a4   0000000000000000 x15/a5   0000000000012c60
 x16/a6   000000000000001f x17/a7   0000000000000000 x18/s2   0000000000012c60 x19/s3   ffffffffffffffff
 x20/s4   0000000000000000 x21/s5   0000000000000001 x22/s6   0000000000000000 x23/s7   0000000000000000
 x24/s8   0000000000000000 x25/s9   0000000000000000 x26/s10  0000000000000000 x27/s11  0000000000000000
 x28/t3   0000000000000000 x29/t4   0000000000000000 x30/t5   0000000000000000 x31/t6   0000000000000000
----------------
IN: __call_exitprocs
0x000108b2:  6406              ld                      s0,64(sp)
0x000108b4:  74e2              ld                      s1,56(sp)
0x000108b6:  79a2              ld                      s3,40(sp)
0x000108b8:  6ae2              ld                      s5,24(sp)
0x000108ba:  6b42              ld                      s6,16(sp)
0x000108bc:  6ba2              ld                      s7,8(sp)
0x000108be:  6c02              ld                      s8,0(sp)
0x000108c0:  60a6              ld                      ra,72(sp)
0x000108c2:  7942              ld                      s2,48(sp)
0x000108c4:  7a02              ld                      s4,32(sp)
0x000108c6:  6161              addi                    sp,sp,80
0x000108c8:  8082              ret                     

 pc       00000000000108b2
 x0/zero  0000000000000000 x1/ra    00000000000108ee x2/sp    00002aaaab2aaed0 x3/gp    0000000000012818
 x4/tp    0000000000000000 x5/t0    00000000000107e6 x6/t1    000000000000000f x7/t2    0000000000000000
 x8/s0    ffffffffffffffff x9/s1    0000000000012c68 x10/a0   0000000000000000 x11/a1   0000000000000000
 x12/a2   0000000000000000 x13/a3   00000000000115cc x14/a4   0000000000000000 x15/a5   0000000000012c60
 x16/a6   000000000000001f x17/a7   0000000000000000 x18/s2   0000000000012c60 x19/s3   ffffffffffffffff
 x20/s4   0000000000000000 x21/s5   0000000000000001 x22/s6   0000000000000000 x23/s7   0000000000000000
 x24/s8   0000000000000000 x25/s9   0000000000000000 x26/s10  0000000000000000 x27/s11  0000000000000000
 x28/t3   0000000000000000 x29/t4   0000000000000000 x30/t5   0000000000000000 x31/t6   0000000000000000
----------------
IN: exit
0x0001012e:  1a01b783          ld                      a5,416(gp)
0x00010132:  c391              beqz                    a5,4                    # 0x10136

 pc       000000000001012e
 x0/zero  0000000000000000 x1/ra    000000000001012e x2/sp    00002aaaab2aaf20 x3/gp    0000000000012818
 x4/tp    0000000000000000 x5/t0    00000000000107e6 x6/t1    000000000000000f x7/t2    0000000000000000
 x8/s0    0000000000000000 x9/s1    0000000000000000 x10/a0   0000000000000000 x11/a1   0000000000000000
 x12/a2   0000000000000000 x13/a3   00000000000115cc x14/a4   0000000000000000 x15/a5   0000000000012c60
 x16/a6   000000000000001f x17/a7   0000000000000000 x18/s2   0000000000000000 x19/s3   0000000000000000
 x20/s4   0000000000000000 x21/s5   0000000000000000 x22/s6   0000000000000000 x23/s7   0000000000000000
 x24/s8   0000000000000000 x25/s9   0000000000000000 x26/s10  0000000000000000 x27/s11  0000000000000000
 x28/t3   0000000000000000 x29/t4   0000000000000000 x30/t5   0000000000000000 x31/t6   0000000000000000
----------------
IN: exit
0x00010136:  8522              mv                      a0,s0
0x00010138:  560010ef          jal                     ra,5472                 # 0x11698

 pc       0000000000010136
 x0/zero  0000000000000000 x1/ra    000000000001012e x2/sp    00002aaaab2aaf20 x3/gp    0000000000012818
 x4/tp    0000000000000000 x5/t0    00000000000107e6 x6/t1    000000000000000f x7/t2    0000000000000000
 x8/s0    0000000000000000 x9/s1    0000000000000000 x10/a0   0000000000000000 x11/a1   0000000000000000
 x12/a2   0000000000000000 x13/a3   00000000000115cc x14/a4   0000000000000000 x15/a5   0000000000000000
 x16/a6   000000000000001f x17/a7   0000000000000000 x18/s2   0000000000000000 x19/s3   0000000000000000
 x20/s4   0000000000000000 x21/s5   0000000000000000 x22/s6   0000000000000000 x23/s7   0000000000000000
 x24/s8   0000000000000000 x25/s9   0000000000000000 x26/s10  0000000000000000 x27/s11  0000000000000000
 x28/t3   0000000000000000 x29/t4   0000000000000000 x30/t5   0000000000000000 x31/t6   0000000000000000
----------------
IN: _exit
0x00011698:  05d00893          addi                    a7,zero,93
0x0001169c:  00000073          ecall                   

 pc       0000000000011698
 x0/zero  0000000000000000 x1/ra    000000000001013c x2/sp    00002aaaab2aaf20 x3/gp    0000000000012818
 x4/tp    0000000000000000 x5/t0    00000000000107e6 x6/t1    000000000000000f x7/t2    0000000000000000
 x8/s0    0000000000000000 x9/s1    0000000000000000 x10/a0   0000000000000000 x11/a1   0000000000000000
 x12/a2   0000000000000000 x13/a3   00000000000115cc x14/a4   0000000000000000 x15/a5   0000000000000000
 x16/a6   000000000000001f x17/a7   0000000000000000 x18/s2   0000000000000000 x19/s3   0000000000000000
 x20/s4   0000000000000000 x21/s5   0000000000000000 x22/s6   0000000000000000 x23/s7   0000000000000000
 x24/s8   0000000000000000 x25/s9   0000000000000000 x26/s10  0000000000000000 x27/s11  0000000000000000
 x28/t3   0000000000000000 x29/t4   0000000000000000 x30/t5   0000000000000000 x31/t6   0000000000000000
